-- Found ament_cmake: 1.3.8 (/opt/ros/humble/share/ament_cmake/cmake)
-- Found rclcpp: 16.0.8 (/opt/ros/humble/share/rclcpp/cmake)
-- Found rosidl_generator_c: 3.1.5 (/opt/ros/humble/share/rosidl_generator_c/cmake)
-- Found rosidl_adapter: 3.1.5 (/opt/ros/humble/share/rosidl_adapter/cmake)
-- Found rosidl_generator_cpp: 3.1.5 (/opt/ros/humble/share/rosidl_generator_cpp/cmake)
-- Using all available rosidl_typesupport_c: rosidl_typesupport_fastrtps_c;rosidl_typesupport_introspection_c
-- Using all available rosidl_typesupport_cpp: rosidl_typesupport_fastrtps_cpp;rosidl_typesupport_introspection_cpp
-- Found rmw_implementation_cmake: 6.1.1 (/opt/ros/humble/share/rmw_implementation_cmake/cmake)
-- Found rmw_fastrtps_cpp: 6.2.6 (/opt/ros/humble/share/rmw_fastrtps_cpp/cmake)
-- Using RMW implementation 'rmw_fastrtps_cpp' as default
-- Found ament_lint_auto: 0.12.10 (/opt/ros/humble/share/ament_lint_auto/cmake)
-- Added test 'cppcheck' to perform static code analysis on C / C++ code
-- Configured cppcheck include dirs: 
-- Configured cppcheck exclude dirs and/or files: 
-- Added test 'lint_cmake' to check CMake code style
-- Added test 'uncrustify' to check C / C++ code style
-- Configured uncrustify additional arguments: 
-- Added test 'xmllint' to check XML markup files
-- Configuring done
-- Generating done
-- Build files have been written to: /home/tzq/town_ws/build/village_wang
[35m[1mConsolidate compiler generated dependencies of target wang2_node[0m
[ 50%] [32mBuilding CXX object CMakeFiles/wang2_node.dir/src/wang2.cpp.o[0m
[01m[K/home/tzq/town_ws/src/village_wang/src/wang2.cpp:[m[K In constructor ‘[01m[KsingleDogNode::singleDogNode(std::string)[m[K’:
[01m[K/home/tzq/town_ws/src/village_wang/src/wang2.cpp:22:103:[m[K [01;31m[Kerror: [m[Kinvalid use of non-static member function ‘[01m[Kvoid singleDogNode::novel_callback(std_msgs::msg::String_<std::allocator<void> >::SharedPtr)[m[K’
   22 | sgs::msg::String>("sexy_girl",10,std::bind([01;31m[KsingleDogNode::novel_callback[m[K,this,_1));
      |                                            [01;31m[K~~~~~~~~~~~~~~~^~~~~~~~~~~~~~[m[K

[01m[K/home/tzq/town_ws/src/village_wang/src/wang2.cpp:13:10:[m[K [01;36m[Knote: [m[Kdeclared here
   13 |     void [01;36m[Knovel_callback[m[K(const std_msgs::msg::String::SharedPtr novels)
      |          [01;36m[K^~~~~~~~~~~~~~[m[K
gmake[2]: *** [CMakeFiles/wang2_node.dir/build.make:76：CMakeFiles/wang2_node.dir/src/wang2.cpp.o] 错误 1
gmake[1]: *** [CMakeFiles/Makefile2:137：CMakeFiles/wang2_node.dir/all] 错误 2
gmake: *** [Makefile:146：all] 错误 2
