[0.547s] Invoking command in '/home/tzq/town_ws/build/village_wang': CMAKE_PREFIX_PATH=${CMAKE_PREFIX_PATH}:/home/tzq/town_ws/install/village_li:/opt/ros/humble /usr/bin/cmake --build /home/tzq/town_ws/build/village_wang -- -j2 -l2
[0.625s] -- Found ament_cmake: 1.3.8 (/opt/ros/humble/share/ament_cmake/cmake)
[1.004s] -- Found rclcpp: 16.0.8 (/opt/ros/humble/share/rclcpp/cmake)
[1.115s] -- Found rosidl_generator_c: 3.1.5 (/opt/ros/humble/share/rosidl_generator_c/cmake)
[1.139s] -- Found rosidl_adapter: 3.1.5 (/opt/ros/humble/share/rosidl_adapter/cmake)
[1.164s] -- Found rosidl_generator_cpp: 3.1.5 (/opt/ros/humble/share/rosidl_generator_cpp/cmake)
[1.202s] -- Using all available rosidl_typesupport_c: rosidl_typesupport_fastrtps_c;rosidl_typesupport_introspection_c
[1.263s] -- Using all available rosidl_typesupport_cpp: rosidl_typesupport_fastrtps_cpp;rosidl_typesupport_introspection_cpp
[1.485s] -- Found rmw_implementation_cmake: 6.1.1 (/opt/ros/humble/share/rmw_implementation_cmake/cmake)
[1.492s] -- Found rmw_fastrtps_cpp: 6.2.6 (/opt/ros/humble/share/rmw_fastrtps_cpp/cmake)
[1.856s] -- Using RMW implementation 'rmw_fastrtps_cpp' as default
[2.155s] -- Found ament_lint_auto: 0.12.10 (/opt/ros/humble/share/ament_lint_auto/cmake)
[2.332s] -- Added test 'cppcheck' to perform static code analysis on C / C++ code
[2.332s] -- Configured cppcheck include dirs: 
[2.332s] -- Configured cppcheck exclude dirs and/or files: 
[2.335s] -- Added test 'lint_cmake' to check CMake code style
[2.338s] -- Added test 'uncrustify' to check C / C++ code style
[2.338s] -- Configured uncrustify additional arguments: 
[2.340s] -- Added test 'xmllint' to check XML markup files
[2.348s] -- Configuring done
[2.389s] -- Generating done
[2.390s] -- Build files have been written to: /home/tzq/town_ws/build/village_wang
[2.445s] [35m[1mConsolidate compiler generated dependencies of target wang2_node[0m
[2.499s] [ 50%] [32mBuilding CXX object CMakeFiles/wang2_node.dir/src/wang2.cpp.o[0m
[6.021s] [01m[K/home/tzq/town_ws/src/village_wang/src/wang2.cpp:[m[K In constructor ‘[01m[KsingleDogNode::singleDogNode(std::string)[m[K’:
[6.021s] [01m[K/home/tzq/town_ws/src/village_wang/src/wang2.cpp:22:103:[m[K [01;31m[Kerror: [m[Kinvalid use of non-static member function ‘[01m[Kvoid singleDogNode::novel_callback(std_msgs::msg::String_<std::allocator<void> >::SharedPtr)[m[K’
[6.021s]    22 | sgs::msg::String>("sexy_girl",10,std::bind([01;31m[KsingleDogNode::novel_callback[m[K,this,_1));
[6.022s]       |                                            [01;31m[K~~~~~~~~~~~~~~~^~~~~~~~~~~~~~[m[K
[6.022s] 
[6.022s] [01m[K/home/tzq/town_ws/src/village_wang/src/wang2.cpp:13:10:[m[K [01;36m[Knote: [m[Kdeclared here
[6.022s]    13 |     void [01;36m[Knovel_callback[m[K(const std_msgs::msg::String::SharedPtr novels)
[6.022s]       |          [01;36m[K^~~~~~~~~~~~~~[m[K
[6.633s] gmake[2]: *** [CMakeFiles/wang2_node.dir/build.make:76：CMakeFiles/wang2_node.dir/src/wang2.cpp.o] 错误 1
[6.634s] gmake[1]: *** [CMakeFiles/Makefile2:137：CMakeFiles/wang2_node.dir/all] 错误 2
[6.634s] gmake: *** [Makefile:146：all] 错误 2
[6.638s] Invoked command in '/home/tzq/town_ws/build/village_wang' returned '2': CMAKE_PREFIX_PATH=${CMAKE_PREFIX_PATH}:/home/tzq/town_ws/install/village_li:/opt/ros/humble /usr/bin/cmake --build /home/tzq/town_ws/build/village_wang -- -j2 -l2
