[0.944s] DEBUG:colcon:Command line arguments: ['/usr/bin/colcon', 'build', '--packages-select', 'village_li']
[0.944s] DEBUG:colcon:Parsed command line arguments: Namespace(log_base=None, log_level=None, verb_name='build', build_base='build', install_base='install', merge_install=False, symlink_install=False, test_result_base=None, continue_on_error=False, executor='parallel', parallel_workers=2, event_handlers=None, ignore_user_meta=False, metas=['./colcon.meta'], base_paths=['.'], packages_ignore=None, packages_ignore_regex=None, paths=None, packages_up_to=None, packages_up_to_regex=None, packages_above=None, packages_above_and_dependencies=None, packages_above_depth=None, packages_select_by_dep=None, packages_skip_by_dep=None, packages_skip_up_to=None, packages_select_build_failed=False, packages_skip_build_finished=False, packages_select_test_failures=False, packages_skip_test_passed=False, packages_select=['village_li'], packages_skip=None, packages_select_regex=None, packages_skip_regex=None, packages_start=None, packages_end=None, allow_overriding=[], cmake_args=None, cmake_target=None, cmake_target_skip_unavailable=False, cmake_clean_cache=False, cmake_clean_first=False, cmake_force_configure=False, ament_cmake_args=None, catkin_cmake_args=None, catkin_skip_building_tests=False, verb_parser=<colcon_defaults.argument_parser.defaults.DefaultArgumentsDecorator object at 0x75bfca9bcf40>, verb_extension=<colcon_core.verb.build.BuildVerb object at 0x75bfca9e6290>, main=<bound method BuildVerb.main of <colcon_core.verb.build.BuildVerb object at 0x75bfca9e6290>>)
[1.024s] Level 1:colcon.colcon_core.package_discovery:discover_packages(colcon_meta) check parameters
[1.024s] Level 1:colcon.colcon_core.package_discovery:discover_packages(recursive) check parameters
[1.024s] Level 1:colcon.colcon_core.package_discovery:discover_packages(ignore) check parameters
[1.024s] Level 1:colcon.colcon_core.package_discovery:discover_packages(path) check parameters
[1.024s] Level 1:colcon.colcon_core.package_discovery:discover_packages(colcon_meta) discover
[1.024s] Level 1:colcon.colcon_core.package_discovery:discover_packages(recursive) discover
[1.024s] INFO:colcon.colcon_core.package_discovery:Crawling recursively for packages in '/home/tzq/town_ws'
[1.024s] Level 1:colcon.colcon_core.package_identification:_identify(.) by extensions ['ignore', 'ignore_ament_install']
[1.025s] Level 1:colcon.colcon_core.package_identification:_identify(.) by extension 'ignore'
[1.025s] Level 1:colcon.colcon_core.package_identification:_identify(.) by extension 'ignore_ament_install'
[1.025s] Level 1:colcon.colcon_core.package_identification:_identify(.) by extensions ['colcon_pkg']
[1.025s] Level 1:colcon.colcon_core.package_identification:_identify(.) by extension 'colcon_pkg'
[1.025s] Level 1:colcon.colcon_core.package_identification:_identify(.) by extensions ['colcon_meta']
[1.025s] Level 1:colcon.colcon_core.package_identification:_identify(.) by extension 'colcon_meta'
[1.025s] Level 1:colcon.colcon_core.package_identification:_identify(.) by extensions ['ros']
[1.025s] Level 1:colcon.colcon_core.package_identification:_identify(.) by extension 'ros'
[1.048s] Level 1:colcon.colcon_core.package_identification:_identify(.) by extensions ['cmake', 'python']
[1.048s] Level 1:colcon.colcon_core.package_identification:_identify(.) by extension 'cmake'
[1.049s] Level 1:colcon.colcon_core.package_identification:_identify(.) by extension 'python'
[1.049s] Level 1:colcon.colcon_core.package_identification:_identify(.) by extensions ['python_setup_py']
[1.049s] Level 1:colcon.colcon_core.package_identification:_identify(.) by extension 'python_setup_py'
[1.049s] Level 1:colcon.colcon_core.package_identification:_identify(build) by extensions ['ignore', 'ignore_ament_install']
[1.049s] Level 1:colcon.colcon_core.package_identification:_identify(build) by extension 'ignore'
[1.049s] Level 1:colcon.colcon_core.package_identification:_identify(build) ignored
[1.049s] Level 1:colcon.colcon_core.package_identification:_identify(install) by extensions ['ignore', 'ignore_ament_install']
[1.049s] Level 1:colcon.colcon_core.package_identification:_identify(install) by extension 'ignore'
[1.049s] Level 1:colcon.colcon_core.package_identification:_identify(install) ignored
[1.049s] Level 1:colcon.colcon_core.package_identification:_identify(log) by extensions ['ignore', 'ignore_ament_install']
[1.050s] Level 1:colcon.colcon_core.package_identification:_identify(log) by extension 'ignore'
[1.050s] Level 1:colcon.colcon_core.package_identification:_identify(log) ignored
[1.050s] Level 1:colcon.colcon_core.package_identification:_identify(src) by extensions ['ignore', 'ignore_ament_install']
[1.050s] Level 1:colcon.colcon_core.package_identification:_identify(src) by extension 'ignore'
[1.050s] Level 1:colcon.colcon_core.package_identification:_identify(src) by extension 'ignore_ament_install'
[1.050s] Level 1:colcon.colcon_core.package_identification:_identify(src) by extensions ['colcon_pkg']
[1.050s] Level 1:colcon.colcon_core.package_identification:_identify(src) by extension 'colcon_pkg'
[1.050s] Level 1:colcon.colcon_core.package_identification:_identify(src) by extensions ['colcon_meta']
[1.050s] Level 1:colcon.colcon_core.package_identification:_identify(src) by extension 'colcon_meta'
[1.050s] Level 1:colcon.colcon_core.package_identification:_identify(src) by extensions ['ros']
[1.050s] Level 1:colcon.colcon_core.package_identification:_identify(src) by extension 'ros'
[1.050s] Level 1:colcon.colcon_core.package_identification:_identify(src) by extensions ['cmake', 'python']
[1.050s] Level 1:colcon.colcon_core.package_identification:_identify(src) by extension 'cmake'
[1.050s] Level 1:colcon.colcon_core.package_identification:_identify(src) by extension 'python'
[1.050s] Level 1:colcon.colcon_core.package_identification:_identify(src) by extensions ['python_setup_py']
[1.050s] Level 1:colcon.colcon_core.package_identification:_identify(src) by extension 'python_setup_py'
[1.050s] Level 1:colcon.colcon_core.package_identification:_identify(src/build) by extensions ['ignore', 'ignore_ament_install']
[1.050s] Level 1:colcon.colcon_core.package_identification:_identify(src/build) by extension 'ignore'
[1.050s] Level 1:colcon.colcon_core.package_identification:_identify(src/build) ignored
[1.051s] Level 1:colcon.colcon_core.package_identification:_identify(src/install) by extensions ['ignore', 'ignore_ament_install']
[1.051s] Level 1:colcon.colcon_core.package_identification:_identify(src/install) by extension 'ignore'
[1.051s] Level 1:colcon.colcon_core.package_identification:_identify(src/install) ignored
[1.051s] Level 1:colcon.colcon_core.package_identification:_identify(src/log) by extensions ['ignore', 'ignore_ament_install']
[1.051s] Level 1:colcon.colcon_core.package_identification:_identify(src/log) by extension 'ignore'
[1.051s] Level 1:colcon.colcon_core.package_identification:_identify(src/log) ignored
[1.051s] Level 1:colcon.colcon_core.package_identification:_identify(src/village_li) by extensions ['ignore', 'ignore_ament_install']
[1.051s] Level 1:colcon.colcon_core.package_identification:_identify(src/village_li) by extension 'ignore'
[1.051s] Level 1:colcon.colcon_core.package_identification:_identify(src/village_li) by extension 'ignore_ament_install'
[1.051s] Level 1:colcon.colcon_core.package_identification:_identify(src/village_li) by extensions ['colcon_pkg']
[1.051s] Level 1:colcon.colcon_core.package_identification:_identify(src/village_li) by extension 'colcon_pkg'
[1.051s] Level 1:colcon.colcon_core.package_identification:_identify(src/village_li) by extensions ['colcon_meta']
[1.051s] Level 1:colcon.colcon_core.package_identification:_identify(src/village_li) by extension 'colcon_meta'
[1.052s] Level 1:colcon.colcon_core.package_identification:_identify(src/village_li) by extensions ['ros']
[1.052s] Level 1:colcon.colcon_core.package_identification:_identify(src/village_li) by extension 'ros'
[1.057s] DEBUG:colcon.colcon_core.package_identification:Package 'src/village_li' with type 'ros.ament_python' and name 'village_li'
[1.057s] Level 1:colcon.colcon_core.package_identification:_identify(src/village_wang) by extensions ['ignore', 'ignore_ament_install']
[1.058s] Level 1:colcon.colcon_core.package_identification:_identify(src/village_wang) by extension 'ignore'
[1.058s] Level 1:colcon.colcon_core.package_identification:_identify(src/village_wang) by extension 'ignore_ament_install'
[1.058s] Level 1:colcon.colcon_core.package_identification:_identify(src/village_wang) by extensions ['colcon_pkg']
[1.058s] Level 1:colcon.colcon_core.package_identification:_identify(src/village_wang) by extension 'colcon_pkg'
[1.058s] Level 1:colcon.colcon_core.package_identification:_identify(src/village_wang) by extensions ['colcon_meta']
[1.058s] Level 1:colcon.colcon_core.package_identification:_identify(src/village_wang) by extension 'colcon_meta'
[1.058s] Level 1:colcon.colcon_core.package_identification:_identify(src/village_wang) by extensions ['ros']
[1.058s] Level 1:colcon.colcon_core.package_identification:_identify(src/village_wang) by extension 'ros'
[1.059s] DEBUG:colcon.colcon_core.package_identification:Package 'src/village_wang' with type 'ros.ament_cmake' and name 'village_wang'
[1.059s] Level 1:colcon.colcon_core.package_discovery:discover_packages(recursive) using defaults
[1.059s] Level 1:colcon.colcon_core.package_discovery:discover_packages(ignore) discover
[1.059s] Level 1:colcon.colcon_core.package_discovery:discover_packages(ignore) using defaults
[1.059s] Level 1:colcon.colcon_core.package_discovery:discover_packages(path) discover
[1.059s] Level 1:colcon.colcon_core.package_discovery:discover_packages(path) using defaults
[1.136s] INFO:colcon.colcon_core.package_selection:Skipping not selected package 'village_wang' in 'src/village_wang'
[1.163s] Level 1:colcon.colcon_core.package_discovery:discover_packages(prefix_path) check parameters
[1.163s] Level 1:colcon.colcon_core.package_discovery:discover_packages(prefix_path) discover
[1.200s] DEBUG:colcon.colcon_installed_package_information.package_discovery:Found 1 installed packages in /home/tzq/town_ws/install
[1.224s] DEBUG:colcon.colcon_installed_package_information.package_discovery:Found 270 installed packages in /opt/ros/humble
[1.225s] Level 1:colcon.colcon_core.package_discovery:discover_packages(prefix_path) using defaults
[1.375s] Level 5:colcon.colcon_core.verb:set package 'village_li' build argument 'cmake_args' from command line to 'None'
[1.375s] Level 5:colcon.colcon_core.verb:set package 'village_li' build argument 'cmake_target' from command line to 'None'
[1.375s] Level 5:colcon.colcon_core.verb:set package 'village_li' build argument 'cmake_target_skip_unavailable' from command line to 'False'
[1.375s] Level 5:colcon.colcon_core.verb:set package 'village_li' build argument 'cmake_clean_cache' from command line to 'False'
[1.375s] Level 5:colcon.colcon_core.verb:set package 'village_li' build argument 'cmake_clean_first' from command line to 'False'
[1.375s] Level 5:colcon.colcon_core.verb:set package 'village_li' build argument 'cmake_force_configure' from command line to 'False'
[1.375s] Level 5:colcon.colcon_core.verb:set package 'village_li' build argument 'ament_cmake_args' from command line to 'None'
[1.375s] Level 5:colcon.colcon_core.verb:set package 'village_li' build argument 'catkin_cmake_args' from command line to 'None'
[1.375s] Level 5:colcon.colcon_core.verb:set package 'village_li' build argument 'catkin_skip_building_tests' from command line to 'False'
[1.375s] DEBUG:colcon.colcon_core.verb:Building package 'village_li' with the following arguments: {'ament_cmake_args': None, 'build_base': '/home/tzq/town_ws/build/village_li', 'catkin_cmake_args': None, 'catkin_skip_building_tests': False, 'cmake_args': None, 'cmake_clean_cache': False, 'cmake_clean_first': False, 'cmake_force_configure': False, 'cmake_target': None, 'cmake_target_skip_unavailable': False, 'install_base': '/home/tzq/town_ws/install/village_li', 'merge_install': False, 'path': '/home/tzq/town_ws/src/village_li', 'symlink_install': False, 'test_result_base': None}
[1.390s] INFO:colcon.colcon_core.executor:Executing jobs using 'parallel' executor
[1.405s] DEBUG:colcon.colcon_parallel_executor.executor.parallel:run_until_complete
[1.406s] INFO:colcon.colcon_ros.task.ament_python.build:Building ROS package in '/home/tzq/town_ws/src/village_li' with build type 'ament_python'
[1.406s] Level 1:colcon.colcon_core.shell:create_environment_hook('village_li', 'ament_prefix_path')
[1.438s] INFO:colcon.colcon_core.plugin_system:Skipping extension 'colcon_core.shell.bat': Not used on non-Windows systems
[1.439s] INFO:colcon.colcon_core.shell:Creating environment hook '/home/tzq/town_ws/install/village_li/share/village_li/hook/ament_prefix_path.ps1'
[1.442s] INFO:colcon.colcon_core.shell:Creating environment descriptor '/home/tzq/town_ws/install/village_li/share/village_li/hook/ament_prefix_path.dsv'
[1.443s] INFO:colcon.colcon_core.shell:Creating environment hook '/home/tzq/town_ws/install/village_li/share/village_li/hook/ament_prefix_path.sh'
[1.469s] INFO:colcon.colcon_core.shell:Skip shell extension 'powershell' for command environment: Not usable outside of PowerShell
[1.469s] DEBUG:colcon.colcon_core.shell:Skip shell extension 'dsv' for command environment
[1.872s] INFO:colcon.colcon_core.task.python.build:Building Python package in '/home/tzq/town_ws/src/village_li'
[1.881s] INFO:colcon.colcon_core.shell:Skip shell extension 'powershell' for command environment: Not usable outside of PowerShell
[1.881s] DEBUG:colcon.colcon_core.shell:Skip shell extension 'dsv' for command environment
[2.547s] DEBUG:colcon.colcon_core.event_handler.log_command:Invoking command in '/home/tzq/town_ws/src/village_li': PYTHONPATH=/home/tzq/town_ws/build/village_li/prefix_override:/home/tzq/town_ws/install/village_li/lib/python3.10/site-packages:${PYTHONPATH} /usr/bin/python3 setup.py egg_info --egg-base ../../build/village_li build --build-base /home/tzq/town_ws/build/village_li/build install --record /home/tzq/town_ws/build/village_li/install.log --single-version-externally-managed
[2.836s] DEBUG:colcon.colcon_core.event_handler.log_command:Invoked command in '/home/tzq/town_ws/src/village_li' returned '0': PYTHONPATH=/home/tzq/town_ws/build/village_li/prefix_override:/home/tzq/town_ws/install/village_li/lib/python3.10/site-packages:${PYTHONPATH} /usr/bin/python3 setup.py egg_info --egg-base ../../build/village_li build --build-base /home/tzq/town_ws/build/village_li/build install --record /home/tzq/town_ws/build/village_li/install.log --single-version-externally-managed
[2.861s] Level 1:colcon.colcon_core.environment:checking '/home/tzq/town_ws/install/village_li' for CMake module files
[2.863s] Level 1:colcon.colcon_core.environment:checking '/home/tzq/town_ws/install/village_li' for CMake config files
[2.864s] Level 1:colcon.colcon_core.environment:checking '/home/tzq/town_ws/install/village_li/lib'
[2.864s] Level 1:colcon.colcon_core.environment:checking '/home/tzq/town_ws/install/village_li/bin'
[2.864s] Level 1:colcon.colcon_core.environment:checking '/home/tzq/town_ws/install/village_li/lib/pkgconfig/village_li.pc'
[2.864s] Level 1:colcon.colcon_core.environment:checking '/home/tzq/town_ws/install/village_li/lib/python3.10/site-packages'
[2.864s] Level 1:colcon.colcon_core.shell:create_environment_hook('village_li', 'pythonpath')
[2.877s] INFO:colcon.colcon_core.shell:Creating environment hook '/home/tzq/town_ws/install/village_li/share/village_li/hook/pythonpath.ps1'
[2.878s] INFO:colcon.colcon_core.shell:Creating environment descriptor '/home/tzq/town_ws/install/village_li/share/village_li/hook/pythonpath.dsv'
[2.878s] INFO:colcon.colcon_core.shell:Creating environment hook '/home/tzq/town_ws/install/village_li/share/village_li/hook/pythonpath.sh'
[2.879s] Level 1:colcon.colcon_core.environment:checking '/home/tzq/town_ws/install/village_li/bin'
[2.879s] Level 1:colcon.colcon_core.environment:create_environment_scripts_only(village_li)
[2.888s] INFO:colcon.colcon_core.shell:Creating package script '/home/tzq/town_ws/install/village_li/share/village_li/package.ps1'
[2.889s] INFO:colcon.colcon_core.shell:Creating package descriptor '/home/tzq/town_ws/install/village_li/share/village_li/package.dsv'
[2.890s] INFO:colcon.colcon_core.shell:Creating package script '/home/tzq/town_ws/install/village_li/share/village_li/package.sh'
[2.891s] INFO:colcon.colcon_core.shell:Creating package script '/home/tzq/town_ws/install/village_li/share/village_li/package.bash'
[2.892s] INFO:colcon.colcon_core.shell:Creating package script '/home/tzq/town_ws/install/village_li/share/village_li/package.zsh'
[2.893s] Level 1:colcon.colcon_core.environment:create_file_with_runtime_dependencies(/home/tzq/town_ws/install/village_li/share/colcon-core/packages/village_li)
[2.893s] DEBUG:colcon.colcon_parallel_executor.executor.parallel:closing loop
[2.894s] DEBUG:colcon.colcon_parallel_executor.executor.parallel:loop closed
[2.894s] DEBUG:colcon.colcon_parallel_executor.executor.parallel:run_until_complete finished with '0'
[2.894s] DEBUG:colcon.colcon_core.event_reactor:joining thread
[2.928s] INFO:colcon.colcon_core.plugin_system:Skipping extension 'colcon_notification.desktop_notification.terminal_notifier': Not used on non-Darwin systems
[2.929s] INFO:colcon.colcon_core.plugin_system:Skipping extension 'colcon_notification.desktop_notification.win32': Not used on non-Windows systems
[2.929s] INFO:colcon.colcon_notification.desktop_notification:Sending desktop notification using 'notify2'
[2.952s] DEBUG:colcon.colcon_core.event_reactor:joined thread
[2.961s] INFO:colcon.colcon_core.shell:Creating prefix script '/home/tzq/town_ws/install/local_setup.ps1'
[2.963s] INFO:colcon.colcon_core.shell:Creating prefix util module '/home/tzq/town_ws/install/_local_setup_util_ps1.py'
[2.966s] INFO:colcon.colcon_core.shell:Creating prefix chain script '/home/tzq/town_ws/install/setup.ps1'
[2.983s] INFO:colcon.colcon_core.shell:Creating prefix script '/home/tzq/town_ws/install/local_setup.sh'
[2.984s] INFO:colcon.colcon_core.shell:Creating prefix util module '/home/tzq/town_ws/install/_local_setup_util_sh.py'
[2.986s] INFO:colcon.colcon_core.shell:Creating prefix chain script '/home/tzq/town_ws/install/setup.sh'
[3.000s] INFO:colcon.colcon_core.shell:Creating prefix script '/home/tzq/town_ws/install/local_setup.bash'
[3.001s] INFO:colcon.colcon_core.shell:Creating prefix chain script '/home/tzq/town_ws/install/setup.bash'
[3.011s] INFO:colcon.colcon_core.shell:Creating prefix script '/home/tzq/town_ws/install/local_setup.zsh'
[3.012s] INFO:colcon.colcon_core.shell:Creating prefix chain script '/home/tzq/town_ws/install/setup.zsh'
