[0.769s] Invoking command in '/home/tzq/town_ws/src/village_li': PYTHONPATH=/home/tzq/town_ws/build/village_li/prefix_override:/home/tzq/town_ws/install/village_li/lib/python3.10/site-packages:${PYTHONPATH} /usr/bin/python3 setup.py egg_info --egg-base ../../build/village_li build --build-base /home/tzq/town_ws/build/village_li/build install --record /home/tzq/town_ws/build/village_li/install.log --single-version-externally-managed
[0.987s] running egg_info
[0.988s] writing ../../build/village_li/village_li.egg-info/PKG-INFO
[0.989s] writing dependency_links to ../../build/village_li/village_li.egg-info/dependency_links.txt
[0.990s] writing entry points to ../../build/village_li/village_li.egg-info/entry_points.txt
[0.991s] writing requirements to ../../build/village_li/village_li.egg-info/requires.txt
[0.992s] writing top-level names to ../../build/village_li/village_li.egg-info/top_level.txt
[0.994s] reading manifest file '../../build/village_li/village_li.egg-info/SOURCES.txt'
[0.996s] writing manifest file '../../build/village_li/village_li.egg-info/SOURCES.txt'
[0.996s] running build
[0.997s] running build_py
[0.998s] running install
[0.998s] /usr/lib/python3/dist-packages/setuptools/command/install.py:34: SetuptoolsDeprecationWarning: setup.py install is deprecated. Use build and pip and other standards-based tools.
[0.998s]   warnings.warn(
[0.999s] running install_lib
[1.001s] running install_data
[1.001s] running install_egg_info
[1.003s] removing '/home/tzq/town_ws/install/village_li/lib/python3.10/site-packages/village_li-0.0.0-py3.10.egg-info' (and everything under it)
[1.004s] Copying ../../build/village_li/village_li.egg-info to /home/tzq/town_ws/install/village_li/lib/python3.10/site-packages/village_li-0.0.0-py3.10.egg-info
[1.006s] running install_scripts
[1.025s] Installing li4_node=village_li.li4:mainli3_node script to /home/tzq/town_ws/install/village_li/lib/village_li
[1.026s] writing list of installed files to '/home/tzq/town_ws/build/village_li/install.log'
[1.068s] Invoked command in '/home/tzq/town_ws/src/village_li' returned '0': PYTHONPATH=/home/tzq/town_ws/build/village_li/prefix_override:/home/tzq/town_ws/install/village_li/lib/python3.10/site-packages:${PYTHONPATH} /usr/bin/python3 setup.py egg_info --egg-base ../../build/village_li build --build-base /home/tzq/town_ws/build/village_li/build install --record /home/tzq/town_ws/build/village_li/install.log --single-version-externally-managed
