[0.159s] Invoking command in '/home/tzq/town_ws/build/village_interfaces': CMAKE_PREFIX_PATH=${CMAKE_PREFIX_PATH}:/home/tzq/town_ws/install/village_li:/opt/ros/humble /usr/bin/cmake --build /home/tzq/town_ws/build/village_interfaces -- -j2 -l2
[0.384s] [35m[1mConsolidate compiler generated dependencies of target village_interfaces__rosidl_generator_c[0m
[0.401s] [  2%] Built target village_interfaces__cpp
[0.415s] [ 12%] Built target village_interfaces__rosidl_generator_c
[0.459s] [35m[1mConsolidate compiler generated dependencies of target village_interfaces__rosidl_typesupport_cpp[0m
[0.509s] [ 12%] Built target ament_cmake_python_copy_village_interfaces
[0.521s] [ 23%] Built target village_interfaces__rosidl_typesupport_cpp
[0.563s] [35m[1mConsolidate compiler generated dependencies of target village_interfaces__rosidl_typesupport_fastrtps_c[0m
[0.602s] [35m[1mConsolidate compiler generated dependencies of target village_interfaces__rosidl_typesupport_fastrtps_cpp[0m
[0.647s] [ 33%] Built target village_interfaces__rosidl_typesupport_fastrtps_c
[0.682s] [ 43%] Built target village_interfaces__rosidl_typesupport_fastrtps_cpp
[0.692s] [35m[1mConsolidate compiler generated dependencies of target village_interfaces__rosidl_typesupport_introspection_c[0m
[0.730s] [ 53%] Built target village_interfaces__rosidl_typesupport_introspection_c
[0.743s] [35m[1mConsolidate compiler generated dependencies of target village_interfaces__rosidl_typesupport_introspection_cpp[0m
[0.743s] [35m[1mConsolidate compiler generated dependencies of target village_interfaces__rosidl_typesupport_c[0m
[0.784s] [ 64%] Built target village_interfaces__rosidl_typesupport_c
[0.793s] [ 74%] Built target village_interfaces__rosidl_typesupport_introspection_cpp
[0.844s] [ 74%] Built target village_interfaces
[1.012s] [ 76%] Built target village_interfaces__py
[1.099s] [35m[1mConsolidate compiler generated dependencies of target village_interfaces__rosidl_generator_py[0m
[1.214s] running egg_info
[1.215s] writing village_interfaces.egg-info/PKG-INFO
[1.215s] writing dependency_links to village_interfaces.egg-info/dependency_links.txt
[1.216s] writing top-level names to village_interfaces.egg-info/top_level.txt
[1.216s] [ 84%] Built target village_interfaces__rosidl_generator_py
[1.231s] reading manifest file 'village_interfaces.egg-info/SOURCES.txt'
[1.232s] writing manifest file 'village_interfaces.egg-info/SOURCES.txt'
[1.312s] [35m[1mConsolidate compiler generated dependencies of target village_interfaces__rosidl_typesupport_fastrtps_c__pyext[0m
[1.379s] [ 89%] Built target village_interfaces__rosidl_typesupport_fastrtps_c__pyext
[1.390s] [ 89%] Built target ament_cmake_python_build_village_interfaces_egg
[1.460s] [35m[1mConsolidate compiler generated dependencies of target village_interfaces__rosidl_typesupport_introspection_c__pyext[0m
[1.460s] [35m[1mConsolidate compiler generated dependencies of target village_interfaces__rosidl_typesupport_c__pyext[0m
[1.510s] [ 94%] Built target village_interfaces__rosidl_typesupport_introspection_c__pyext
[1.523s] [100%] Built target village_interfaces__rosidl_typesupport_c__pyext
[1.572s] Invoked command in '/home/tzq/town_ws/build/village_interfaces' returned '0': CMAKE_PREFIX_PATH=${CMAKE_PREFIX_PATH}:/home/tzq/town_ws/install/village_li:/opt/ros/humble /usr/bin/cmake --build /home/tzq/town_ws/build/village_interfaces -- -j2 -l2
[1.986s] Invoking command in '/home/tzq/town_ws/build/village_interfaces': CMAKE_PREFIX_PATH=${CMAKE_PREFIX_PATH}:/home/tzq/town_ws/install/village_li:/opt/ros/humble /usr/bin/cmake --install /home/tzq/town_ws/build/village_interfaces
[2.007s] -- Install configuration: ""
[2.008s] -- Up-to-date: /home/tzq/town_ws/install/village_interfaces/share/ament_index/resource_index/rosidl_interfaces/village_interfaces
[2.008s] -- Up-to-date: /home/tzq/town_ws/install/village_interfaces/include/village_interfaces/village_interfaces
[2.009s] -- Up-to-date: /home/tzq/town_ws/install/village_interfaces/include/village_interfaces/village_interfaces/srv
[2.009s] -- Up-to-date: /home/tzq/town_ws/install/village_interfaces/include/village_interfaces/village_interfaces/srv/borrow_money.h
[2.009s] -- Up-to-date: /home/tzq/town_ws/install/village_interfaces/include/village_interfaces/village_interfaces/srv/detail
[2.010s] -- Up-to-date: /home/tzq/town_ws/install/village_interfaces/include/village_interfaces/village_interfaces/srv/detail/borrow_money__functions.c
[2.011s] -- Up-to-date: /home/tzq/town_ws/install/village_interfaces/include/village_interfaces/village_interfaces/srv/detail/borrow_money__functions.h
[2.012s] -- Up-to-date: /home/tzq/town_ws/install/village_interfaces/include/village_interfaces/village_interfaces/srv/detail/borrow_money__type_support.h
[2.012s] -- Up-to-date: /home/tzq/town_ws/install/village_interfaces/include/village_interfaces/village_interfaces/srv/detail/borrow_money__struct.h
[2.013s] -- Up-to-date: /home/tzq/town_ws/install/village_interfaces/include/village_interfaces/village_interfaces/msg
[2.014s] -- Up-to-date: /home/tzq/town_ws/install/village_interfaces/include/village_interfaces/village_interfaces/msg/rosidl_generator_c__visibility_control.h
[2.014s] -- Up-to-date: /home/tzq/town_ws/install/village_interfaces/include/village_interfaces/village_interfaces/msg/detail
[2.015s] -- Up-to-date: /home/tzq/town_ws/install/village_interfaces/include/village_interfaces/village_interfaces/msg/detail/novel__functions.h
[2.016s] -- Up-to-date: /home/tzq/town_ws/install/village_interfaces/include/village_interfaces/village_interfaces/msg/detail/novel__type_support.h
[2.016s] -- Up-to-date: /home/tzq/town_ws/install/village_interfaces/include/village_interfaces/village_interfaces/msg/detail/novel__struct.h
[2.017s] -- Up-to-date: /home/tzq/town_ws/install/village_interfaces/include/village_interfaces/village_interfaces/msg/detail/novel__functions.c
[2.017s] -- Up-to-date: /home/tzq/town_ws/install/village_interfaces/include/village_interfaces/village_interfaces/msg/novel.h
[2.018s] -- Up-to-date: /home/tzq/town_ws/install/village_interfaces/share/village_interfaces/environment/library_path.sh
[2.018s] -- Up-to-date: /home/tzq/town_ws/install/village_interfaces/share/village_interfaces/environment/library_path.dsv
[2.020s] -- Up-to-date: /home/tzq/town_ws/install/village_interfaces/lib/libvillage_interfaces__rosidl_generator_c.so
[2.021s] -- Up-to-date: /home/tzq/town_ws/install/village_interfaces/include/village_interfaces/village_interfaces
[2.022s] -- Up-to-date: /home/tzq/town_ws/install/village_interfaces/include/village_interfaces/village_interfaces/srv
[2.022s] -- Up-to-date: /home/tzq/town_ws/install/village_interfaces/include/village_interfaces/village_interfaces/srv/detail
[2.023s] -- Up-to-date: /home/tzq/town_ws/install/village_interfaces/include/village_interfaces/village_interfaces/srv/detail/borrow_money__rosidl_typesupport_fastrtps_c.h
[2.023s] -- Up-to-date: /home/tzq/town_ws/install/village_interfaces/include/village_interfaces/village_interfaces/msg
[2.023s] -- Up-to-date: /home/tzq/town_ws/install/village_interfaces/include/village_interfaces/village_interfaces/msg/rosidl_typesupport_fastrtps_c__visibility_control.h
[2.024s] -- Up-to-date: /home/tzq/town_ws/install/village_interfaces/include/village_interfaces/village_interfaces/msg/detail
[2.024s] -- Up-to-date: /home/tzq/town_ws/install/village_interfaces/include/village_interfaces/village_interfaces/msg/detail/novel__rosidl_typesupport_fastrtps_c.h
[2.025s] -- Up-to-date: /home/tzq/town_ws/install/village_interfaces/lib/libvillage_interfaces__rosidl_typesupport_fastrtps_c.so
[2.026s] -- Up-to-date: /home/tzq/town_ws/install/village_interfaces/include/village_interfaces/village_interfaces
[2.027s] -- Up-to-date: /home/tzq/town_ws/install/village_interfaces/include/village_interfaces/village_interfaces/srv
[2.027s] -- Up-to-date: /home/tzq/town_ws/install/village_interfaces/include/village_interfaces/village_interfaces/srv/detail
[2.027s] -- Up-to-date: /home/tzq/town_ws/install/village_interfaces/include/village_interfaces/village_interfaces/srv/detail/borrow_money__traits.hpp
[2.028s] -- Up-to-date: /home/tzq/town_ws/install/village_interfaces/include/village_interfaces/village_interfaces/srv/detail/borrow_money__builder.hpp
[2.028s] -- Up-to-date: /home/tzq/town_ws/install/village_interfaces/include/village_interfaces/village_interfaces/srv/detail/borrow_money__struct.hpp
[2.029s] -- Up-to-date: /home/tzq/town_ws/install/village_interfaces/include/village_interfaces/village_interfaces/srv/borrow_money.hpp
[2.029s] -- Up-to-date: /home/tzq/town_ws/install/village_interfaces/include/village_interfaces/village_interfaces/msg
[2.030s] -- Up-to-date: /home/tzq/town_ws/install/village_interfaces/include/village_interfaces/village_interfaces/msg/detail
[2.031s] -- Up-to-date: /home/tzq/town_ws/install/village_interfaces/include/village_interfaces/village_interfaces/msg/detail/novel__traits.hpp
[2.032s] -- Up-to-date: /home/tzq/town_ws/install/village_interfaces/include/village_interfaces/village_interfaces/msg/detail/novel__builder.hpp
[2.033s] -- Up-to-date: /home/tzq/town_ws/install/village_interfaces/include/village_interfaces/village_interfaces/msg/detail/novel__struct.hpp
[2.033s] -- Up-to-date: /home/tzq/town_ws/install/village_interfaces/include/village_interfaces/village_interfaces/msg/novel.hpp
[2.034s] -- Up-to-date: /home/tzq/town_ws/install/village_interfaces/include/village_interfaces/village_interfaces
[2.034s] -- Up-to-date: /home/tzq/town_ws/install/village_interfaces/include/village_interfaces/village_interfaces/srv
[2.035s] -- Up-to-date: /home/tzq/town_ws/install/village_interfaces/include/village_interfaces/village_interfaces/srv/detail
[2.035s] -- Up-to-date: /home/tzq/town_ws/install/village_interfaces/include/village_interfaces/village_interfaces/srv/detail/dds_fastrtps
[2.036s] -- Up-to-date: /home/tzq/town_ws/install/village_interfaces/include/village_interfaces/village_interfaces/srv/detail/borrow_money__rosidl_typesupport_fastrtps_cpp.hpp
[2.037s] -- Up-to-date: /home/tzq/town_ws/install/village_interfaces/include/village_interfaces/village_interfaces/msg
[2.038s] -- Up-to-date: /home/tzq/town_ws/install/village_interfaces/include/village_interfaces/village_interfaces/msg/rosidl_typesupport_fastrtps_cpp__visibility_control.h
[2.039s] -- Up-to-date: /home/tzq/town_ws/install/village_interfaces/include/village_interfaces/village_interfaces/msg/detail
[2.039s] -- Up-to-date: /home/tzq/town_ws/install/village_interfaces/include/village_interfaces/village_interfaces/msg/detail/novel__rosidl_typesupport_fastrtps_cpp.hpp
[2.040s] -- Up-to-date: /home/tzq/town_ws/install/village_interfaces/include/village_interfaces/village_interfaces/msg/detail/dds_fastrtps
[2.041s] -- Up-to-date: /home/tzq/town_ws/install/village_interfaces/lib/libvillage_interfaces__rosidl_typesupport_fastrtps_cpp.so
[2.043s] -- Up-to-date: /home/tzq/town_ws/install/village_interfaces/include/village_interfaces/village_interfaces
[2.044s] -- Up-to-date: /home/tzq/town_ws/install/village_interfaces/include/village_interfaces/village_interfaces/srv
[2.044s] -- Up-to-date: /home/tzq/town_ws/install/village_interfaces/include/village_interfaces/village_interfaces/srv/detail
[2.045s] -- Up-to-date: /home/tzq/town_ws/install/village_interfaces/include/village_interfaces/village_interfaces/srv/detail/borrow_money__rosidl_typesupport_introspection_c.h
[2.046s] -- Up-to-date: /home/tzq/town_ws/install/village_interfaces/include/village_interfaces/village_interfaces/srv/detail/borrow_money__type_support.c
[2.047s] -- Up-to-date: /home/tzq/town_ws/install/village_interfaces/include/village_interfaces/village_interfaces/msg
[2.052s] -- Up-to-date: /home/tzq/town_ws/install/village_interfaces/include/village_interfaces/village_interfaces/msg/rosidl_typesupport_introspection_c__visibility_control.h
[2.053s] -- Up-to-date: /home/tzq/town_ws/install/village_interfaces/include/village_interfaces/village_interfaces/msg/detail
[2.053s] -- Up-to-date: /home/tzq/town_ws/install/village_interfaces/include/village_interfaces/village_interfaces/msg/detail/novel__rosidl_typesupport_introspection_c.h
[2.054s] -- Up-to-date: /home/tzq/town_ws/install/village_interfaces/include/village_interfaces/village_interfaces/msg/detail/novel__type_support.c
[2.055s] -- Up-to-date: /home/tzq/town_ws/install/village_interfaces/lib/libvillage_interfaces__rosidl_typesupport_introspection_c.so
[2.057s] -- Up-to-date: /home/tzq/town_ws/install/village_interfaces/lib/libvillage_interfaces__rosidl_typesupport_c.so
[2.058s] -- Up-to-date: /home/tzq/town_ws/install/village_interfaces/include/village_interfaces/village_interfaces
[2.058s] -- Up-to-date: /home/tzq/town_ws/install/village_interfaces/include/village_interfaces/village_interfaces/srv
[2.059s] -- Up-to-date: /home/tzq/town_ws/install/village_interfaces/include/village_interfaces/village_interfaces/srv/detail
[2.060s] -- Up-to-date: /home/tzq/town_ws/install/village_interfaces/include/village_interfaces/village_interfaces/srv/detail/borrow_money__rosidl_typesupport_introspection_cpp.hpp
[2.060s] -- Up-to-date: /home/tzq/town_ws/install/village_interfaces/include/village_interfaces/village_interfaces/srv/detail/borrow_money__type_support.cpp
[2.061s] -- Up-to-date: /home/tzq/town_ws/install/village_interfaces/include/village_interfaces/village_interfaces/msg
[2.061s] -- Up-to-date: /home/tzq/town_ws/install/village_interfaces/include/village_interfaces/village_interfaces/msg/detail
[2.062s] -- Up-to-date: /home/tzq/town_ws/install/village_interfaces/include/village_interfaces/village_interfaces/msg/detail/novel__rosidl_typesupport_introspection_cpp.hpp
[2.062s] -- Up-to-date: /home/tzq/town_ws/install/village_interfaces/include/village_interfaces/village_interfaces/msg/detail/novel__type_support.cpp
[2.063s] -- Up-to-date: /home/tzq/town_ws/install/village_interfaces/lib/libvillage_interfaces__rosidl_typesupport_introspection_cpp.so
[2.065s] -- Up-to-date: /home/tzq/town_ws/install/village_interfaces/lib/libvillage_interfaces__rosidl_typesupport_cpp.so
[2.066s] -- Up-to-date: /home/tzq/town_ws/install/village_interfaces/share/village_interfaces/environment/pythonpath.sh
[2.067s] -- Up-to-date: /home/tzq/town_ws/install/village_interfaces/share/village_interfaces/environment/pythonpath.dsv
[2.067s] -- Up-to-date: /home/tzq/town_ws/install/village_interfaces/local/lib/python3.10/dist-packages/village_interfaces-0.0.0-py3.10.egg-info
[2.068s] -- Installing: /home/tzq/town_ws/install/village_interfaces/local/lib/python3.10/dist-packages/village_interfaces-0.0.0-py3.10.egg-info/PKG-INFO
[2.068s] -- Installing: /home/tzq/town_ws/install/village_interfaces/local/lib/python3.10/dist-packages/village_interfaces-0.0.0-py3.10.egg-info/dependency_links.txt
[2.069s] -- Installing: /home/tzq/town_ws/install/village_interfaces/local/lib/python3.10/dist-packages/village_interfaces-0.0.0-py3.10.egg-info/SOURCES.txt
[2.071s] -- Installing: /home/tzq/town_ws/install/village_interfaces/local/lib/python3.10/dist-packages/village_interfaces-0.0.0-py3.10.egg-info/top_level.txt
[2.072s] -- Up-to-date: /home/tzq/town_ws/install/village_interfaces/local/lib/python3.10/dist-packages/village_interfaces
[2.072s] -- Up-to-date: /home/tzq/town_ws/install/village_interfaces/local/lib/python3.10/dist-packages/village_interfaces/village_interfaces_s__rosidl_typesupport_introspection_c.cpython-310-x86_64-linux-gnu.so
[2.073s] -- Up-to-date: /home/tzq/town_ws/install/village_interfaces/local/lib/python3.10/dist-packages/village_interfaces/_village_interfaces_s.ep.rosidl_typesupport_c.c
[2.074s] -- Up-to-date: /home/tzq/town_ws/install/village_interfaces/local/lib/python3.10/dist-packages/village_interfaces/_village_interfaces_s.ep.rosidl_typesupport_introspection_c.c
[2.074s] -- Up-to-date: /home/tzq/town_ws/install/village_interfaces/local/lib/python3.10/dist-packages/village_interfaces/village_interfaces_s__rosidl_typesupport_c.cpython-310-x86_64-linux-gnu.so
[2.075s] -- Up-to-date: /home/tzq/town_ws/install/village_interfaces/local/lib/python3.10/dist-packages/village_interfaces/_village_interfaces_s.ep.rosidl_typesupport_fastrtps_c.c
[2.077s] -- Up-to-date: /home/tzq/town_ws/install/village_interfaces/local/lib/python3.10/dist-packages/village_interfaces/__init__.py
[2.078s] -- Up-to-date: /home/tzq/town_ws/install/village_interfaces/local/lib/python3.10/dist-packages/village_interfaces/libvillage_interfaces__rosidl_generator_py.so
[2.082s] -- Up-to-date: /home/tzq/town_ws/install/village_interfaces/local/lib/python3.10/dist-packages/village_interfaces/srv
[2.085s] -- Up-to-date: /home/tzq/town_ws/install/village_interfaces/local/lib/python3.10/dist-packages/village_interfaces/srv/_borrow_money.py
[2.085s] -- Up-to-date: /home/tzq/town_ws/install/village_interfaces/local/lib/python3.10/dist-packages/village_interfaces/srv/_borrow_money_s.c
[2.085s] -- Up-to-date: /home/tzq/town_ws/install/village_interfaces/local/lib/python3.10/dist-packages/village_interfaces/srv/__init__.py
[2.085s] -- Up-to-date: /home/tzq/town_ws/install/village_interfaces/local/lib/python3.10/dist-packages/village_interfaces/village_interfaces_s__rosidl_typesupport_fastrtps_c.cpython-310-x86_64-linux-gnu.so
[2.085s] -- Up-to-date: /home/tzq/town_ws/install/village_interfaces/local/lib/python3.10/dist-packages/village_interfaces/msg
[2.087s] -- Up-to-date: /home/tzq/town_ws/install/village_interfaces/local/lib/python3.10/dist-packages/village_interfaces/msg/_novel_s.c
[2.087s] -- Up-to-date: /home/tzq/town_ws/install/village_interfaces/local/lib/python3.10/dist-packages/village_interfaces/msg/__init__.py
[2.087s] -- Up-to-date: /home/tzq/town_ws/install/village_interfaces/local/lib/python3.10/dist-packages/village_interfaces/msg/_novel.py
[2.139s] Listing '/home/tzq/town_ws/install/village_interfaces/local/lib/python3.10/dist-packages/village_interfaces'...
[2.140s] Listing '/home/tzq/town_ws/install/village_interfaces/local/lib/python3.10/dist-packages/village_interfaces/msg'...
[2.140s] Listing '/home/tzq/town_ws/install/village_interfaces/local/lib/python3.10/dist-packages/village_interfaces/srv'...
[2.147s] -- Up-to-date: /home/tzq/town_ws/install/village_interfaces/local/lib/python3.10/dist-packages/village_interfaces/village_interfaces_s__rosidl_typesupport_fastrtps_c.cpython-310-x86_64-linux-gnu.so
[2.148s] -- Up-to-date: /home/tzq/town_ws/install/village_interfaces/local/lib/python3.10/dist-packages/village_interfaces/village_interfaces_s__rosidl_typesupport_introspection_c.cpython-310-x86_64-linux-gnu.so
[2.149s] -- Up-to-date: /home/tzq/town_ws/install/village_interfaces/local/lib/python3.10/dist-packages/village_interfaces/village_interfaces_s__rosidl_typesupport_c.cpython-310-x86_64-linux-gnu.so
[2.150s] -- Up-to-date: /home/tzq/town_ws/install/village_interfaces/lib/libvillage_interfaces__rosidl_generator_py.so
[2.152s] -- Up-to-date: /home/tzq/town_ws/install/village_interfaces/share/village_interfaces/msg/Novel.idl
[2.153s] -- Up-to-date: /home/tzq/town_ws/install/village_interfaces/share/village_interfaces/srv/BorrowMoney.idl
[2.153s] -- Up-to-date: /home/tzq/town_ws/install/village_interfaces/share/village_interfaces/msg/Novel.msg
[2.154s] -- Up-to-date: /home/tzq/town_ws/install/village_interfaces/share/village_interfaces/srv/BorrowMoney.srv
[2.155s] -- Up-to-date: /home/tzq/town_ws/install/village_interfaces/share/village_interfaces/srv/BorrowMoney_Request.msg
[2.156s] -- Up-to-date: /home/tzq/town_ws/install/village_interfaces/share/village_interfaces/srv/BorrowMoney_Response.msg
[2.156s] -- Up-to-date: /home/tzq/town_ws/install/village_interfaces/share/ament_index/resource_index/package_run_dependencies/village_interfaces
[2.157s] -- Up-to-date: /home/tzq/town_ws/install/village_interfaces/share/ament_index/resource_index/parent_prefix_path/village_interfaces
[2.158s] -- Up-to-date: /home/tzq/town_ws/install/village_interfaces/share/village_interfaces/environment/ament_prefix_path.sh
[2.159s] -- Up-to-date: /home/tzq/town_ws/install/village_interfaces/share/village_interfaces/environment/ament_prefix_path.dsv
[2.160s] -- Up-to-date: /home/tzq/town_ws/install/village_interfaces/share/village_interfaces/environment/path.sh
[2.160s] -- Up-to-date: /home/tzq/town_ws/install/village_interfaces/share/village_interfaces/environment/path.dsv
[2.161s] -- Up-to-date: /home/tzq/town_ws/install/village_interfaces/share/village_interfaces/local_setup.bash
[2.161s] -- Up-to-date: /home/tzq/town_ws/install/village_interfaces/share/village_interfaces/local_setup.sh
[2.162s] -- Up-to-date: /home/tzq/town_ws/install/village_interfaces/share/village_interfaces/local_setup.zsh
[2.162s] -- Up-to-date: /home/tzq/town_ws/install/village_interfaces/share/village_interfaces/local_setup.dsv
[2.163s] -- Installing: /home/tzq/town_ws/install/village_interfaces/share/village_interfaces/package.dsv
[2.165s] -- Up-to-date: /home/tzq/town_ws/install/village_interfaces/share/ament_index/resource_index/packages/village_interfaces
[2.166s] -- Up-to-date: /home/tzq/town_ws/install/village_interfaces/share/village_interfaces/cmake/export_village_interfaces__rosidl_generator_cExport.cmake
[2.169s] -- Up-to-date: /home/tzq/town_ws/install/village_interfaces/share/village_interfaces/cmake/export_village_interfaces__rosidl_generator_cExport-noconfig.cmake
[2.171s] -- Up-to-date: /home/tzq/town_ws/install/village_interfaces/share/village_interfaces/cmake/export_village_interfaces__rosidl_typesupport_fastrtps_cExport.cmake
[2.172s] -- Up-to-date: /home/tzq/town_ws/install/village_interfaces/share/village_interfaces/cmake/export_village_interfaces__rosidl_typesupport_fastrtps_cExport-noconfig.cmake
[2.173s] -- Up-to-date: /home/tzq/town_ws/install/village_interfaces/share/village_interfaces/cmake/export_village_interfaces__rosidl_generator_cppExport.cmake
[2.174s] -- Up-to-date: /home/tzq/town_ws/install/village_interfaces/share/village_interfaces/cmake/export_village_interfaces__rosidl_typesupport_fastrtps_cppExport.cmake
[2.175s] -- Up-to-date: /home/tzq/town_ws/install/village_interfaces/share/village_interfaces/cmake/export_village_interfaces__rosidl_typesupport_fastrtps_cppExport-noconfig.cmake
[2.183s] -- Up-to-date: /home/tzq/town_ws/install/village_interfaces/share/village_interfaces/cmake/village_interfaces__rosidl_typesupport_introspection_cExport.cmake
[2.185s] -- Up-to-date: /home/tzq/town_ws/install/village_interfaces/share/village_interfaces/cmake/village_interfaces__rosidl_typesupport_introspection_cExport-noconfig.cmake
[2.185s] -- Up-to-date: /home/tzq/town_ws/install/village_interfaces/share/village_interfaces/cmake/village_interfaces__rosidl_typesupport_cExport.cmake
[2.190s] -- Up-to-date: /home/tzq/town_ws/install/village_interfaces/share/village_interfaces/cmake/village_interfaces__rosidl_typesupport_cExport-noconfig.cmake
[2.191s] -- Up-to-date: /home/tzq/town_ws/install/village_interfaces/share/village_interfaces/cmake/village_interfaces__rosidl_typesupport_introspection_cppExport.cmake
[2.192s] -- Up-to-date: /home/tzq/town_ws/install/village_interfaces/share/village_interfaces/cmake/village_interfaces__rosidl_typesupport_introspection_cppExport-noconfig.cmake
[2.193s] -- Up-to-date: /home/tzq/town_ws/install/village_interfaces/share/village_interfaces/cmake/village_interfaces__rosidl_typesupport_cppExport.cmake
[2.193s] -- Up-to-date: /home/tzq/town_ws/install/village_interfaces/share/village_interfaces/cmake/village_interfaces__rosidl_typesupport_cppExport-noconfig.cmake
[2.194s] -- Up-to-date: /home/tzq/town_ws/install/village_interfaces/share/village_interfaces/cmake/export_village_interfaces__rosidl_generator_pyExport.cmake
[2.194s] -- Up-to-date: /home/tzq/town_ws/install/village_interfaces/share/village_interfaces/cmake/export_village_interfaces__rosidl_generator_pyExport-noconfig.cmake
[2.194s] -- Up-to-date: /home/tzq/town_ws/install/village_interfaces/share/village_interfaces/cmake/rosidl_cmake-extras.cmake
[2.194s] -- Up-to-date: /home/tzq/town_ws/install/village_interfaces/share/village_interfaces/cmake/ament_cmake_export_dependencies-extras.cmake
[2.194s] -- Up-to-date: /home/tzq/town_ws/install/village_interfaces/share/village_interfaces/cmake/ament_cmake_export_include_directories-extras.cmake
[2.195s] -- Up-to-date: /home/tzq/town_ws/install/village_interfaces/share/village_interfaces/cmake/ament_cmake_export_libraries-extras.cmake
[2.195s] -- Up-to-date: /home/tzq/town_ws/install/village_interfaces/share/village_interfaces/cmake/ament_cmake_export_targets-extras.cmake
[2.195s] -- Up-to-date: /home/tzq/town_ws/install/village_interfaces/share/village_interfaces/cmake/rosidl_cmake_export_typesupport_targets-extras.cmake
[2.195s] -- Up-to-date: /home/tzq/town_ws/install/village_interfaces/share/village_interfaces/cmake/rosidl_cmake_export_typesupport_libraries-extras.cmake
[2.199s] -- Up-to-date: /home/tzq/town_ws/install/village_interfaces/share/village_interfaces/cmake/village_interfacesConfig.cmake
[2.199s] -- Up-to-date: /home/tzq/town_ws/install/village_interfaces/share/village_interfaces/cmake/village_interfacesConfig-version.cmake
[2.200s] -- Up-to-date: /home/tzq/town_ws/install/village_interfaces/share/village_interfaces/package.xml
[2.207s] Invoked command in '/home/tzq/town_ws/build/village_interfaces' returned '0': CMAKE_PREFIX_PATH=${CMAKE_PREFIX_PATH}:/home/tzq/town_ws/install/village_li:/opt/ros/humble /usr/bin/cmake --install /home/tzq/town_ws/build/village_interfaces
