[0.071s] Invoking command in '/home/tzq/town_ws/build/village_wang': AMENT_PREFIX_PATH=/home/tzq/town_ws/install/village_interfaces:${AMENT_PREFIX_PATH} CMAKE_PREFIX_PATH=/home/tzq/town_ws/install/village_interfaces:/opt/ros/humble LD_LIBRARY_PATH=/home/tzq/town_ws/install/village_interfaces/lib:${LD_LIBRARY_PATH} PYTHONPATH=/home/tzq/town_ws/install/village_interfaces/local/lib/python3.10/dist-packages:${PYTHONPATH} /usr/bin/cmake --build /home/tzq/town_ws/build/village_wang -- -j2 -l2
[0.144s] -- Found ament_cmake: 1.3.8 (/opt/ros/humble/share/ament_cmake/cmake)
[0.288s] -- Found rclcpp: 16.0.8 (/opt/ros/humble/share/rclcpp/cmake)
[0.357s] -- Found rosidl_generator_c: 3.1.5 (/opt/ros/humble/share/rosidl_generator_c/cmake)
[0.360s] -- Found rosidl_adapter: 3.1.5 (/opt/ros/humble/share/rosidl_adapter/cmake)
[0.371s] -- Found rosidl_generator_cpp: 3.1.5 (/opt/ros/humble/share/rosidl_generator_cpp/cmake)
[0.387s] -- Using all available rosidl_typesupport_c: rosidl_typesupport_fastrtps_c;rosidl_typesupport_introspection_c
[0.406s] -- Using all available rosidl_typesupport_cpp: rosidl_typesupport_fastrtps_cpp;rosidl_typesupport_introspection_cpp
[0.510s] -- Found rmw_implementation_cmake: 6.1.1 (/opt/ros/humble/share/rmw_implementation_cmake/cmake)
[0.513s] -- Found rmw_fastrtps_cpp: 6.2.6 (/opt/ros/humble/share/rmw_fastrtps_cpp/cmake)
[0.674s] -- Using RMW implementation 'rmw_fastrtps_cpp' as default
[0.862s] -- Found village_interfaces: 0.0.0 (/home/tzq/town_ws/install/village_interfaces/share/village_interfaces/cmake)
[1.108s] -- Found ament_lint_auto: 0.12.10 (/opt/ros/humble/share/ament_lint_auto/cmake)
[1.195s] -- Added test 'cppcheck' to perform static code analysis on C / C++ code
[1.196s] -- Configured cppcheck include dirs: 
[1.196s] -- Configured cppcheck exclude dirs and/or files: 
[1.197s] -- Added test 'lint_cmake' to check CMake code style
[1.199s] -- Added test 'uncrustify' to check C / C++ code style
[1.199s] -- Configured uncrustify additional arguments: 
[1.201s] -- Added test 'xmllint' to check XML markup files
[1.205s] [31mCMake Error at /opt/ros/humble/share/ament_cmake_target_dependencies/cmake/ament_target_dependencies.cmake:42 (message):
[1.205s]   ament_target_dependencies() the first argument must be a valid target name
[1.205s] Call Stack (most recent call first):
[1.206s]   CMakeLists.txt:32 (ament_target_dependencies)
[1.206s] 
[1.207s] [0m
[1.208s] -- Configuring incomplete, errors occurred!
[1.208s] See also "/home/tzq/town_ws/build/village_wang/CMakeFiles/CMakeOutput.log".
[1.218s] gmake: *** [Makefile:267：cmake_check_build_system] 错误 1
[1.226s] Invoked command in '/home/tzq/town_ws/build/village_wang' returned '2': AMENT_PREFIX_PATH=/home/tzq/town_ws/install/village_interfaces:${AMENT_PREFIX_PATH} CMAKE_PREFIX_PATH=/home/tzq/town_ws/install/village_interfaces:/opt/ros/humble LD_LIBRARY_PATH=/home/tzq/town_ws/install/village_interfaces/lib:${LD_LIBRARY_PATH} PYTHONPATH=/home/tzq/town_ws/install/village_interfaces/local/lib/python3.10/dist-packages:${PYTHONPATH} /usr/bin/cmake --build /home/tzq/town_ws/build/village_wang -- -j2 -l2
