[0.096s] Invoking command in '/home/tzq/town_ws/build/village_wang': CMAKE_PREFIX_PATH=${CMAKE_PREFIX_PATH}:/opt/ros/humble /usr/bin/cmake --build /home/tzq/town_ws/build/village_wang -- -j2 -l2
[0.177s] [35m[1mConsolidate compiler generated dependencies of target wang2_node[0m
[0.214s] [ 50%] [32mBuilding CXX object CMakeFiles/wang2_node.dir/src/wang2.cpp.o[0m
[4.304s] [100%] [32m[1mLinking CXX executable wang2_node[0m
[4.482s] [100%] Built target wang2_node
[4.513s] Invoked command in '/home/tzq/town_ws/build/village_wang' returned '0': CMAKE_PREFIX_PATH=${CMAKE_PREFIX_PATH}:/opt/ros/humble /usr/bin/cmake --build /home/tzq/town_ws/build/village_wang -- -j2 -l2
[4.608s] Invoking command in '/home/tzq/town_ws/build/village_wang': CMAKE_PREFIX_PATH=${CMAKE_PREFIX_PATH}:/opt/ros/humble /usr/bin/cmake --install /home/tzq/town_ws/build/village_wang
[4.628s] -- Install configuration: ""
[4.629s] -- Up-to-date: /home/tzq/town_ws/install/village_wang/share/ament_index/resource_index/package_run_dependencies/village_wang
[4.629s] -- Up-to-date: /home/tzq/town_ws/install/village_wang/share/ament_index/resource_index/parent_prefix_path/village_wang
[4.629s] -- Up-to-date: /home/tzq/town_ws/install/village_wang/share/village_wang/environment/ament_prefix_path.sh
[4.629s] -- Up-to-date: /home/tzq/town_ws/install/village_wang/share/village_wang/environment/ament_prefix_path.dsv
[4.629s] -- Up-to-date: /home/tzq/town_ws/install/village_wang/share/village_wang/environment/path.sh
[4.629s] -- Up-to-date: /home/tzq/town_ws/install/village_wang/share/village_wang/environment/path.dsv
[4.630s] -- Up-to-date: /home/tzq/town_ws/install/village_wang/share/village_wang/local_setup.bash
[4.630s] -- Up-to-date: /home/tzq/town_ws/install/village_wang/share/village_wang/local_setup.sh
[4.630s] -- Up-to-date: /home/tzq/town_ws/install/village_wang/share/village_wang/local_setup.zsh
[4.630s] -- Up-to-date: /home/tzq/town_ws/install/village_wang/share/village_wang/local_setup.dsv
[4.630s] -- Installing: /home/tzq/town_ws/install/village_wang/share/village_wang/package.dsv
[4.630s] -- Up-to-date: /home/tzq/town_ws/install/village_wang/share/ament_index/resource_index/packages/village_wang
[4.631s] -- Up-to-date: /home/tzq/town_ws/install/village_wang/share/village_wang/cmake/village_wangConfig.cmake
[4.631s] -- Up-to-date: /home/tzq/town_ws/install/village_wang/share/village_wang/cmake/village_wangConfig-version.cmake
[4.631s] -- Up-to-date: /home/tzq/town_ws/install/village_wang/share/village_wang/package.xml
[4.631s] -- Installing: /home/tzq/town_ws/install/village_wang/lib/village_wang/wang2_node
[4.631s] -- Set runtime path of "/home/tzq/town_ws/install/village_wang/lib/village_wang/wang2_node" to ""
[4.646s] Invoked command in '/home/tzq/town_ws/build/village_wang' returned '0': CMAKE_PREFIX_PATH=${CMAKE_PREFIX_PATH}:/opt/ros/humble /usr/bin/cmake --install /home/tzq/town_ws/build/village_wang
