[1.074s] Invoking command in '/home/tzq/town_ws/src/village_li': PYTHONPATH=/home/tzq/town_ws/build/village_li/prefix_override:/home/tzq/town_ws/install/village_li/lib/python3.10/site-packages:${PYTHONPATH} /usr/bin/python3 setup.py egg_info --egg-base ../../build/village_li build --build-base /home/tzq/town_ws/build/village_li/build install --record /home/tzq/town_ws/build/village_li/install.log --single-version-externally-managed
[1.306s] running egg_info
[1.307s] writing ../../build/village_li/village_li.egg-info/PKG-INFO
[1.309s] writing dependency_links to ../../build/village_li/village_li.egg-info/dependency_links.txt
[1.309s] writing entry points to ../../build/village_li/village_li.egg-info/entry_points.txt
[1.310s] writing requirements to ../../build/village_li/village_li.egg-info/requires.txt
[1.310s] writing top-level names to ../../build/village_li/village_li.egg-info/top_level.txt
[1.313s] reading manifest file '../../build/village_li/village_li.egg-info/SOURCES.txt'
[1.314s] writing manifest file '../../build/village_li/village_li.egg-info/SOURCES.txt'
[1.315s] running build
[1.315s] running build_py
[1.317s] running install
[1.318s] /usr/lib/python3/dist-packages/setuptools/command/install.py:34: SetuptoolsDeprecationWarning: setup.py install is deprecated. Use build and pip and other standards-based tools.
[1.318s]   warnings.warn(
[1.319s] running install_lib
[1.321s] running install_data
[1.325s] running install_egg_info
[1.328s] removing '/home/tzq/town_ws/install/village_li/lib/python3.10/site-packages/village_li-0.0.0-py3.10.egg-info' (and everything under it)
[1.329s] Copying ../../build/village_li/village_li.egg-info to /home/tzq/town_ws/install/village_li/lib/python3.10/site-packages/village_li-0.0.0-py3.10.egg-info
[1.332s] running install_scripts
[1.360s] Installing li3_node script to /home/tzq/town_ws/install/village_li/lib/village_li
[1.362s] Installing li4_node script to /home/tzq/town_ws/install/village_li/lib/village_li
[1.362s] writing list of installed files to '/home/tzq/town_ws/build/village_li/install.log'
[1.395s] Invoked command in '/home/tzq/town_ws/src/village_li' returned '0': PYTHONPATH=/home/tzq/town_ws/build/village_li/prefix_override:/home/tzq/town_ws/install/village_li/lib/python3.10/site-packages:${PYTHONPATH} /usr/bin/python3 setup.py egg_info --egg-base ../../build/village_li build --build-base /home/tzq/town_ws/build/village_li/build install --record /home/tzq/town_ws/build/village_li/install.log --single-version-externally-managed
