[0.668s] Invoking command in '/home/tzq/town_ws/src/village_li': PYTHONPATH=/home/tzq/town_ws/build/village_li/prefix_override:/home/tzq/town_ws/install/village_li/lib/python3.10/site-packages:${PYTHONPATH} /usr/bin/python3 setup.py egg_info --egg-base ../../build/village_li build --build-base /home/tzq/town_ws/build/village_li/build install --record /home/tzq/town_ws/build/village_li/install.log --single-version-externally-managed
[0.901s] running egg_info
[0.902s] writing ../../build/village_li/village_li.egg-info/PKG-INFO
[0.903s] writing dependency_links to ../../build/village_li/village_li.egg-info/dependency_links.txt
[0.903s] writing entry points to ../../build/village_li/village_li.egg-info/entry_points.txt
[0.903s] writing requirements to ../../build/village_li/village_li.egg-info/requires.txt
[0.904s] writing top-level names to ../../build/village_li/village_li.egg-info/top_level.txt
[0.906s] reading manifest file '../../build/village_li/village_li.egg-info/SOURCES.txt'
[0.906s] writing manifest file '../../build/village_li/village_li.egg-info/SOURCES.txt'
[0.907s] running build
[0.907s] running build_py
[0.907s] copying village_li/li4.py -> /home/tzq/town_ws/build/village_li/build/lib/village_li
[0.909s] running install
[0.909s] /usr/lib/python3/dist-packages/setuptools/command/install.py:34: SetuptoolsDeprecationWarning: setup.py install is deprecated. Use build and pip and other standards-based tools.
[0.909s]   warnings.warn(
[0.909s] running install_lib
[0.910s] copying /home/tzq/town_ws/build/village_li/build/lib/village_li/li4.py -> /home/tzq/town_ws/install/village_li/lib/python3.10/site-packages/village_li
[0.910s] byte-compiling /home/tzq/town_ws/install/village_li/lib/python3.10/site-packages/village_li/li4.py to li4.cpython-310.pyc
[0.911s] running install_data
[0.911s] running install_egg_info
[0.913s] removing '/home/tzq/town_ws/install/village_li/lib/python3.10/site-packages/village_li-0.0.0-py3.10.egg-info' (and everything under it)
[0.914s] Copying ../../build/village_li/village_li.egg-info to /home/tzq/town_ws/install/village_li/lib/python3.10/site-packages/village_li-0.0.0-py3.10.egg-info
[0.915s] running install_scripts
[0.936s] Installing li4_node script to /home/tzq/town_ws/install/village_li/lib/village_li
[0.936s] writing list of installed files to '/home/tzq/town_ws/build/village_li/install.log'
[0.969s] Invoked command in '/home/tzq/town_ws/src/village_li' returned '0': PYTHONPATH=/home/tzq/town_ws/build/village_li/prefix_override:/home/tzq/town_ws/install/village_li/lib/python3.10/site-packages:${PYTHONPATH} /usr/bin/python3 setup.py egg_info --egg-base ../../build/village_li build --build-base /home/tzq/town_ws/build/village_li/build install --record /home/tzq/town_ws/build/village_li/install.log --single-version-externally-managed
