[0.711s] Invoking command in '/home/tzq/town_ws/src/village_li': CMAKE_PREFIX_PATH=/home/tzq/town_ws/install/village_interfaces:/home/tzq/town_ws/install/village_wang PYTHONPATH=/home/tzq/town_ws/build/village_li/prefix_override:/home/tzq/town_ws/install/village_li/lib/python3.10/site-packages:${PYTHONPATH} /usr/bin/python3 setup.py egg_info --egg-base ../../build/village_li build --build-base /home/tzq/town_ws/build/village_li/build install --record /home/tzq/town_ws/build/village_li/install.log --single-version-externally-managed
[0.966s] running egg_info
[0.967s] writing ../../build/village_li/village_li.egg-info/PKG-INFO
[0.968s] writing dependency_links to ../../build/village_li/village_li.egg-info/dependency_links.txt
[0.968s] writing entry points to ../../build/village_li/village_li.egg-info/entry_points.txt
[0.969s] writing requirements to ../../build/village_li/village_li.egg-info/requires.txt
[0.969s] writing top-level names to ../../build/village_li/village_li.egg-info/top_level.txt
[0.972s] reading manifest file '../../build/village_li/village_li.egg-info/SOURCES.txt'
[0.973s] writing manifest file '../../build/village_li/village_li.egg-info/SOURCES.txt'
[0.973s] running build
[0.973s] running build_py
[0.975s] copying village_li/li4.py -> /home/tzq/town_ws/build/village_li/build/lib/village_li
[0.975s] running install
[0.976s] /usr/lib/python3/dist-packages/setuptools/command/install.py:34: SetuptoolsDeprecationWarning: setup.py install is deprecated. Use build and pip and other standards-based tools.
[0.976s]   warnings.warn(
[0.976s] running install_lib
[0.977s] copying /home/tzq/town_ws/build/village_li/build/lib/village_li/li4.py -> /home/tzq/town_ws/install/village_li/lib/python3.10/site-packages/village_li
[0.978s] byte-compiling /home/tzq/town_ws/install/village_li/lib/python3.10/site-packages/village_li/li4.py to li4.cpython-310.pyc
[0.980s] running install_data
[0.980s] running install_egg_info
[0.982s] removing '/home/tzq/town_ws/install/village_li/lib/python3.10/site-packages/village_li-0.0.0-py3.10.egg-info' (and everything under it)
[0.983s] Copying ../../build/village_li/village_li.egg-info to /home/tzq/town_ws/install/village_li/lib/python3.10/site-packages/village_li-0.0.0-py3.10.egg-info
[0.984s] running install_scripts
[1.006s] Installing li3_node script to /home/tzq/town_ws/install/village_li/lib/village_li
[1.007s] Installing li4_node script to /home/tzq/town_ws/install/village_li/lib/village_li
[1.008s] writing list of installed files to '/home/tzq/town_ws/build/village_li/install.log'
[1.058s] Invoked command in '/home/tzq/town_ws/src/village_li' returned '0': CMAKE_PREFIX_PATH=/home/tzq/town_ws/install/village_interfaces:/home/tzq/town_ws/install/village_wang PYTHONPATH=/home/tzq/town_ws/build/village_li/prefix_override:/home/tzq/town_ws/install/village_li/lib/python3.10/site-packages:${PYTHONPATH} /usr/bin/python3 setup.py egg_info --egg-base ../../build/village_li build --build-base /home/tzq/town_ws/build/village_li/build install --record /home/tzq/town_ws/build/village_li/install.log --single-version-externally-managed
