[0.668s] Invoking command in '/home/tzq/town_ws/src/village_li': PYTHONPATH=/home/tzq/town_ws/build/village_li/prefix_override:/home/tzq/town_ws/install/village_li/lib/python3.10/site-packages:${PYTHONPATH} /usr/bin/python3 setup.py egg_info --egg-base ../../build/village_li build --build-base /home/tzq/town_ws/build/village_li/build install --record /home/tzq/town_ws/build/village_li/install.log --single-version-externally-managed
[0.863s] running egg_info
[0.864s] writing ../../build/village_li/village_li.egg-info/PKG-INFO
[0.865s] writing dependency_links to ../../build/village_li/village_li.egg-info/dependency_links.txt
[0.865s] writing entry points to ../../build/village_li/village_li.egg-info/entry_points.txt
[0.865s] writing requirements to ../../build/village_li/village_li.egg-info/requires.txt
[0.865s] writing top-level names to ../../build/village_li/village_li.egg-info/top_level.txt
[0.867s] reading manifest file '../../build/village_li/village_li.egg-info/SOURCES.txt'
[0.868s] writing manifest file '../../build/village_li/village_li.egg-info/SOURCES.txt'
[0.868s] running build
[0.868s] running build_py
[0.868s] copying village_li/li4.py -> /home/tzq/town_ws/build/village_li/build/lib/village_li
[0.869s] running install
[0.869s] /usr/lib/python3/dist-packages/setuptools/command/install.py:34: SetuptoolsDeprecationWarning: setup.py install is deprecated. Use build and pip and other standards-based tools.
[0.869s]   warnings.warn(
[0.869s] running install_lib
[0.870s] copying /home/tzq/town_ws/build/village_li/build/lib/village_li/li4.py -> /home/tzq/town_ws/install/village_li/lib/python3.10/site-packages/village_li
[0.871s] byte-compiling /home/tzq/town_ws/install/village_li/lib/python3.10/site-packages/village_li/li4.py to li4.cpython-310.pyc
[0.871s] running install_data
[0.872s] running install_egg_info
[0.873s] removing '/home/tzq/town_ws/install/village_li/lib/python3.10/site-packages/village_li-0.0.0-py3.10.egg-info' (and everything under it)
[0.874s] Copying ../../build/village_li/village_li.egg-info to /home/tzq/town_ws/install/village_li/lib/python3.10/site-packages/village_li-0.0.0-py3.10.egg-info
[0.875s] running install_scripts
[0.895s] Installing li4_node script to /home/tzq/town_ws/install/village_li/lib/village_li
[0.895s] writing list of installed files to '/home/tzq/town_ws/build/village_li/install.log'
[0.916s] Invoked command in '/home/tzq/town_ws/src/village_li' returned '0': PYTHONPATH=/home/tzq/town_ws/build/village_li/prefix_override:/home/tzq/town_ws/install/village_li/lib/python3.10/site-packages:${PYTHONPATH} /usr/bin/python3 setup.py egg_info --egg-base ../../build/village_li build --build-base /home/tzq/town_ws/build/village_li/build install --record /home/tzq/town_ws/build/village_li/install.log --single-version-externally-managed
