[0.662s] Invoking command in '/home/tzq/town_ws/src/village_li': PYTHONPATH=/home/tzq/town_ws/build/village_li/prefix_override:/home/tzq/town_ws/install/village_li/lib/python3.10/site-packages:${PYTHONPATH} /usr/bin/python3 setup.py egg_info --egg-base ../../build/village_li build --build-base /home/tzq/town_ws/build/village_li/build install --record /home/tzq/town_ws/build/village_li/install.log --single-version-externally-managed
[0.866s] running egg_info
[0.868s] writing ../../build/village_li/village_li.egg-info/PKG-INFO
[0.869s] writing dependency_links to ../../build/village_li/village_li.egg-info/dependency_links.txt
[0.869s] writing entry points to ../../build/village_li/village_li.egg-info/entry_points.txt
[0.870s] writing requirements to ../../build/village_li/village_li.egg-info/requires.txt
[0.870s] writing top-level names to ../../build/village_li/village_li.egg-info/top_level.txt
[0.873s] reading manifest file '../../build/village_li/village_li.egg-info/SOURCES.txt'
[0.874s] writing manifest file '../../build/village_li/village_li.egg-info/SOURCES.txt'
[0.875s] running build
[0.875s] running build_py
[0.876s] copying village_li/li3.py -> /home/tzq/town_ws/build/village_li/build/lib/village_li
[0.877s] running install
[0.877s] /usr/lib/python3/dist-packages/setuptools/command/install.py:34: SetuptoolsDeprecationWarning: setup.py install is deprecated. Use build and pip and other standards-based tools.
[0.878s]   warnings.warn(
[0.878s] running install_lib
[0.880s] copying /home/tzq/town_ws/build/village_li/build/lib/village_li/li3.py -> /home/tzq/town_ws/install/village_li/lib/python3.10/site-packages/village_li
[0.881s] byte-compiling /home/tzq/town_ws/install/village_li/lib/python3.10/site-packages/village_li/li3.py to li3.cpython-310.pyc
[0.882s] running install_data
[0.883s] running install_egg_info
[0.885s] removing '/home/tzq/town_ws/install/village_li/lib/python3.10/site-packages/village_li-0.0.0-py3.10.egg-info' (and everything under it)
[0.886s] Copying ../../build/village_li/village_li.egg-info to /home/tzq/town_ws/install/village_li/lib/python3.10/site-packages/village_li-0.0.0-py3.10.egg-info
[0.888s] running install_scripts
[0.905s] Installing li4_node=village_li.li4:mainli3_node script to /home/tzq/town_ws/install/village_li/lib/village_li
[0.906s] writing list of installed files to '/home/tzq/town_ws/build/village_li/install.log'
[0.927s] Invoked command in '/home/tzq/town_ws/src/village_li' returned '0': PYTHONPATH=/home/tzq/town_ws/build/village_li/prefix_override:/home/tzq/town_ws/install/village_li/lib/python3.10/site-packages:${PYTHONPATH} /usr/bin/python3 setup.py egg_info --egg-base ../../build/village_li build --build-base /home/tzq/town_ws/build/village_li/build install --record /home/tzq/town_ws/build/village_li/install.log --single-version-externally-managed
