[0.076s] Invoking command in '/home/tzq/town_ws/build/village_interfaces': CMAKE_PREFIX_PATH=${CMAKE_PREFIX_PATH}:/home/tzq/town_ws/install/village_li:/opt/ros/humble /usr/bin/cmake --build /home/tzq/town_ws/build/village_interfaces -- -j2 -l2
[0.261s] [35m[1mConsolidate compiler generated dependencies of target village_interfaces__rosidl_generator_c[0m
[0.282s] [  2%] Built target village_interfaces__cpp
[0.320s] [ 12%] Built target village_interfaces__rosidl_generator_c
[0.399s] [35m[1mConsolidate compiler generated dependencies of target village_interfaces__rosidl_typesupport_cpp[0m
[0.420s] [ 12%] Built target ament_cmake_python_copy_village_interfaces
[0.447s] [ 23%] Built target village_interfaces__rosidl_typesupport_cpp
[0.456s] [35m[1mConsolidate compiler generated dependencies of target village_interfaces__rosidl_typesupport_fastrtps_c[0m
[0.512s] [ 34%] Built target village_interfaces__rosidl_typesupport_fastrtps_c
[0.519s] [35m[1mConsolidate compiler generated dependencies of target village_interfaces__rosidl_typesupport_fastrtps_cpp[0m
[0.554s] [35m[1mConsolidate compiler generated dependencies of target village_interfaces__rosidl_typesupport_introspection_c[0m
[0.557s] [ 44%] Built target village_interfaces__rosidl_typesupport_fastrtps_cpp
[0.577s] [ 55%] Built target village_interfaces__rosidl_typesupport_introspection_c
[0.582s] [35m[1mConsolidate compiler generated dependencies of target village_interfaces__rosidl_typesupport_c[0m
[0.613s] [35m[1mConsolidate compiler generated dependencies of target village_interfaces__rosidl_typesupport_introspection_cpp[0m
[0.628s] [ 65%] Built target village_interfaces__rosidl_typesupport_c
[0.652s] [ 76%] Built target village_interfaces__rosidl_typesupport_introspection_cpp
[0.696s] [ 76%] Built target village_interfaces
[0.759s] [ 78%] Built target village_interfaces__py
[0.790s] [35m[1mConsolidate compiler generated dependencies of target village_interfaces__rosidl_generator_py[0m
[0.827s] [ 87%] Built target village_interfaces__rosidl_generator_py
[0.882s] [35m[1mConsolidate compiler generated dependencies of target village_interfaces__rosidl_typesupport_fastrtps_c__pyext[0m
[0.905s] [ 91%] Built target village_interfaces__rosidl_typesupport_fastrtps_c__pyext
[0.949s] [35m[1mConsolidate compiler generated dependencies of target village_interfaces__rosidl_typesupport_introspection_c__pyext[0m
[0.998s] running egg_info
[0.998s] writing village_interfaces.egg-info/PKG-INFO
[0.998s] writing dependency_links to village_interfaces.egg-info/dependency_links.txt
[0.998s] writing top-level names to village_interfaces.egg-info/top_level.txt
[0.998s] reading manifest file 'village_interfaces.egg-info/SOURCES.txt'
[1.002s] writing manifest file 'village_interfaces.egg-info/SOURCES.txt'
[1.020s] [ 95%] Built target village_interfaces__rosidl_typesupport_introspection_c__pyext
[1.079s] [35m[1mConsolidate compiler generated dependencies of target village_interfaces__rosidl_typesupport_c__pyext[0m
[1.095s] [ 95%] Built target ament_cmake_python_build_village_interfaces_egg
[1.104s] [100%] Built target village_interfaces__rosidl_typesupport_c__pyext
[1.124s] Invoked command in '/home/tzq/town_ws/build/village_interfaces' returned '0': CMAKE_PREFIX_PATH=${CMAKE_PREFIX_PATH}:/home/tzq/town_ws/install/village_li:/opt/ros/humble /usr/bin/cmake --build /home/tzq/town_ws/build/village_interfaces -- -j2 -l2
[1.310s] Invoking command in '/home/tzq/town_ws/build/village_interfaces': CMAKE_PREFIX_PATH=${CMAKE_PREFIX_PATH}:/home/tzq/town_ws/install/village_li:/opt/ros/humble /usr/bin/cmake --install /home/tzq/town_ws/build/village_interfaces
[1.324s] -- Install configuration: ""
[1.324s] -- Up-to-date: /home/tzq/town_ws/install/village_interfaces/share/ament_index/resource_index/rosidl_interfaces/village_interfaces
[1.325s] -- Up-to-date: /home/tzq/town_ws/install/village_interfaces/include/village_interfaces/village_interfaces
[1.325s] -- Up-to-date: /home/tzq/town_ws/install/village_interfaces/include/village_interfaces/village_interfaces/srv
[1.327s] -- Up-to-date: /home/tzq/town_ws/install/village_interfaces/include/village_interfaces/village_interfaces/srv/sell_novel.h
[1.327s] -- Up-to-date: /home/tzq/town_ws/install/village_interfaces/include/village_interfaces/village_interfaces/srv/borrow_money.h
[1.327s] -- Up-to-date: /home/tzq/town_ws/install/village_interfaces/include/village_interfaces/village_interfaces/srv/detail
[1.328s] -- Up-to-date: /home/tzq/town_ws/install/village_interfaces/include/village_interfaces/village_interfaces/srv/detail/sell_novel__functions.h
[1.330s] -- Up-to-date: /home/tzq/town_ws/install/village_interfaces/include/village_interfaces/village_interfaces/srv/detail/sell_novel__functions.c
[1.330s] -- Up-to-date: /home/tzq/town_ws/install/village_interfaces/include/village_interfaces/village_interfaces/srv/detail/borrow_money__functions.c
[1.331s] -- Up-to-date: /home/tzq/town_ws/install/village_interfaces/include/village_interfaces/village_interfaces/srv/detail/sell_novel__struct.h
[1.331s] -- Up-to-date: /home/tzq/town_ws/install/village_interfaces/include/village_interfaces/village_interfaces/srv/detail/sell_novel__type_support.h
[1.332s] -- Up-to-date: /home/tzq/town_ws/install/village_interfaces/include/village_interfaces/village_interfaces/srv/detail/borrow_money__functions.h
[1.332s] -- Up-to-date: /home/tzq/town_ws/install/village_interfaces/include/village_interfaces/village_interfaces/srv/detail/borrow_money__type_support.h
[1.332s] -- Up-to-date: /home/tzq/town_ws/install/village_interfaces/include/village_interfaces/village_interfaces/srv/detail/borrow_money__struct.h
[1.332s] -- Up-to-date: /home/tzq/town_ws/install/village_interfaces/include/village_interfaces/village_interfaces/msg
[1.334s] -- Up-to-date: /home/tzq/town_ws/install/village_interfaces/include/village_interfaces/village_interfaces/msg/rosidl_generator_c__visibility_control.h
[1.334s] -- Up-to-date: /home/tzq/town_ws/install/village_interfaces/include/village_interfaces/village_interfaces/msg/detail
[1.334s] -- Up-to-date: /home/tzq/town_ws/install/village_interfaces/include/village_interfaces/village_interfaces/msg/detail/novel__functions.h
[1.334s] -- Up-to-date: /home/tzq/town_ws/install/village_interfaces/include/village_interfaces/village_interfaces/msg/detail/novel__type_support.h
[1.334s] -- Up-to-date: /home/tzq/town_ws/install/village_interfaces/include/village_interfaces/village_interfaces/msg/detail/novel__struct.h
[1.334s] -- Up-to-date: /home/tzq/town_ws/install/village_interfaces/include/village_interfaces/village_interfaces/msg/detail/novel__functions.c
[1.334s] -- Up-to-date: /home/tzq/town_ws/install/village_interfaces/include/village_interfaces/village_interfaces/msg/novel.h
[1.334s] -- Up-to-date: /home/tzq/town_ws/install/village_interfaces/share/village_interfaces/environment/library_path.sh
[1.334s] -- Up-to-date: /home/tzq/town_ws/install/village_interfaces/share/village_interfaces/environment/library_path.dsv
[1.338s] -- Up-to-date: /home/tzq/town_ws/install/village_interfaces/lib/libvillage_interfaces__rosidl_generator_c.so
[1.339s] -- Up-to-date: /home/tzq/town_ws/install/village_interfaces/include/village_interfaces/village_interfaces
[1.343s] -- Up-to-date: /home/tzq/town_ws/install/village_interfaces/include/village_interfaces/village_interfaces/srv
[1.344s] -- Up-to-date: /home/tzq/town_ws/install/village_interfaces/include/village_interfaces/village_interfaces/srv/detail
[1.344s] -- Up-to-date: /home/tzq/town_ws/install/village_interfaces/include/village_interfaces/village_interfaces/srv/detail/borrow_money__rosidl_typesupport_fastrtps_c.h
[1.345s] -- Up-to-date: /home/tzq/town_ws/install/village_interfaces/include/village_interfaces/village_interfaces/srv/detail/sell_novel__rosidl_typesupport_fastrtps_c.h
[1.345s] -- Up-to-date: /home/tzq/town_ws/install/village_interfaces/include/village_interfaces/village_interfaces/msg
[1.345s] -- Up-to-date: /home/tzq/town_ws/install/village_interfaces/include/village_interfaces/village_interfaces/msg/rosidl_typesupport_fastrtps_c__visibility_control.h
[1.345s] -- Up-to-date: /home/tzq/town_ws/install/village_interfaces/include/village_interfaces/village_interfaces/msg/detail
[1.345s] -- Up-to-date: /home/tzq/town_ws/install/village_interfaces/include/village_interfaces/village_interfaces/msg/detail/novel__rosidl_typesupport_fastrtps_c.h
[1.350s] -- Up-to-date: /home/tzq/town_ws/install/village_interfaces/lib/libvillage_interfaces__rosidl_typesupport_fastrtps_c.so
[1.351s] -- Up-to-date: /home/tzq/town_ws/install/village_interfaces/include/village_interfaces/village_interfaces
[1.351s] -- Up-to-date: /home/tzq/town_ws/install/village_interfaces/include/village_interfaces/village_interfaces/srv
[1.352s] -- Up-to-date: /home/tzq/town_ws/install/village_interfaces/include/village_interfaces/village_interfaces/srv/detail
[1.352s] -- Up-to-date: /home/tzq/town_ws/install/village_interfaces/include/village_interfaces/village_interfaces/srv/detail/borrow_money__traits.hpp
[1.354s] -- Up-to-date: /home/tzq/town_ws/install/village_interfaces/include/village_interfaces/village_interfaces/srv/detail/sell_novel__struct.hpp
[1.355s] -- Up-to-date: /home/tzq/town_ws/install/village_interfaces/include/village_interfaces/village_interfaces/srv/detail/borrow_money__builder.hpp
[1.355s] -- Up-to-date: /home/tzq/town_ws/install/village_interfaces/include/village_interfaces/village_interfaces/srv/detail/borrow_money__struct.hpp
[1.355s] -- Up-to-date: /home/tzq/town_ws/install/village_interfaces/include/village_interfaces/village_interfaces/srv/detail/sell_novel__builder.hpp
[1.355s] -- Up-to-date: /home/tzq/town_ws/install/village_interfaces/include/village_interfaces/village_interfaces/srv/detail/sell_novel__traits.hpp
[1.355s] -- Up-to-date: /home/tzq/town_ws/install/village_interfaces/include/village_interfaces/village_interfaces/srv/borrow_money.hpp
[1.355s] -- Up-to-date: /home/tzq/town_ws/install/village_interfaces/include/village_interfaces/village_interfaces/srv/sell_novel.hpp
[1.355s] -- Up-to-date: /home/tzq/town_ws/install/village_interfaces/include/village_interfaces/village_interfaces/msg
[1.355s] -- Up-to-date: /home/tzq/town_ws/install/village_interfaces/include/village_interfaces/village_interfaces/msg/detail
[1.356s] -- Up-to-date: /home/tzq/town_ws/install/village_interfaces/include/village_interfaces/village_interfaces/msg/detail/novel__traits.hpp
[1.356s] -- Up-to-date: /home/tzq/town_ws/install/village_interfaces/include/village_interfaces/village_interfaces/msg/detail/novel__builder.hpp
[1.356s] -- Up-to-date: /home/tzq/town_ws/install/village_interfaces/include/village_interfaces/village_interfaces/msg/detail/novel__struct.hpp
[1.356s] -- Up-to-date: /home/tzq/town_ws/install/village_interfaces/include/village_interfaces/village_interfaces/msg/novel.hpp
[1.357s] -- Up-to-date: /home/tzq/town_ws/install/village_interfaces/include/village_interfaces/village_interfaces
[1.358s] -- Up-to-date: /home/tzq/town_ws/install/village_interfaces/include/village_interfaces/village_interfaces/srv
[1.358s] -- Up-to-date: /home/tzq/town_ws/install/village_interfaces/include/village_interfaces/village_interfaces/srv/detail
[1.358s] -- Up-to-date: /home/tzq/town_ws/install/village_interfaces/include/village_interfaces/village_interfaces/srv/detail/dds_fastrtps
[1.358s] -- Up-to-date: /home/tzq/town_ws/install/village_interfaces/include/village_interfaces/village_interfaces/srv/detail/borrow_money__rosidl_typesupport_fastrtps_cpp.hpp
[1.358s] -- Up-to-date: /home/tzq/town_ws/install/village_interfaces/include/village_interfaces/village_interfaces/srv/detail/sell_novel__rosidl_typesupport_fastrtps_cpp.hpp
[1.359s] -- Up-to-date: /home/tzq/town_ws/install/village_interfaces/include/village_interfaces/village_interfaces/msg
[1.359s] -- Up-to-date: /home/tzq/town_ws/install/village_interfaces/include/village_interfaces/village_interfaces/msg/rosidl_typesupport_fastrtps_cpp__visibility_control.h
[1.359s] -- Up-to-date: /home/tzq/town_ws/install/village_interfaces/include/village_interfaces/village_interfaces/msg/detail
[1.359s] -- Up-to-date: /home/tzq/town_ws/install/village_interfaces/include/village_interfaces/village_interfaces/msg/detail/novel__rosidl_typesupport_fastrtps_cpp.hpp
[1.359s] -- Up-to-date: /home/tzq/town_ws/install/village_interfaces/include/village_interfaces/village_interfaces/msg/detail/dds_fastrtps
[1.361s] -- Up-to-date: /home/tzq/town_ws/install/village_interfaces/lib/libvillage_interfaces__rosidl_typesupport_fastrtps_cpp.so
[1.361s] -- Up-to-date: /home/tzq/town_ws/install/village_interfaces/include/village_interfaces/village_interfaces
[1.364s] -- Up-to-date: /home/tzq/town_ws/install/village_interfaces/include/village_interfaces/village_interfaces/srv
[1.364s] -- Up-to-date: /home/tzq/town_ws/install/village_interfaces/include/village_interfaces/village_interfaces/srv/detail
[1.364s] -- Up-to-date: /home/tzq/town_ws/install/village_interfaces/include/village_interfaces/village_interfaces/srv/detail/borrow_money__rosidl_typesupport_introspection_c.h
[1.365s] -- Up-to-date: /home/tzq/town_ws/install/village_interfaces/include/village_interfaces/village_interfaces/srv/detail/sell_novel__rosidl_typesupport_introspection_c.h
[1.366s] -- Up-to-date: /home/tzq/town_ws/install/village_interfaces/include/village_interfaces/village_interfaces/srv/detail/borrow_money__type_support.c
[1.366s] -- Up-to-date: /home/tzq/town_ws/install/village_interfaces/include/village_interfaces/village_interfaces/srv/detail/sell_novel__type_support.c
[1.366s] -- Up-to-date: /home/tzq/town_ws/install/village_interfaces/include/village_interfaces/village_interfaces/msg
[1.366s] -- Up-to-date: /home/tzq/town_ws/install/village_interfaces/include/village_interfaces/village_interfaces/msg/rosidl_typesupport_introspection_c__visibility_control.h
[1.367s] -- Up-to-date: /home/tzq/town_ws/install/village_interfaces/include/village_interfaces/village_interfaces/msg/detail
[1.368s] -- Up-to-date: /home/tzq/town_ws/install/village_interfaces/include/village_interfaces/village_interfaces/msg/detail/novel__rosidl_typesupport_introspection_c.h
[1.368s] -- Up-to-date: /home/tzq/town_ws/install/village_interfaces/include/village_interfaces/village_interfaces/msg/detail/novel__type_support.c
[1.370s] -- Up-to-date: /home/tzq/town_ws/install/village_interfaces/lib/libvillage_interfaces__rosidl_typesupport_introspection_c.so
[1.371s] -- Up-to-date: /home/tzq/town_ws/install/village_interfaces/lib/libvillage_interfaces__rosidl_typesupport_c.so
[1.372s] -- Up-to-date: /home/tzq/town_ws/install/village_interfaces/include/village_interfaces/village_interfaces
[1.372s] -- Up-to-date: /home/tzq/town_ws/install/village_interfaces/include/village_interfaces/village_interfaces/srv
[1.373s] -- Up-to-date: /home/tzq/town_ws/install/village_interfaces/include/village_interfaces/village_interfaces/srv/detail
[1.373s] -- Up-to-date: /home/tzq/town_ws/install/village_interfaces/include/village_interfaces/village_interfaces/srv/detail/borrow_money__rosidl_typesupport_introspection_cpp.hpp
[1.373s] -- Up-to-date: /home/tzq/town_ws/install/village_interfaces/include/village_interfaces/village_interfaces/srv/detail/borrow_money__type_support.cpp
[1.374s] -- Up-to-date: /home/tzq/town_ws/install/village_interfaces/include/village_interfaces/village_interfaces/srv/detail/sell_novel__type_support.cpp
[1.374s] -- Up-to-date: /home/tzq/town_ws/install/village_interfaces/include/village_interfaces/village_interfaces/srv/detail/sell_novel__rosidl_typesupport_introspection_cpp.hpp
[1.374s] -- Up-to-date: /home/tzq/town_ws/install/village_interfaces/include/village_interfaces/village_interfaces/msg
[1.375s] -- Up-to-date: /home/tzq/town_ws/install/village_interfaces/include/village_interfaces/village_interfaces/msg/detail
[1.375s] -- Up-to-date: /home/tzq/town_ws/install/village_interfaces/include/village_interfaces/village_interfaces/msg/detail/novel__rosidl_typesupport_introspection_cpp.hpp
[1.375s] -- Up-to-date: /home/tzq/town_ws/install/village_interfaces/include/village_interfaces/village_interfaces/msg/detail/novel__type_support.cpp
[1.377s] -- Up-to-date: /home/tzq/town_ws/install/village_interfaces/lib/libvillage_interfaces__rosidl_typesupport_introspection_cpp.so
[1.379s] -- Up-to-date: /home/tzq/town_ws/install/village_interfaces/lib/libvillage_interfaces__rosidl_typesupport_cpp.so
[1.379s] -- Up-to-date: /home/tzq/town_ws/install/village_interfaces/share/village_interfaces/environment/pythonpath.sh
[1.379s] -- Up-to-date: /home/tzq/town_ws/install/village_interfaces/share/village_interfaces/environment/pythonpath.dsv
[1.380s] -- Up-to-date: /home/tzq/town_ws/install/village_interfaces/local/lib/python3.10/dist-packages/village_interfaces-0.0.0-py3.10.egg-info
[1.380s] -- Installing: /home/tzq/town_ws/install/village_interfaces/local/lib/python3.10/dist-packages/village_interfaces-0.0.0-py3.10.egg-info/PKG-INFO
[1.380s] -- Installing: /home/tzq/town_ws/install/village_interfaces/local/lib/python3.10/dist-packages/village_interfaces-0.0.0-py3.10.egg-info/dependency_links.txt
[1.381s] -- Installing: /home/tzq/town_ws/install/village_interfaces/local/lib/python3.10/dist-packages/village_interfaces-0.0.0-py3.10.egg-info/SOURCES.txt
[1.381s] -- Installing: /home/tzq/town_ws/install/village_interfaces/local/lib/python3.10/dist-packages/village_interfaces-0.0.0-py3.10.egg-info/top_level.txt
[1.382s] -- Up-to-date: /home/tzq/town_ws/install/village_interfaces/local/lib/python3.10/dist-packages/village_interfaces
[1.382s] -- Up-to-date: /home/tzq/town_ws/install/village_interfaces/local/lib/python3.10/dist-packages/village_interfaces/village_interfaces_s__rosidl_typesupport_introspection_c.cpython-310-x86_64-linux-gnu.so
[1.382s] -- Up-to-date: /home/tzq/town_ws/install/village_interfaces/local/lib/python3.10/dist-packages/village_interfaces/_village_interfaces_s.ep.rosidl_typesupport_c.c
[1.383s] -- Up-to-date: /home/tzq/town_ws/install/village_interfaces/local/lib/python3.10/dist-packages/village_interfaces/_village_interfaces_s.ep.rosidl_typesupport_introspection_c.c
[1.383s] -- Up-to-date: /home/tzq/town_ws/install/village_interfaces/local/lib/python3.10/dist-packages/village_interfaces/village_interfaces_s__rosidl_typesupport_c.cpython-310-x86_64-linux-gnu.so
[1.383s] -- Up-to-date: /home/tzq/town_ws/install/village_interfaces/local/lib/python3.10/dist-packages/village_interfaces/_village_interfaces_s.ep.rosidl_typesupport_fastrtps_c.c
[1.383s] -- Up-to-date: /home/tzq/town_ws/install/village_interfaces/local/lib/python3.10/dist-packages/village_interfaces/__init__.py
[1.383s] -- Up-to-date: /home/tzq/town_ws/install/village_interfaces/local/lib/python3.10/dist-packages/village_interfaces/libvillage_interfaces__rosidl_generator_py.so
[1.384s] -- Up-to-date: /home/tzq/town_ws/install/village_interfaces/local/lib/python3.10/dist-packages/village_interfaces/srv
[1.384s] -- Up-to-date: /home/tzq/town_ws/install/village_interfaces/local/lib/python3.10/dist-packages/village_interfaces/srv/_borrow_money.py
[1.384s] -- Up-to-date: /home/tzq/town_ws/install/village_interfaces/local/lib/python3.10/dist-packages/village_interfaces/srv/_borrow_money_s.c
[1.385s] -- Up-to-date: /home/tzq/town_ws/install/village_interfaces/local/lib/python3.10/dist-packages/village_interfaces/srv/__init__.py
[1.385s] -- Up-to-date: /home/tzq/town_ws/install/village_interfaces/local/lib/python3.10/dist-packages/village_interfaces/srv/_sell_novel_s.c
[1.385s] -- Up-to-date: /home/tzq/town_ws/install/village_interfaces/local/lib/python3.10/dist-packages/village_interfaces/srv/_sell_novel.py
[1.385s] -- Up-to-date: /home/tzq/town_ws/install/village_interfaces/local/lib/python3.10/dist-packages/village_interfaces/village_interfaces_s__rosidl_typesupport_fastrtps_c.cpython-310-x86_64-linux-gnu.so
[1.385s] -- Up-to-date: /home/tzq/town_ws/install/village_interfaces/local/lib/python3.10/dist-packages/village_interfaces/msg
[1.385s] -- Up-to-date: /home/tzq/town_ws/install/village_interfaces/local/lib/python3.10/dist-packages/village_interfaces/msg/_novel_s.c
[1.386s] -- Up-to-date: /home/tzq/town_ws/install/village_interfaces/local/lib/python3.10/dist-packages/village_interfaces/msg/__init__.py
[1.386s] -- Up-to-date: /home/tzq/town_ws/install/village_interfaces/local/lib/python3.10/dist-packages/village_interfaces/msg/_novel.py
[1.424s] Listing '/home/tzq/town_ws/install/village_interfaces/local/lib/python3.10/dist-packages/village_interfaces'...
[1.424s] Listing '/home/tzq/town_ws/install/village_interfaces/local/lib/python3.10/dist-packages/village_interfaces/msg'...
[1.424s] Listing '/home/tzq/town_ws/install/village_interfaces/local/lib/python3.10/dist-packages/village_interfaces/srv'...
[1.443s] -- Up-to-date: /home/tzq/town_ws/install/village_interfaces/local/lib/python3.10/dist-packages/village_interfaces/village_interfaces_s__rosidl_typesupport_fastrtps_c.cpython-310-x86_64-linux-gnu.so
[1.445s] -- Up-to-date: /home/tzq/town_ws/install/village_interfaces/local/lib/python3.10/dist-packages/village_interfaces/village_interfaces_s__rosidl_typesupport_introspection_c.cpython-310-x86_64-linux-gnu.so
[1.446s] -- Up-to-date: /home/tzq/town_ws/install/village_interfaces/local/lib/python3.10/dist-packages/village_interfaces/village_interfaces_s__rosidl_typesupport_c.cpython-310-x86_64-linux-gnu.so
[1.448s] -- Up-to-date: /home/tzq/town_ws/install/village_interfaces/lib/libvillage_interfaces__rosidl_generator_py.so
[1.448s] -- Up-to-date: /home/tzq/town_ws/install/village_interfaces/share/village_interfaces/msg/Novel.idl
[1.448s] -- Up-to-date: /home/tzq/town_ws/install/village_interfaces/share/village_interfaces/srv/BorrowMoney.idl
[1.449s] -- Up-to-date: /home/tzq/town_ws/install/village_interfaces/share/village_interfaces/srv/SellNovel.idl
[1.449s] -- Up-to-date: /home/tzq/town_ws/install/village_interfaces/share/village_interfaces/msg/Novel.msg
[1.449s] -- Up-to-date: /home/tzq/town_ws/install/village_interfaces/share/village_interfaces/srv/BorrowMoney.srv
[1.450s] -- Up-to-date: /home/tzq/town_ws/install/village_interfaces/share/village_interfaces/srv/BorrowMoney_Request.msg
[1.450s] -- Up-to-date: /home/tzq/town_ws/install/village_interfaces/share/village_interfaces/srv/BorrowMoney_Response.msg
[1.450s] -- Up-to-date: /home/tzq/town_ws/install/village_interfaces/share/village_interfaces/srv/SellNovel.srv
[1.451s] -- Up-to-date: /home/tzq/town_ws/install/village_interfaces/share/village_interfaces/srv/SellNovel_Request.msg
[1.451s] -- Up-to-date: /home/tzq/town_ws/install/village_interfaces/share/village_interfaces/srv/SellNovel_Response.msg
[1.451s] -- Up-to-date: /home/tzq/town_ws/install/village_interfaces/share/ament_index/resource_index/package_run_dependencies/village_interfaces
[1.451s] -- Up-to-date: /home/tzq/town_ws/install/village_interfaces/share/ament_index/resource_index/parent_prefix_path/village_interfaces
[1.451s] -- Up-to-date: /home/tzq/town_ws/install/village_interfaces/share/village_interfaces/environment/ament_prefix_path.sh
[1.452s] -- Up-to-date: /home/tzq/town_ws/install/village_interfaces/share/village_interfaces/environment/ament_prefix_path.dsv
[1.452s] -- Up-to-date: /home/tzq/town_ws/install/village_interfaces/share/village_interfaces/environment/path.sh
[1.452s] -- Up-to-date: /home/tzq/town_ws/install/village_interfaces/share/village_interfaces/environment/path.dsv
[1.452s] -- Up-to-date: /home/tzq/town_ws/install/village_interfaces/share/village_interfaces/local_setup.bash
[1.453s] -- Up-to-date: /home/tzq/town_ws/install/village_interfaces/share/village_interfaces/local_setup.sh
[1.453s] -- Up-to-date: /home/tzq/town_ws/install/village_interfaces/share/village_interfaces/local_setup.zsh
[1.453s] -- Up-to-date: /home/tzq/town_ws/install/village_interfaces/share/village_interfaces/local_setup.dsv
[1.454s] -- Installing: /home/tzq/town_ws/install/village_interfaces/share/village_interfaces/package.dsv
[1.455s] -- Up-to-date: /home/tzq/town_ws/install/village_interfaces/share/ament_index/resource_index/packages/village_interfaces
[1.457s] -- Up-to-date: /home/tzq/town_ws/install/village_interfaces/share/village_interfaces/cmake/export_village_interfaces__rosidl_generator_cExport.cmake
[1.457s] -- Up-to-date: /home/tzq/town_ws/install/village_interfaces/share/village_interfaces/cmake/export_village_interfaces__rosidl_generator_cExport-noconfig.cmake
[1.458s] -- Up-to-date: /home/tzq/town_ws/install/village_interfaces/share/village_interfaces/cmake/export_village_interfaces__rosidl_typesupport_fastrtps_cExport.cmake
[1.458s] -- Up-to-date: /home/tzq/town_ws/install/village_interfaces/share/village_interfaces/cmake/export_village_interfaces__rosidl_typesupport_fastrtps_cExport-noconfig.cmake
[1.459s] -- Up-to-date: /home/tzq/town_ws/install/village_interfaces/share/village_interfaces/cmake/export_village_interfaces__rosidl_generator_cppExport.cmake
[1.460s] -- Up-to-date: /home/tzq/town_ws/install/village_interfaces/share/village_interfaces/cmake/export_village_interfaces__rosidl_typesupport_fastrtps_cppExport.cmake
[1.460s] -- Up-to-date: /home/tzq/town_ws/install/village_interfaces/share/village_interfaces/cmake/export_village_interfaces__rosidl_typesupport_fastrtps_cppExport-noconfig.cmake
[1.461s] -- Up-to-date: /home/tzq/town_ws/install/village_interfaces/share/village_interfaces/cmake/village_interfaces__rosidl_typesupport_introspection_cExport.cmake
[1.461s] -- Up-to-date: /home/tzq/town_ws/install/village_interfaces/share/village_interfaces/cmake/village_interfaces__rosidl_typesupport_introspection_cExport-noconfig.cmake
[1.462s] -- Up-to-date: /home/tzq/town_ws/install/village_interfaces/share/village_interfaces/cmake/village_interfaces__rosidl_typesupport_cExport.cmake
[1.462s] -- Up-to-date: /home/tzq/town_ws/install/village_interfaces/share/village_interfaces/cmake/village_interfaces__rosidl_typesupport_cExport-noconfig.cmake
[1.462s] -- Up-to-date: /home/tzq/town_ws/install/village_interfaces/share/village_interfaces/cmake/village_interfaces__rosidl_typesupport_introspection_cppExport.cmake
[1.463s] -- Up-to-date: /home/tzq/town_ws/install/village_interfaces/share/village_interfaces/cmake/village_interfaces__rosidl_typesupport_introspection_cppExport-noconfig.cmake
[1.463s] -- Up-to-date: /home/tzq/town_ws/install/village_interfaces/share/village_interfaces/cmake/village_interfaces__rosidl_typesupport_cppExport.cmake
[1.464s] -- Up-to-date: /home/tzq/town_ws/install/village_interfaces/share/village_interfaces/cmake/village_interfaces__rosidl_typesupport_cppExport-noconfig.cmake
[1.464s] -- Up-to-date: /home/tzq/town_ws/install/village_interfaces/share/village_interfaces/cmake/export_village_interfaces__rosidl_generator_pyExport.cmake
[1.464s] -- Up-to-date: /home/tzq/town_ws/install/village_interfaces/share/village_interfaces/cmake/export_village_interfaces__rosidl_generator_pyExport-noconfig.cmake
[1.465s] -- Up-to-date: /home/tzq/town_ws/install/village_interfaces/share/village_interfaces/cmake/rosidl_cmake-extras.cmake
[1.465s] -- Up-to-date: /home/tzq/town_ws/install/village_interfaces/share/village_interfaces/cmake/ament_cmake_export_dependencies-extras.cmake
[1.465s] -- Up-to-date: /home/tzq/town_ws/install/village_interfaces/share/village_interfaces/cmake/ament_cmake_export_include_directories-extras.cmake
[1.465s] -- Up-to-date: /home/tzq/town_ws/install/village_interfaces/share/village_interfaces/cmake/ament_cmake_export_libraries-extras.cmake
[1.465s] -- Up-to-date: /home/tzq/town_ws/install/village_interfaces/share/village_interfaces/cmake/ament_cmake_export_targets-extras.cmake
[1.466s] -- Up-to-date: /home/tzq/town_ws/install/village_interfaces/share/village_interfaces/cmake/rosidl_cmake_export_typesupport_targets-extras.cmake
[1.466s] -- Up-to-date: /home/tzq/town_ws/install/village_interfaces/share/village_interfaces/cmake/rosidl_cmake_export_typesupport_libraries-extras.cmake
[1.466s] -- Up-to-date: /home/tzq/town_ws/install/village_interfaces/share/village_interfaces/cmake/village_interfacesConfig.cmake
[1.466s] -- Up-to-date: /home/tzq/town_ws/install/village_interfaces/share/village_interfaces/cmake/village_interfacesConfig-version.cmake
[1.467s] -- Up-to-date: /home/tzq/town_ws/install/village_interfaces/share/village_interfaces/package.xml
[1.474s] Invoked command in '/home/tzq/town_ws/build/village_interfaces' returned '0': CMAKE_PREFIX_PATH=${CMAKE_PREFIX_PATH}:/home/tzq/town_ws/install/village_li:/opt/ros/humble /usr/bin/cmake --install /home/tzq/town_ws/build/village_interfaces
