[0.087s] Invoking command in '/home/tzq/town_ws/build/village_wang': CMAKE_PREFIX_PATH=${CMAKE_PREFIX_PATH}:/home/tzq/town_ws/install/village_li:/opt/ros/humble /usr/bin/cmake --build /home/tzq/town_ws/build/village_wang -- -j2 -l2
[0.225s] [35m[1mConsolidate compiler generated dependencies of target wang2_node[0m
[0.246s] [100%] Built target wang2_node
[0.264s] Invoked command in '/home/tzq/town_ws/build/village_wang' returned '0': CMAKE_PREFIX_PATH=${CMAKE_PREFIX_PATH}:/home/tzq/town_ws/install/village_li:/opt/ros/humble /usr/bin/cmake --build /home/tzq/town_ws/build/village_wang -- -j2 -l2
[0.401s] Invoking command in '/home/tzq/town_ws/build/village_wang': CMAKE_PREFIX_PATH=${CMAKE_PREFIX_PATH}:/home/tzq/town_ws/install/village_li:/opt/ros/humble /usr/bin/cmake --install /home/tzq/town_ws/build/village_wang
[0.409s] -- Install configuration: ""
[0.410s] -- Up-to-date: /home/tzq/town_ws/install/village_wang/share/ament_index/resource_index/package_run_dependencies/village_wang
[0.413s] -- Up-to-date: /home/tzq/town_ws/install/village_wang/share/ament_index/resource_index/parent_prefix_path/village_wang
[0.414s] -- Up-to-date: /home/tzq/town_ws/install/village_wang/share/village_wang/environment/ament_prefix_path.sh
[0.419s] -- Up-to-date: /home/tzq/town_ws/install/village_wang/share/village_wang/environment/ament_prefix_path.dsv
[0.419s] -- Up-to-date: /home/tzq/town_ws/install/village_wang/share/village_wang/environment/path.sh
[0.419s] -- Up-to-date: /home/tzq/town_ws/install/village_wang/share/village_wang/environment/path.dsv
[0.419s] -- Up-to-date: /home/tzq/town_ws/install/village_wang/share/village_wang/local_setup.bash
[0.419s] -- Up-to-date: /home/tzq/town_ws/install/village_wang/share/village_wang/local_setup.sh
[0.419s] -- Up-to-date: /home/tzq/town_ws/install/village_wang/share/village_wang/local_setup.zsh
[0.419s] -- Up-to-date: /home/tzq/town_ws/install/village_wang/share/village_wang/local_setup.dsv
[0.420s] -- Installing: /home/tzq/town_ws/install/village_wang/share/village_wang/package.dsv
[0.420s] -- Up-to-date: /home/tzq/town_ws/install/village_wang/share/ament_index/resource_index/packages/village_wang
[0.425s] -- Up-to-date: /home/tzq/town_ws/install/village_wang/share/village_wang/cmake/village_wangConfig.cmake
[0.425s] -- Up-to-date: /home/tzq/town_ws/install/village_wang/share/village_wang/cmake/village_wangConfig-version.cmake
[0.425s] -- Up-to-date: /home/tzq/town_ws/install/village_wang/share/village_wang/package.xml
[0.425s] -- Up-to-date: /home/tzq/town_ws/install/village_wang/lib/village_wang/wang2_node
[0.427s] Invoked command in '/home/tzq/town_ws/build/village_wang' returned '0': CMAKE_PREFIX_PATH=${CMAKE_PREFIX_PATH}:/home/tzq/town_ws/install/village_li:/opt/ros/humble /usr/bin/cmake --install /home/tzq/town_ws/build/village_wang
