[0.090s] Invoking command in '/home/tzq/town_ws/build/village_wang': AMENT_PREFIX_PATH=/home/tzq/town_ws/install/village_interfaces:${AMENT_PREFIX_PATH} CMAKE_PREFIX_PATH=/home/tzq/town_ws/install/village_interfaces:/opt/ros/humble LD_LIBRARY_PATH=/home/tzq/town_ws/install/village_interfaces/lib:${LD_LIBRARY_PATH} PYTHONPATH=/home/tzq/town_ws/install/village_interfaces/local/lib/python3.10/dist-packages:${PYTHONPATH} /usr/bin/cmake --build /home/tzq/town_ws/build/village_wang -- -j2 -l2
[0.136s] -- Found ament_cmake: 1.3.8 (/opt/ros/humble/share/ament_cmake/cmake)
[0.350s] -- Found rclcpp: 16.0.8 (/opt/ros/humble/share/rclcpp/cmake)
[0.385s] -- Found rosidl_generator_c: 3.1.5 (/opt/ros/humble/share/rosidl_generator_c/cmake)
[0.393s] -- Found rosidl_adapter: 3.1.5 (/opt/ros/humble/share/rosidl_adapter/cmake)
[0.405s] -- Found rosidl_generator_cpp: 3.1.5 (/opt/ros/humble/share/rosidl_generator_cpp/cmake)
[0.424s] -- Using all available rosidl_typesupport_c: rosidl_typesupport_fastrtps_c;rosidl_typesupport_introspection_c
[0.445s] -- Using all available rosidl_typesupport_cpp: rosidl_typesupport_fastrtps_cpp;rosidl_typesupport_introspection_cpp
[0.509s] -- Found rmw_implementation_cmake: 6.1.1 (/opt/ros/humble/share/rmw_implementation_cmake/cmake)
[0.512s] -- Found rmw_fastrtps_cpp: 6.2.6 (/opt/ros/humble/share/rmw_fastrtps_cpp/cmake)
[0.643s] -- Using RMW implementation 'rmw_fastrtps_cpp' as default
[0.771s] -- Found village_interfaces: 0.0.0 (/home/tzq/town_ws/install/village_interfaces/share/village_interfaces/cmake)
[0.964s] -- Found ament_lint_auto: 0.12.10 (/opt/ros/humble/share/ament_lint_auto/cmake)
[1.036s] -- Added test 'cppcheck' to perform static code analysis on C / C++ code
[1.036s] -- Configured cppcheck include dirs: 
[1.036s] -- Configured cppcheck exclude dirs and/or files: 
[1.037s] -- Added test 'lint_cmake' to check CMake code style
[1.038s] -- Added test 'uncrustify' to check C / C++ code style
[1.038s] -- Configured uncrustify additional arguments: 
[1.039s] -- Added test 'xmllint' to check XML markup files
[1.042s] [31mCMake Error at /opt/ros/humble/share/ament_cmake_target_dependencies/cmake/ament_target_dependencies.cmake:42 (message):
[1.042s]   ament_target_dependencies() the first argument must be a valid target name
[1.042s] Call Stack (most recent call first):
[1.042s]   CMakeLists.txt:32 (ament_target_dependencies)
[1.042s] 
[1.042s] [0m
[1.044s] -- Configuring incomplete, errors occurred!
[1.044s] See also "/home/tzq/town_ws/build/village_wang/CMakeFiles/CMakeOutput.log".
[1.053s] gmake: *** [Makefile:267：cmake_check_build_system] 错误 1
[1.056s] Invoked command in '/home/tzq/town_ws/build/village_wang' returned '2': AMENT_PREFIX_PATH=/home/tzq/town_ws/install/village_interfaces:${AMENT_PREFIX_PATH} CMAKE_PREFIX_PATH=/home/tzq/town_ws/install/village_interfaces:/opt/ros/humble LD_LIBRARY_PATH=/home/tzq/town_ws/install/village_interfaces/lib:${LD_LIBRARY_PATH} PYTHONPATH=/home/tzq/town_ws/install/village_interfaces/local/lib/python3.10/dist-packages:${PYTHONPATH} /usr/bin/cmake --build /home/tzq/town_ws/build/village_wang -- -j2 -l2
