[1.206s] DEBUG:colcon:Command line arguments: ['/usr/bin/colcon', 'build']
[1.206s] DEBUG:colcon:Parsed command line arguments: Namespace(log_base=None, log_level=None, verb_name='build', build_base='build', install_base='install', merge_install=False, symlink_install=False, test_result_base=None, continue_on_error=False, executor='parallel', parallel_workers=2, event_handlers=None, ignore_user_meta=False, metas=['./colcon.meta'], base_paths=['.'], packages_ignore=None, packages_ignore_regex=None, paths=None, packages_up_to=None, packages_up_to_regex=None, packages_above=None, packages_above_and_dependencies=None, packages_above_depth=None, packages_select_by_dep=None, packages_skip_by_dep=None, packages_skip_up_to=None, packages_select_build_failed=False, packages_skip_build_finished=False, packages_select_test_failures=False, packages_skip_test_passed=False, packages_select=None, packages_skip=None, packages_select_regex=None, packages_skip_regex=None, packages_start=None, packages_end=None, allow_overriding=[], cmake_args=None, cmake_target=None, cmake_target_skip_unavailable=False, cmake_clean_cache=False, cmake_clean_first=False, cmake_force_configure=False, ament_cmake_args=None, catkin_cmake_args=None, catkin_skip_building_tests=False, verb_parser=<colcon_defaults.argument_parser.defaults.DefaultArgumentsDecorator object at 0x77186466a110>, verb_extension=<colcon_core.verb.build.BuildVerb object at 0x771864641c00>, main=<bound method BuildVerb.main of <colcon_core.verb.build.BuildVerb object at 0x771864641c00>>)
[1.263s] Level 1:colcon.colcon_core.package_discovery:discover_packages(colcon_meta) check parameters
[1.264s] Level 1:colcon.colcon_core.package_discovery:discover_packages(recursive) check parameters
[1.264s] Level 1:colcon.colcon_core.package_discovery:discover_packages(ignore) check parameters
[1.264s] Level 1:colcon.colcon_core.package_discovery:discover_packages(path) check parameters
[1.265s] Level 1:colcon.colcon_core.package_discovery:discover_packages(colcon_meta) discover
[1.265s] Level 1:colcon.colcon_core.package_discovery:discover_packages(recursive) discover
[1.265s] INFO:colcon.colcon_core.package_discovery:Crawling recursively for packages in '/home/tzq/town_ws'
[1.265s] Level 1:colcon.colcon_core.package_identification:_identify(.) by extensions ['ignore', 'ignore_ament_install']
[1.266s] Level 1:colcon.colcon_core.package_identification:_identify(.) by extension 'ignore'
[1.266s] Level 1:colcon.colcon_core.package_identification:_identify(.) by extension 'ignore_ament_install'
[1.266s] Level 1:colcon.colcon_core.package_identification:_identify(.) by extensions ['colcon_pkg']
[1.266s] Level 1:colcon.colcon_core.package_identification:_identify(.) by extension 'colcon_pkg'
[1.267s] Level 1:colcon.colcon_core.package_identification:_identify(.) by extensions ['colcon_meta']
[1.267s] Level 1:colcon.colcon_core.package_identification:_identify(.) by extension 'colcon_meta'
[1.267s] Level 1:colcon.colcon_core.package_identification:_identify(.) by extensions ['ros']
[1.267s] Level 1:colcon.colcon_core.package_identification:_identify(.) by extension 'ros'
[1.284s] Level 1:colcon.colcon_core.package_identification:_identify(.) by extensions ['cmake', 'python']
[1.284s] Level 1:colcon.colcon_core.package_identification:_identify(.) by extension 'cmake'
[1.284s] Level 1:colcon.colcon_core.package_identification:_identify(.) by extension 'python'
[1.285s] Level 1:colcon.colcon_core.package_identification:_identify(.) by extensions ['python_setup_py']
[1.285s] Level 1:colcon.colcon_core.package_identification:_identify(.) by extension 'python_setup_py'
[1.285s] Level 1:colcon.colcon_core.package_identification:_identify(build) by extensions ['ignore', 'ignore_ament_install']
[1.285s] Level 1:colcon.colcon_core.package_identification:_identify(build) by extension 'ignore'
[1.285s] Level 1:colcon.colcon_core.package_identification:_identify(build) ignored
[1.286s] Level 1:colcon.colcon_core.package_identification:_identify(install) by extensions ['ignore', 'ignore_ament_install']
[1.286s] Level 1:colcon.colcon_core.package_identification:_identify(install) by extension 'ignore'
[1.286s] Level 1:colcon.colcon_core.package_identification:_identify(install) ignored
[1.286s] Level 1:colcon.colcon_core.package_identification:_identify(log) by extensions ['ignore', 'ignore_ament_install']
[1.287s] Level 1:colcon.colcon_core.package_identification:_identify(log) by extension 'ignore'
[1.287s] Level 1:colcon.colcon_core.package_identification:_identify(log) ignored
[1.287s] Level 1:colcon.colcon_core.package_identification:_identify(src) by extensions ['ignore', 'ignore_ament_install']
[1.287s] Level 1:colcon.colcon_core.package_identification:_identify(src) by extension 'ignore'
[1.288s] Level 1:colcon.colcon_core.package_identification:_identify(src) by extension 'ignore_ament_install'
[1.288s] Level 1:colcon.colcon_core.package_identification:_identify(src) by extensions ['colcon_pkg']
[1.288s] Level 1:colcon.colcon_core.package_identification:_identify(src) by extension 'colcon_pkg'
[1.288s] Level 1:colcon.colcon_core.package_identification:_identify(src) by extensions ['colcon_meta']
[1.288s] Level 1:colcon.colcon_core.package_identification:_identify(src) by extension 'colcon_meta'
[1.288s] Level 1:colcon.colcon_core.package_identification:_identify(src) by extensions ['ros']
[1.289s] Level 1:colcon.colcon_core.package_identification:_identify(src) by extension 'ros'
[1.289s] Level 1:colcon.colcon_core.package_identification:_identify(src) by extensions ['cmake', 'python']
[1.289s] Level 1:colcon.colcon_core.package_identification:_identify(src) by extension 'cmake'
[1.289s] Level 1:colcon.colcon_core.package_identification:_identify(src) by extension 'python'
[1.289s] Level 1:colcon.colcon_core.package_identification:_identify(src) by extensions ['python_setup_py']
[1.289s] Level 1:colcon.colcon_core.package_identification:_identify(src) by extension 'python_setup_py'
[1.290s] Level 1:colcon.colcon_core.package_identification:_identify(src/build) by extensions ['ignore', 'ignore_ament_install']
[1.290s] Level 1:colcon.colcon_core.package_identification:_identify(src/build) by extension 'ignore'
[1.290s] Level 1:colcon.colcon_core.package_identification:_identify(src/build) ignored
[1.290s] Level 1:colcon.colcon_core.package_identification:_identify(src/install) by extensions ['ignore', 'ignore_ament_install']
[1.291s] Level 1:colcon.colcon_core.package_identification:_identify(src/install) by extension 'ignore'
[1.291s] Level 1:colcon.colcon_core.package_identification:_identify(src/install) ignored
[1.291s] Level 1:colcon.colcon_core.package_identification:_identify(src/log) by extensions ['ignore', 'ignore_ament_install']
[1.291s] Level 1:colcon.colcon_core.package_identification:_identify(src/log) by extension 'ignore'
[1.291s] Level 1:colcon.colcon_core.package_identification:_identify(src/log) ignored
[1.292s] Level 1:colcon.colcon_core.package_identification:_identify(src/village_li) by extensions ['ignore', 'ignore_ament_install']
[1.292s] Level 1:colcon.colcon_core.package_identification:_identify(src/village_li) by extension 'ignore'
[1.292s] Level 1:colcon.colcon_core.package_identification:_identify(src/village_li) by extension 'ignore_ament_install'
[1.292s] Level 1:colcon.colcon_core.package_identification:_identify(src/village_li) by extensions ['colcon_pkg']
[1.292s] Level 1:colcon.colcon_core.package_identification:_identify(src/village_li) by extension 'colcon_pkg'
[1.293s] Level 1:colcon.colcon_core.package_identification:_identify(src/village_li) by extensions ['colcon_meta']
[1.293s] Level 1:colcon.colcon_core.package_identification:_identify(src/village_li) by extension 'colcon_meta'
[1.293s] Level 1:colcon.colcon_core.package_identification:_identify(src/village_li) by extensions ['ros']
[1.293s] Level 1:colcon.colcon_core.package_identification:_identify(src/village_li) by extension 'ros'
[1.298s] DEBUG:colcon.colcon_core.package_identification:Package 'src/village_li' with type 'ros.ament_python' and name 'village_li'
[1.299s] Level 1:colcon.colcon_core.package_identification:_identify(src/village_wang) by extensions ['ignore', 'ignore_ament_install']
[1.299s] Level 1:colcon.colcon_core.package_identification:_identify(src/village_wang) by extension 'ignore'
[1.299s] Level 1:colcon.colcon_core.package_identification:_identify(src/village_wang) by extension 'ignore_ament_install'
[1.299s] Level 1:colcon.colcon_core.package_identification:_identify(src/village_wang) by extensions ['colcon_pkg']
[1.300s] Level 1:colcon.colcon_core.package_identification:_identify(src/village_wang) by extension 'colcon_pkg'
[1.300s] Level 1:colcon.colcon_core.package_identification:_identify(src/village_wang) by extensions ['colcon_meta']
[1.300s] Level 1:colcon.colcon_core.package_identification:_identify(src/village_wang) by extension 'colcon_meta'
[1.300s] Level 1:colcon.colcon_core.package_identification:_identify(src/village_wang) by extensions ['ros']
[1.300s] Level 1:colcon.colcon_core.package_identification:_identify(src/village_wang) by extension 'ros'
[1.301s] DEBUG:colcon.colcon_core.package_identification:Package 'src/village_wang' with type 'ros.ament_cmake' and name 'village_wang'
[1.301s] Level 1:colcon.colcon_core.package_discovery:discover_packages(recursive) using defaults
[1.302s] Level 1:colcon.colcon_core.package_discovery:discover_packages(ignore) discover
[1.302s] Level 1:colcon.colcon_core.package_discovery:discover_packages(ignore) using defaults
[1.302s] Level 1:colcon.colcon_core.package_discovery:discover_packages(path) discover
[1.302s] Level 1:colcon.colcon_core.package_discovery:discover_packages(path) using defaults
[1.418s] Level 1:colcon.colcon_core.package_discovery:discover_packages(prefix_path) check parameters
[1.418s] Level 1:colcon.colcon_core.package_discovery:discover_packages(prefix_path) discover
[1.452s] DEBUG:colcon.colcon_installed_package_information.package_discovery:Found 2 installed packages in /home/tzq/town_ws/install
[1.468s] DEBUG:colcon.colcon_installed_package_information.package_discovery:Found 270 installed packages in /opt/ros/humble
[1.469s] Level 1:colcon.colcon_core.package_discovery:discover_packages(prefix_path) using defaults
[1.577s] Level 5:colcon.colcon_core.verb:set package 'village_li' build argument 'cmake_args' from command line to 'None'
[1.578s] Level 5:colcon.colcon_core.verb:set package 'village_li' build argument 'cmake_target' from command line to 'None'
[1.579s] Level 5:colcon.colcon_core.verb:set package 'village_li' build argument 'cmake_target_skip_unavailable' from command line to 'False'
[1.579s] Level 5:colcon.colcon_core.verb:set package 'village_li' build argument 'cmake_clean_cache' from command line to 'False'
[1.579s] Level 5:colcon.colcon_core.verb:set package 'village_li' build argument 'cmake_clean_first' from command line to 'False'
[1.579s] Level 5:colcon.colcon_core.verb:set package 'village_li' build argument 'cmake_force_configure' from command line to 'False'
[1.579s] Level 5:colcon.colcon_core.verb:set package 'village_li' build argument 'ament_cmake_args' from command line to 'None'
[1.579s] Level 5:colcon.colcon_core.verb:set package 'village_li' build argument 'catkin_cmake_args' from command line to 'None'
[1.580s] Level 5:colcon.colcon_core.verb:set package 'village_li' build argument 'catkin_skip_building_tests' from command line to 'False'
[1.580s] DEBUG:colcon.colcon_core.verb:Building package 'village_li' with the following arguments: {'ament_cmake_args': None, 'build_base': '/home/tzq/town_ws/build/village_li', 'catkin_cmake_args': None, 'catkin_skip_building_tests': False, 'cmake_args': None, 'cmake_clean_cache': False, 'cmake_clean_first': False, 'cmake_force_configure': False, 'cmake_target': None, 'cmake_target_skip_unavailable': False, 'install_base': '/home/tzq/town_ws/install/village_li', 'merge_install': False, 'path': '/home/tzq/town_ws/src/village_li', 'symlink_install': False, 'test_result_base': None}
[1.596s] Level 5:colcon.colcon_core.verb:set package 'village_wang' build argument 'cmake_args' from command line to 'None'
[1.597s] Level 5:colcon.colcon_core.verb:set package 'village_wang' build argument 'cmake_target' from command line to 'None'
[1.597s] Level 5:colcon.colcon_core.verb:set package 'village_wang' build argument 'cmake_target_skip_unavailable' from command line to 'False'
[1.597s] Level 5:colcon.colcon_core.verb:set package 'village_wang' build argument 'cmake_clean_cache' from command line to 'False'
[1.598s] Level 5:colcon.colcon_core.verb:set package 'village_wang' build argument 'cmake_clean_first' from command line to 'False'
[1.598s] Level 5:colcon.colcon_core.verb:set package 'village_wang' build argument 'cmake_force_configure' from command line to 'False'
[1.598s] Level 5:colcon.colcon_core.verb:set package 'village_wang' build argument 'ament_cmake_args' from command line to 'None'
[1.598s] Level 5:colcon.colcon_core.verb:set package 'village_wang' build argument 'catkin_cmake_args' from command line to 'None'
[1.598s] Level 5:colcon.colcon_core.verb:set package 'village_wang' build argument 'catkin_skip_building_tests' from command line to 'False'
[1.598s] DEBUG:colcon.colcon_core.verb:Building package 'village_wang' with the following arguments: {'ament_cmake_args': None, 'build_base': '/home/tzq/town_ws/build/village_wang', 'catkin_cmake_args': None, 'catkin_skip_building_tests': False, 'cmake_args': None, 'cmake_clean_cache': False, 'cmake_clean_first': False, 'cmake_force_configure': False, 'cmake_target': None, 'cmake_target_skip_unavailable': False, 'install_base': '/home/tzq/town_ws/install/village_wang', 'merge_install': False, 'path': '/home/tzq/town_ws/src/village_wang', 'symlink_install': False, 'test_result_base': None}
[1.615s] INFO:colcon.colcon_core.executor:Executing jobs using 'parallel' executor
[1.637s] DEBUG:colcon.colcon_parallel_executor.executor.parallel:run_until_complete
[1.638s] INFO:colcon.colcon_ros.task.ament_python.build:Building ROS package in '/home/tzq/town_ws/src/village_li' with build type 'ament_python'
[1.639s] Level 1:colcon.colcon_core.shell:create_environment_hook('village_li', 'ament_prefix_path')
[1.656s] INFO:colcon.colcon_core.plugin_system:Skipping extension 'colcon_core.shell.bat': Not used on non-Windows systems
[1.657s] INFO:colcon.colcon_core.shell:Creating environment hook '/home/tzq/town_ws/install/village_li/share/village_li/hook/ament_prefix_path.ps1'
[1.658s] INFO:colcon.colcon_core.shell:Creating environment descriptor '/home/tzq/town_ws/install/village_li/share/village_li/hook/ament_prefix_path.dsv'
[1.659s] INFO:colcon.colcon_core.shell:Creating environment hook '/home/tzq/town_ws/install/village_li/share/village_li/hook/ament_prefix_path.sh'
[1.683s] INFO:colcon.colcon_core.shell:Skip shell extension 'powershell' for command environment: Not usable outside of PowerShell
[1.683s] DEBUG:colcon.colcon_core.shell:Skip shell extension 'dsv' for command environment
[1.735s] INFO:colcon.colcon_ros.task.ament_cmake.build:Building ROS package in '/home/tzq/town_ws/src/village_wang' with build type 'ament_cmake'
[1.736s] INFO:colcon.colcon_cmake.task.cmake.build:Building CMake package in '/home/tzq/town_ws/src/village_wang'
[1.754s] INFO:colcon.colcon_core.shell:Skip shell extension 'powershell' for command environment: Not usable outside of PowerShell
[1.755s] DEBUG:colcon.colcon_core.shell:Skip shell extension 'dsv' for command environment
[2.239s] INFO:colcon.colcon_core.task.python.build:Building Python package in '/home/tzq/town_ws/src/village_li'
[2.260s] INFO:colcon.colcon_core.shell:Skip shell extension 'powershell' for command environment: Not usable outside of PowerShell
[2.267s] DEBUG:colcon.colcon_core.shell:Skip shell extension 'dsv' for command environment
[2.348s] DEBUG:colcon.colcon_core.event_handler.log_command:Invoking command in '/home/tzq/town_ws/build/village_wang': CMAKE_PREFIX_PATH=${CMAKE_PREFIX_PATH}:/home/tzq/town_ws/install/village_li:/opt/ros/humble /usr/bin/cmake --build /home/tzq/town_ws/build/village_wang -- -j2 -l2
[3.265s] DEBUG:colcon.colcon_core.event_handler.log_command:Invoking command in '/home/tzq/town_ws/src/village_li': PYTHONPATH=/home/tzq/town_ws/build/village_li/prefix_override:/home/tzq/town_ws/install/village_li/lib/python3.10/site-packages:${PYTHONPATH} /usr/bin/python3 setup.py egg_info --egg-base ../../build/village_li build --build-base /home/tzq/town_ws/build/village_li/build install --record /home/tzq/town_ws/build/village_li/install.log --single-version-externally-managed
[3.331s] DEBUG:colcon.colcon_core.event_handler.log_command:Invoked command in '/home/tzq/town_ws/build/village_wang' returned '2': CMAKE_PREFIX_PATH=${CMAKE_PREFIX_PATH}:/home/tzq/town_ws/install/village_li:/opt/ros/humble /usr/bin/cmake --build /home/tzq/town_ws/build/village_wang -- -j2 -l2
[3.459s] Level 1:colcon.colcon_core.environment:create_environment_scripts_only(village_wang)
[3.496s] Level 1:colcon.colcon_core.environment:checking '/home/tzq/town_ws/install/village_wang' for CMake module files
[3.498s] Level 1:colcon.colcon_core.environment:checking '/home/tzq/town_ws/install/village_wang' for CMake config files
[3.498s] Level 1:colcon.colcon_core.shell:create_environment_hook('village_wang', 'cmake_prefix_path')
[3.522s] INFO:colcon.colcon_core.shell:Creating environment hook '/home/tzq/town_ws/install/village_wang/share/village_wang/hook/cmake_prefix_path.ps1'
[3.524s] INFO:colcon.colcon_core.shell:Creating environment descriptor '/home/tzq/town_ws/install/village_wang/share/village_wang/hook/cmake_prefix_path.dsv'
[3.526s] INFO:colcon.colcon_core.shell:Creating environment hook '/home/tzq/town_ws/install/village_wang/share/village_wang/hook/cmake_prefix_path.sh'
[3.528s] Level 1:colcon.colcon_core.environment:checking '/home/tzq/town_ws/install/village_wang/lib'
[3.528s] Level 1:colcon.colcon_core.environment:checking '/home/tzq/town_ws/install/village_wang/bin'
[3.528s] Level 1:colcon.colcon_core.environment:checking '/home/tzq/town_ws/install/village_wang/lib/pkgconfig/village_wang.pc'
[3.529s] Level 1:colcon.colcon_core.environment:checking '/home/tzq/town_ws/install/village_wang/lib/python3.10/site-packages'
[3.529s] Level 1:colcon.colcon_core.environment:checking '/home/tzq/town_ws/install/village_wang/bin'
[3.543s] INFO:colcon.colcon_core.shell:Creating package script '/home/tzq/town_ws/install/village_wang/share/village_wang/package.ps1'
[3.557s] INFO:colcon.colcon_core.shell:Creating package descriptor '/home/tzq/town_ws/install/village_wang/share/village_wang/package.dsv'
[3.558s] INFO:colcon.colcon_core.shell:Creating package script '/home/tzq/town_ws/install/village_wang/share/village_wang/package.sh'
[3.559s] INFO:colcon.colcon_core.shell:Creating package script '/home/tzq/town_ws/install/village_wang/share/village_wang/package.bash'
[3.562s] INFO:colcon.colcon_core.shell:Creating package script '/home/tzq/town_ws/install/village_wang/share/village_wang/package.zsh'
[3.565s] Level 1:colcon.colcon_core.environment:create_file_with_runtime_dependencies(/home/tzq/town_ws/install/village_wang/share/colcon-core/packages/village_wang)
[3.869s] DEBUG:colcon.colcon_parallel_executor.executor.parallel:closing loop
[3.870s] DEBUG:colcon.colcon_parallel_executor.executor.parallel:loop closed
[3.870s] DEBUG:colcon.colcon_parallel_executor.executor.parallel:run_until_complete finished with '2'
[3.870s] DEBUG:colcon.colcon_core.event_reactor:joining thread
[3.915s] INFO:colcon.colcon_core.plugin_system:Skipping extension 'colcon_notification.desktop_notification.terminal_notifier': Not used on non-Darwin systems
[3.915s] INFO:colcon.colcon_core.plugin_system:Skipping extension 'colcon_notification.desktop_notification.win32': Not used on non-Windows systems
[3.916s] INFO:colcon.colcon_notification.desktop_notification:Sending desktop notification using 'notify2'
[3.940s] DEBUG:colcon.colcon_core.event_reactor:joined thread
[3.970s] INFO:colcon.colcon_core.shell:Creating prefix script '/home/tzq/town_ws/install/local_setup.ps1'
[3.977s] INFO:colcon.colcon_core.shell:Creating prefix util module '/home/tzq/town_ws/install/_local_setup_util_ps1.py'
[3.979s] INFO:colcon.colcon_core.shell:Creating prefix chain script '/home/tzq/town_ws/install/setup.ps1'
[4.010s] INFO:colcon.colcon_core.shell:Creating prefix script '/home/tzq/town_ws/install/local_setup.sh'
[4.011s] INFO:colcon.colcon_core.shell:Creating prefix util module '/home/tzq/town_ws/install/_local_setup_util_sh.py'
[4.012s] INFO:colcon.colcon_core.shell:Creating prefix chain script '/home/tzq/town_ws/install/setup.sh'
[4.037s] INFO:colcon.colcon_core.shell:Creating prefix script '/home/tzq/town_ws/install/local_setup.bash'
[4.038s] INFO:colcon.colcon_core.shell:Creating prefix chain script '/home/tzq/town_ws/install/setup.bash'
[4.063s] INFO:colcon.colcon_core.shell:Creating prefix script '/home/tzq/town_ws/install/local_setup.zsh'
[4.064s] INFO:colcon.colcon_core.shell:Creating prefix chain script '/home/tzq/town_ws/install/setup.zsh'
