[0.058s] Invoking command in '/home/tzq/town_ws/build/village_wang': AMENT_PREFIX_PATH=/home/tzq/town_ws/install/village_interfaces:${AMENT_PREFIX_PATH} CMAKE_PREFIX_PATH=/home/tzq/town_ws/install/village_interfaces:/opt/ros/humble LD_LIBRARY_PATH=/home/tzq/town_ws/install/village_interfaces/lib:${LD_LIBRARY_PATH} PYTHONPATH=/home/tzq/town_ws/install/village_interfaces/local/lib/python3.10/dist-packages:${PYTHONPATH} /usr/bin/cmake --build /home/tzq/town_ws/build/village_wang -- -j2 -l2
[0.115s] -- Found ament_cmake: 1.3.8 (/opt/ros/humble/share/ament_cmake/cmake)
[0.256s] -- Found rclcpp: 16.0.8 (/opt/ros/humble/share/rclcpp/cmake)
[0.296s] -- Found rosidl_generator_c: 3.1.5 (/opt/ros/humble/share/rosidl_generator_c/cmake)
[0.300s] -- Found rosidl_adapter: 3.1.5 (/opt/ros/humble/share/rosidl_adapter/cmake)
[0.319s] -- Found rosidl_generator_cpp: 3.1.5 (/opt/ros/humble/share/rosidl_generator_cpp/cmake)
[0.337s] -- Using all available rosidl_typesupport_c: rosidl_typesupport_fastrtps_c;rosidl_typesupport_introspection_c
[0.358s] -- Using all available rosidl_typesupport_cpp: rosidl_typesupport_fastrtps_cpp;rosidl_typesupport_introspection_cpp
[0.430s] -- Found rmw_implementation_cmake: 6.1.1 (/opt/ros/humble/share/rmw_implementation_cmake/cmake)
[0.432s] -- Found rmw_fastrtps_cpp: 6.2.6 (/opt/ros/humble/share/rmw_fastrtps_cpp/cmake)
[0.566s] -- Using RMW implementation 'rmw_fastrtps_cpp' as default
[0.704s] -- Found ament_lint_auto: 0.12.10 (/opt/ros/humble/share/ament_lint_auto/cmake)
[0.781s] -- Added test 'cppcheck' to perform static code analysis on C / C++ code
[0.781s] -- Configured cppcheck include dirs: 
[0.781s] -- Configured cppcheck exclude dirs and/or files: 
[0.783s] -- Added test 'lint_cmake' to check CMake code style
[0.784s] -- Added test 'uncrustify' to check C / C++ code style
[0.784s] -- Configured uncrustify additional arguments: 
[0.785s] -- Added test 'xmllint' to check XML markup files
[0.788s] [31mCMake Error at /opt/ros/humble/share/ament_cmake_target_dependencies/cmake/ament_target_dependencies.cmake:77 (message):
[0.788s]   ament_target_dependencies() the passed package name 'village_interfaces'
[0.788s]   was not found before
[0.788s] Call Stack (most recent call first):
[0.788s]   CMakeLists.txt:28 (ament_target_dependencies)
[0.788s] 
[0.788s] [0m
[0.789s] -- Configuring incomplete, errors occurred!
[0.789s] See also "/home/tzq/town_ws/build/village_wang/CMakeFiles/CMakeOutput.log".
[0.799s] gmake: *** [Makefile:267：cmake_check_build_system] 错误 1
[0.801s] Invoked command in '/home/tzq/town_ws/build/village_wang' returned '2': AMENT_PREFIX_PATH=/home/tzq/town_ws/install/village_interfaces:${AMENT_PREFIX_PATH} CMAKE_PREFIX_PATH=/home/tzq/town_ws/install/village_interfaces:/opt/ros/humble LD_LIBRARY_PATH=/home/tzq/town_ws/install/village_interfaces/lib:${LD_LIBRARY_PATH} PYTHONPATH=/home/tzq/town_ws/install/village_interfaces/local/lib/python3.10/dist-packages:${PYTHONPATH} /usr/bin/cmake --build /home/tzq/town_ws/build/village_wang -- -j2 -l2
