[1.136s] DEBUG:colcon:Command line arguments: ['/usr/bin/colcon', 'build']
[1.136s] DEBUG:colcon:Parsed command line arguments: Namespace(log_base=None, log_level=None, verb_name='build', build_base='build', install_base='install', merge_install=False, symlink_install=False, test_result_base=None, continue_on_error=False, executor='parallel', parallel_workers=2, event_handlers=None, ignore_user_meta=False, metas=['./colcon.meta'], base_paths=['.'], packages_ignore=None, packages_ignore_regex=None, paths=None, packages_up_to=None, packages_up_to_regex=None, packages_above=None, packages_above_and_dependencies=None, packages_above_depth=None, packages_select_by_dep=None, packages_skip_by_dep=None, packages_skip_up_to=None, packages_select_build_failed=False, packages_skip_build_finished=False, packages_select_test_failures=False, packages_skip_test_passed=False, packages_select=None, packages_skip=None, packages_select_regex=None, packages_skip_regex=None, packages_start=None, packages_end=None, allow_overriding=[], cmake_args=None, cmake_target=None, cmake_target_skip_unavailable=False, cmake_clean_cache=False, cmake_clean_first=False, cmake_force_configure=False, ament_cmake_args=None, catkin_cmake_args=None, catkin_skip_building_tests=False, verb_parser=<colcon_defaults.argument_parser.defaults.DefaultArgumentsDecorator object at 0x76ff6bd40850>, verb_extension=<colcon_core.verb.build.BuildVerb object at 0x76ff6bd1a9b0>, main=<bound method BuildVerb.main of <colcon_core.verb.build.BuildVerb object at 0x76ff6bd1a9b0>>)
[1.181s] Level 1:colcon.colcon_core.package_discovery:discover_packages(colcon_meta) check parameters
[1.181s] Level 1:colcon.colcon_core.package_discovery:discover_packages(recursive) check parameters
[1.182s] Level 1:colcon.colcon_core.package_discovery:discover_packages(ignore) check parameters
[1.182s] Level 1:colcon.colcon_core.package_discovery:discover_packages(path) check parameters
[1.182s] Level 1:colcon.colcon_core.package_discovery:discover_packages(colcon_meta) discover
[1.182s] Level 1:colcon.colcon_core.package_discovery:discover_packages(recursive) discover
[1.182s] INFO:colcon.colcon_core.package_discovery:Crawling recursively for packages in '/home/tzq/town_ws'
[1.182s] Level 1:colcon.colcon_core.package_identification:_identify(.) by extensions ['ignore', 'ignore_ament_install']
[1.182s] Level 1:colcon.colcon_core.package_identification:_identify(.) by extension 'ignore'
[1.182s] Level 1:colcon.colcon_core.package_identification:_identify(.) by extension 'ignore_ament_install'
[1.182s] Level 1:colcon.colcon_core.package_identification:_identify(.) by extensions ['colcon_pkg']
[1.182s] Level 1:colcon.colcon_core.package_identification:_identify(.) by extension 'colcon_pkg'
[1.182s] Level 1:colcon.colcon_core.package_identification:_identify(.) by extensions ['colcon_meta']
[1.182s] Level 1:colcon.colcon_core.package_identification:_identify(.) by extension 'colcon_meta'
[1.182s] Level 1:colcon.colcon_core.package_identification:_identify(.) by extensions ['ros']
[1.182s] Level 1:colcon.colcon_core.package_identification:_identify(.) by extension 'ros'
[1.196s] Level 1:colcon.colcon_core.package_identification:_identify(.) by extensions ['cmake', 'python']
[1.196s] Level 1:colcon.colcon_core.package_identification:_identify(.) by extension 'cmake'
[1.196s] Level 1:colcon.colcon_core.package_identification:_identify(.) by extension 'python'
[1.196s] Level 1:colcon.colcon_core.package_identification:_identify(.) by extensions ['python_setup_py']
[1.196s] Level 1:colcon.colcon_core.package_identification:_identify(.) by extension 'python_setup_py'
[1.197s] Level 1:colcon.colcon_core.package_identification:_identify(build) by extensions ['ignore', 'ignore_ament_install']
[1.197s] Level 1:colcon.colcon_core.package_identification:_identify(build) by extension 'ignore'
[1.197s] Level 1:colcon.colcon_core.package_identification:_identify(build) ignored
[1.197s] Level 1:colcon.colcon_core.package_identification:_identify(install) by extensions ['ignore', 'ignore_ament_install']
[1.197s] Level 1:colcon.colcon_core.package_identification:_identify(install) by extension 'ignore'
[1.197s] Level 1:colcon.colcon_core.package_identification:_identify(install) ignored
[1.198s] Level 1:colcon.colcon_core.package_identification:_identify(log) by extensions ['ignore', 'ignore_ament_install']
[1.198s] Level 1:colcon.colcon_core.package_identification:_identify(log) by extension 'ignore'
[1.198s] Level 1:colcon.colcon_core.package_identification:_identify(log) ignored
[1.198s] Level 1:colcon.colcon_core.package_identification:_identify(src) by extensions ['ignore', 'ignore_ament_install']
[1.198s] Level 1:colcon.colcon_core.package_identification:_identify(src) by extension 'ignore'
[1.198s] Level 1:colcon.colcon_core.package_identification:_identify(src) by extension 'ignore_ament_install'
[1.198s] Level 1:colcon.colcon_core.package_identification:_identify(src) by extensions ['colcon_pkg']
[1.198s] Level 1:colcon.colcon_core.package_identification:_identify(src) by extension 'colcon_pkg'
[1.198s] Level 1:colcon.colcon_core.package_identification:_identify(src) by extensions ['colcon_meta']
[1.199s] Level 1:colcon.colcon_core.package_identification:_identify(src) by extension 'colcon_meta'
[1.199s] Level 1:colcon.colcon_core.package_identification:_identify(src) by extensions ['ros']
[1.199s] Level 1:colcon.colcon_core.package_identification:_identify(src) by extension 'ros'
[1.199s] Level 1:colcon.colcon_core.package_identification:_identify(src) by extensions ['cmake', 'python']
[1.199s] Level 1:colcon.colcon_core.package_identification:_identify(src) by extension 'cmake'
[1.199s] Level 1:colcon.colcon_core.package_identification:_identify(src) by extension 'python'
[1.199s] Level 1:colcon.colcon_core.package_identification:_identify(src) by extensions ['python_setup_py']
[1.199s] Level 1:colcon.colcon_core.package_identification:_identify(src) by extension 'python_setup_py'
[1.199s] Level 1:colcon.colcon_core.package_identification:_identify(src/build) by extensions ['ignore', 'ignore_ament_install']
[1.199s] Level 1:colcon.colcon_core.package_identification:_identify(src/build) by extension 'ignore'
[1.199s] Level 1:colcon.colcon_core.package_identification:_identify(src/build) ignored
[1.200s] Level 1:colcon.colcon_core.package_identification:_identify(src/install) by extensions ['ignore', 'ignore_ament_install']
[1.200s] Level 1:colcon.colcon_core.package_identification:_identify(src/install) by extension 'ignore'
[1.200s] Level 1:colcon.colcon_core.package_identification:_identify(src/install) ignored
[1.200s] Level 1:colcon.colcon_core.package_identification:_identify(src/log) by extensions ['ignore', 'ignore_ament_install']
[1.200s] Level 1:colcon.colcon_core.package_identification:_identify(src/log) by extension 'ignore'
[1.200s] Level 1:colcon.colcon_core.package_identification:_identify(src/log) ignored
[1.201s] Level 1:colcon.colcon_core.package_identification:_identify(src/village_li) by extensions ['ignore', 'ignore_ament_install']
[1.202s] Level 1:colcon.colcon_core.package_identification:_identify(src/village_li) by extension 'ignore'
[1.202s] Level 1:colcon.colcon_core.package_identification:_identify(src/village_li) by extension 'ignore_ament_install'
[1.202s] Level 1:colcon.colcon_core.package_identification:_identify(src/village_li) by extensions ['colcon_pkg']
[1.202s] Level 1:colcon.colcon_core.package_identification:_identify(src/village_li) by extension 'colcon_pkg'
[1.202s] Level 1:colcon.colcon_core.package_identification:_identify(src/village_li) by extensions ['colcon_meta']
[1.202s] Level 1:colcon.colcon_core.package_identification:_identify(src/village_li) by extension 'colcon_meta'
[1.202s] Level 1:colcon.colcon_core.package_identification:_identify(src/village_li) by extensions ['ros']
[1.202s] Level 1:colcon.colcon_core.package_identification:_identify(src/village_li) by extension 'ros'
[1.205s] DEBUG:colcon.colcon_core.package_identification:Package 'src/village_li' with type 'ros.ament_python' and name 'village_li'
[1.206s] Level 1:colcon.colcon_core.package_identification:_identify(src/village_wang) by extensions ['ignore', 'ignore_ament_install']
[1.206s] Level 1:colcon.colcon_core.package_identification:_identify(src/village_wang) by extension 'ignore'
[1.208s] Level 1:colcon.colcon_core.package_identification:_identify(src/village_wang) by extension 'ignore_ament_install'
[1.208s] Level 1:colcon.colcon_core.package_identification:_identify(src/village_wang) by extensions ['colcon_pkg']
[1.208s] Level 1:colcon.colcon_core.package_identification:_identify(src/village_wang) by extension 'colcon_pkg'
[1.208s] Level 1:colcon.colcon_core.package_identification:_identify(src/village_wang) by extensions ['colcon_meta']
[1.208s] Level 1:colcon.colcon_core.package_identification:_identify(src/village_wang) by extension 'colcon_meta'
[1.208s] Level 1:colcon.colcon_core.package_identification:_identify(src/village_wang) by extensions ['ros']
[1.208s] Level 1:colcon.colcon_core.package_identification:_identify(src/village_wang) by extension 'ros'
[1.209s] DEBUG:colcon.colcon_core.package_identification:Package 'src/village_wang' with type 'ros.ament_cmake' and name 'village_wang'
[1.209s] Level 1:colcon.colcon_core.package_discovery:discover_packages(recursive) using defaults
[1.209s] Level 1:colcon.colcon_core.package_discovery:discover_packages(ignore) discover
[1.209s] Level 1:colcon.colcon_core.package_discovery:discover_packages(ignore) using defaults
[1.209s] Level 1:colcon.colcon_core.package_discovery:discover_packages(path) discover
[1.209s] Level 1:colcon.colcon_core.package_discovery:discover_packages(path) using defaults
[1.308s] Level 1:colcon.colcon_core.package_discovery:discover_packages(prefix_path) check parameters
[1.308s] Level 1:colcon.colcon_core.package_discovery:discover_packages(prefix_path) discover
[1.350s] DEBUG:colcon.colcon_installed_package_information.package_discovery:Found 2 installed packages in /home/tzq/town_ws/install
[1.377s] DEBUG:colcon.colcon_installed_package_information.package_discovery:Found 270 installed packages in /opt/ros/humble
[1.378s] Level 1:colcon.colcon_core.package_discovery:discover_packages(prefix_path) using defaults
[1.489s] Level 5:colcon.colcon_core.verb:set package 'village_li' build argument 'cmake_args' from command line to 'None'
[1.489s] Level 5:colcon.colcon_core.verb:set package 'village_li' build argument 'cmake_target' from command line to 'None'
[1.490s] Level 5:colcon.colcon_core.verb:set package 'village_li' build argument 'cmake_target_skip_unavailable' from command line to 'False'
[1.490s] Level 5:colcon.colcon_core.verb:set package 'village_li' build argument 'cmake_clean_cache' from command line to 'False'
[1.490s] Level 5:colcon.colcon_core.verb:set package 'village_li' build argument 'cmake_clean_first' from command line to 'False'
[1.490s] Level 5:colcon.colcon_core.verb:set package 'village_li' build argument 'cmake_force_configure' from command line to 'False'
[1.490s] Level 5:colcon.colcon_core.verb:set package 'village_li' build argument 'ament_cmake_args' from command line to 'None'
[1.490s] Level 5:colcon.colcon_core.verb:set package 'village_li' build argument 'catkin_cmake_args' from command line to 'None'
[1.490s] Level 5:colcon.colcon_core.verb:set package 'village_li' build argument 'catkin_skip_building_tests' from command line to 'False'
[1.491s] DEBUG:colcon.colcon_core.verb:Building package 'village_li' with the following arguments: {'ament_cmake_args': None, 'build_base': '/home/tzq/town_ws/build/village_li', 'catkin_cmake_args': None, 'catkin_skip_building_tests': False, 'cmake_args': None, 'cmake_clean_cache': False, 'cmake_clean_first': False, 'cmake_force_configure': False, 'cmake_target': None, 'cmake_target_skip_unavailable': False, 'install_base': '/home/tzq/town_ws/install/village_li', 'merge_install': False, 'path': '/home/tzq/town_ws/src/village_li', 'symlink_install': False, 'test_result_base': None}
[1.505s] Level 5:colcon.colcon_core.verb:set package 'village_wang' build argument 'cmake_args' from command line to 'None'
[1.505s] Level 5:colcon.colcon_core.verb:set package 'village_wang' build argument 'cmake_target' from command line to 'None'
[1.506s] Level 5:colcon.colcon_core.verb:set package 'village_wang' build argument 'cmake_target_skip_unavailable' from command line to 'False'
[1.506s] Level 5:colcon.colcon_core.verb:set package 'village_wang' build argument 'cmake_clean_cache' from command line to 'False'
[1.506s] Level 5:colcon.colcon_core.verb:set package 'village_wang' build argument 'cmake_clean_first' from command line to 'False'
[1.506s] Level 5:colcon.colcon_core.verb:set package 'village_wang' build argument 'cmake_force_configure' from command line to 'False'
[1.507s] Level 5:colcon.colcon_core.verb:set package 'village_wang' build argument 'ament_cmake_args' from command line to 'None'
[1.507s] Level 5:colcon.colcon_core.verb:set package 'village_wang' build argument 'catkin_cmake_args' from command line to 'None'
[1.507s] Level 5:colcon.colcon_core.verb:set package 'village_wang' build argument 'catkin_skip_building_tests' from command line to 'False'
[1.507s] DEBUG:colcon.colcon_core.verb:Building package 'village_wang' with the following arguments: {'ament_cmake_args': None, 'build_base': '/home/tzq/town_ws/build/village_wang', 'catkin_cmake_args': None, 'catkin_skip_building_tests': False, 'cmake_args': None, 'cmake_clean_cache': False, 'cmake_clean_first': False, 'cmake_force_configure': False, 'cmake_target': None, 'cmake_target_skip_unavailable': False, 'install_base': '/home/tzq/town_ws/install/village_wang', 'merge_install': False, 'path': '/home/tzq/town_ws/src/village_wang', 'symlink_install': False, 'test_result_base': None}
[1.520s] INFO:colcon.colcon_core.executor:Executing jobs using 'parallel' executor
[1.536s] DEBUG:colcon.colcon_parallel_executor.executor.parallel:run_until_complete
[1.537s] INFO:colcon.colcon_ros.task.ament_python.build:Building ROS package in '/home/tzq/town_ws/src/village_li' with build type 'ament_python'
[1.537s] Level 1:colcon.colcon_core.shell:create_environment_hook('village_li', 'ament_prefix_path')
[1.564s] INFO:colcon.colcon_core.plugin_system:Skipping extension 'colcon_core.shell.bat': Not used on non-Windows systems
[1.565s] INFO:colcon.colcon_core.shell:Creating environment hook '/home/tzq/town_ws/install/village_li/share/village_li/hook/ament_prefix_path.ps1'
[1.567s] INFO:colcon.colcon_core.shell:Creating environment descriptor '/home/tzq/town_ws/install/village_li/share/village_li/hook/ament_prefix_path.dsv'
[1.568s] INFO:colcon.colcon_core.shell:Creating environment hook '/home/tzq/town_ws/install/village_li/share/village_li/hook/ament_prefix_path.sh'
[1.589s] INFO:colcon.colcon_core.shell:Skip shell extension 'powershell' for command environment: Not usable outside of PowerShell
[1.590s] DEBUG:colcon.colcon_core.shell:Skip shell extension 'dsv' for command environment
[1.652s] INFO:colcon.colcon_ros.task.ament_cmake.build:Building ROS package in '/home/tzq/town_ws/src/village_wang' with build type 'ament_cmake'
[1.653s] INFO:colcon.colcon_cmake.task.cmake.build:Building CMake package in '/home/tzq/town_ws/src/village_wang'
[1.674s] INFO:colcon.colcon_core.shell:Skip shell extension 'powershell' for command environment: Not usable outside of PowerShell
[1.674s] DEBUG:colcon.colcon_core.shell:Skip shell extension 'dsv' for command environment
[2.141s] INFO:colcon.colcon_core.task.python.build:Building Python package in '/home/tzq/town_ws/src/village_li'
[2.164s] INFO:colcon.colcon_core.shell:Skip shell extension 'powershell' for command environment: Not usable outside of PowerShell
[2.165s] DEBUG:colcon.colcon_core.shell:Skip shell extension 'dsv' for command environment
[2.235s] DEBUG:colcon.colcon_core.event_handler.log_command:Invoking command in '/home/tzq/town_ws/build/village_wang': CMAKE_PREFIX_PATH=${CMAKE_PREFIX_PATH}:/home/tzq/town_ws/install/village_li:/opt/ros/humble /usr/bin/cmake --build /home/tzq/town_ws/build/village_wang -- -j2 -l2
[2.945s] DEBUG:colcon.colcon_core.event_handler.log_command:Invoking command in '/home/tzq/town_ws/src/village_li': PYTHONPATH=/home/tzq/town_ws/build/village_li/prefix_override:/home/tzq/town_ws/install/village_li/lib/python3.10/site-packages:${PYTHONPATH} /usr/bin/python3 setup.py egg_info --egg-base ../../build/village_li build --build-base /home/tzq/town_ws/build/village_li/build install --record /home/tzq/town_ws/build/village_li/install.log --single-version-externally-managed
[3.470s] DEBUG:colcon.colcon_core.event_handler.log_command:Invoked command in '/home/tzq/town_ws/src/village_li' returned '0': PYTHONPATH=/home/tzq/town_ws/build/village_li/prefix_override:/home/tzq/town_ws/install/village_li/lib/python3.10/site-packages:${PYTHONPATH} /usr/bin/python3 setup.py egg_info --egg-base ../../build/village_li build --build-base /home/tzq/town_ws/build/village_li/build install --record /home/tzq/town_ws/build/village_li/install.log --single-version-externally-managed
[3.487s] Level 1:colcon.colcon_core.environment:checking '/home/tzq/town_ws/install/village_li' for CMake module files
[3.488s] Level 1:colcon.colcon_core.environment:checking '/home/tzq/town_ws/install/village_li' for CMake config files
[3.489s] Level 1:colcon.colcon_core.environment:checking '/home/tzq/town_ws/install/village_li/lib'
[3.489s] Level 1:colcon.colcon_core.environment:checking '/home/tzq/town_ws/install/village_li/bin'
[3.489s] Level 1:colcon.colcon_core.environment:checking '/home/tzq/town_ws/install/village_li/lib/pkgconfig/village_li.pc'
[3.489s] Level 1:colcon.colcon_core.environment:checking '/home/tzq/town_ws/install/village_li/lib/python3.10/site-packages'
[3.490s] Level 1:colcon.colcon_core.shell:create_environment_hook('village_li', 'pythonpath')
[3.517s] INFO:colcon.colcon_core.shell:Creating environment hook '/home/tzq/town_ws/install/village_li/share/village_li/hook/pythonpath.ps1'
[3.519s] INFO:colcon.colcon_core.shell:Creating environment descriptor '/home/tzq/town_ws/install/village_li/share/village_li/hook/pythonpath.dsv'
[3.520s] INFO:colcon.colcon_core.shell:Creating environment hook '/home/tzq/town_ws/install/village_li/share/village_li/hook/pythonpath.sh'
[3.521s] Level 1:colcon.colcon_core.environment:checking '/home/tzq/town_ws/install/village_li/bin'
[3.521s] Level 1:colcon.colcon_core.environment:create_environment_scripts_only(village_li)
[3.542s] INFO:colcon.colcon_core.shell:Creating package script '/home/tzq/town_ws/install/village_li/share/village_li/package.ps1'
[3.546s] INFO:colcon.colcon_core.shell:Creating package descriptor '/home/tzq/town_ws/install/village_li/share/village_li/package.dsv'
[3.547s] INFO:colcon.colcon_core.shell:Creating package script '/home/tzq/town_ws/install/village_li/share/village_li/package.sh'
[3.549s] INFO:colcon.colcon_core.shell:Creating package script '/home/tzq/town_ws/install/village_li/share/village_li/package.bash'
[3.551s] INFO:colcon.colcon_core.shell:Creating package script '/home/tzq/town_ws/install/village_li/share/village_li/package.zsh'
[3.552s] Level 1:colcon.colcon_core.environment:create_file_with_runtime_dependencies(/home/tzq/town_ws/install/village_li/share/colcon-core/packages/village_li)
[16.849s] DEBUG:colcon.colcon_core.event_handler.log_command:Invoked command in '/home/tzq/town_ws/build/village_wang' returned '0': CMAKE_PREFIX_PATH=${CMAKE_PREFIX_PATH}:/home/tzq/town_ws/install/village_li:/opt/ros/humble /usr/bin/cmake --build /home/tzq/town_ws/build/village_wang -- -j2 -l2
[16.977s] DEBUG:colcon.colcon_core.event_handler.log_command:Invoking command in '/home/tzq/town_ws/build/village_wang': CMAKE_PREFIX_PATH=${CMAKE_PREFIX_PATH}:/home/tzq/town_ws/install/village_li:/opt/ros/humble /usr/bin/cmake --install /home/tzq/town_ws/build/village_wang
[17.042s] Level 1:colcon.colcon_core.environment:create_environment_scripts_only(village_wang)
[17.043s] DEBUG:colcon.colcon_core.event_handler.log_command:Invoked command in '/home/tzq/town_ws/build/village_wang' returned '0': CMAKE_PREFIX_PATH=${CMAKE_PREFIX_PATH}:/home/tzq/town_ws/install/village_li:/opt/ros/humble /usr/bin/cmake --install /home/tzq/town_ws/build/village_wang
[17.062s] Level 1:colcon.colcon_core.environment:checking '/home/tzq/town_ws/install/village_wang' for CMake module files
[17.064s] Level 1:colcon.colcon_core.environment:checking '/home/tzq/town_ws/install/village_wang' for CMake config files
[17.067s] Level 1:colcon.colcon_core.shell:create_environment_hook('village_wang', 'cmake_prefix_path')
[17.082s] INFO:colcon.colcon_core.shell:Creating environment hook '/home/tzq/town_ws/install/village_wang/share/village_wang/hook/cmake_prefix_path.ps1'
[17.084s] INFO:colcon.colcon_core.shell:Creating environment descriptor '/home/tzq/town_ws/install/village_wang/share/village_wang/hook/cmake_prefix_path.dsv'
[17.084s] INFO:colcon.colcon_core.shell:Creating environment hook '/home/tzq/town_ws/install/village_wang/share/village_wang/hook/cmake_prefix_path.sh'
[17.086s] Level 1:colcon.colcon_core.environment:checking '/home/tzq/town_ws/install/village_wang/lib'
[17.086s] Level 1:colcon.colcon_core.environment:checking '/home/tzq/town_ws/install/village_wang/bin'
[17.086s] Level 1:colcon.colcon_core.environment:checking '/home/tzq/town_ws/install/village_wang/lib/pkgconfig/village_wang.pc'
[17.086s] Level 1:colcon.colcon_core.environment:checking '/home/tzq/town_ws/install/village_wang/lib/python3.10/site-packages'
[17.087s] Level 1:colcon.colcon_core.environment:checking '/home/tzq/town_ws/install/village_wang/bin'
[17.106s] INFO:colcon.colcon_core.shell:Creating package script '/home/tzq/town_ws/install/village_wang/share/village_wang/package.ps1'
[17.107s] INFO:colcon.colcon_core.shell:Creating package descriptor '/home/tzq/town_ws/install/village_wang/share/village_wang/package.dsv'
[17.109s] INFO:colcon.colcon_core.shell:Creating package script '/home/tzq/town_ws/install/village_wang/share/village_wang/package.sh'
[17.110s] INFO:colcon.colcon_core.shell:Creating package script '/home/tzq/town_ws/install/village_wang/share/village_wang/package.bash'
[17.111s] INFO:colcon.colcon_core.shell:Creating package script '/home/tzq/town_ws/install/village_wang/share/village_wang/package.zsh'
[17.112s] Level 1:colcon.colcon_core.environment:create_file_with_runtime_dependencies(/home/tzq/town_ws/install/village_wang/share/colcon-core/packages/village_wang)
[17.198s] Level 1:colcon.colcon_core.environment:create_environment_scripts_only(village_wang)
[17.213s] Level 1:colcon.colcon_core.environment:checking '/home/tzq/town_ws/install/village_wang' for CMake module files
[17.215s] Level 1:colcon.colcon_core.environment:checking '/home/tzq/town_ws/install/village_wang' for CMake config files
[17.215s] Level 1:colcon.colcon_core.shell:create_environment_hook('village_wang', 'cmake_prefix_path')
[17.248s] INFO:colcon.colcon_core.shell:Creating environment hook '/home/tzq/town_ws/install/village_wang/share/village_wang/hook/cmake_prefix_path.ps1'
[17.249s] INFO:colcon.colcon_core.shell:Creating environment descriptor '/home/tzq/town_ws/install/village_wang/share/village_wang/hook/cmake_prefix_path.dsv'
[17.250s] INFO:colcon.colcon_core.shell:Creating environment hook '/home/tzq/town_ws/install/village_wang/share/village_wang/hook/cmake_prefix_path.sh'
[17.250s] Level 1:colcon.colcon_core.environment:checking '/home/tzq/town_ws/install/village_wang/lib'
[17.251s] Level 1:colcon.colcon_core.environment:checking '/home/tzq/town_ws/install/village_wang/bin'
[17.251s] Level 1:colcon.colcon_core.environment:checking '/home/tzq/town_ws/install/village_wang/lib/pkgconfig/village_wang.pc'
[17.251s] Level 1:colcon.colcon_core.environment:checking '/home/tzq/town_ws/install/village_wang/lib/python3.10/site-packages'
[17.255s] Level 1:colcon.colcon_core.environment:checking '/home/tzq/town_ws/install/village_wang/bin'
[17.286s] INFO:colcon.colcon_core.shell:Creating package script '/home/tzq/town_ws/install/village_wang/share/village_wang/package.ps1'
[17.287s] INFO:colcon.colcon_core.shell:Creating package descriptor '/home/tzq/town_ws/install/village_wang/share/village_wang/package.dsv'
[17.289s] INFO:colcon.colcon_core.shell:Creating package script '/home/tzq/town_ws/install/village_wang/share/village_wang/package.sh'
[17.290s] INFO:colcon.colcon_core.shell:Creating package script '/home/tzq/town_ws/install/village_wang/share/village_wang/package.bash'
[17.291s] INFO:colcon.colcon_core.shell:Creating package script '/home/tzq/town_ws/install/village_wang/share/village_wang/package.zsh'
[17.292s] Level 1:colcon.colcon_core.environment:create_file_with_runtime_dependencies(/home/tzq/town_ws/install/village_wang/share/colcon-core/packages/village_wang)
[17.296s] DEBUG:colcon.colcon_parallel_executor.executor.parallel:closing loop
[17.297s] DEBUG:colcon.colcon_parallel_executor.executor.parallel:loop closed
[17.297s] DEBUG:colcon.colcon_parallel_executor.executor.parallel:run_until_complete finished with '0'
[17.297s] DEBUG:colcon.colcon_core.event_reactor:joining thread
[17.364s] INFO:colcon.colcon_core.plugin_system:Skipping extension 'colcon_notification.desktop_notification.terminal_notifier': Not used on non-Darwin systems
[17.365s] INFO:colcon.colcon_core.plugin_system:Skipping extension 'colcon_notification.desktop_notification.win32': Not used on non-Windows systems
[17.365s] INFO:colcon.colcon_notification.desktop_notification:Sending desktop notification using 'notify2'
[17.392s] DEBUG:colcon.colcon_core.event_reactor:joined thread
[17.420s] INFO:colcon.colcon_core.shell:Creating prefix script '/home/tzq/town_ws/install/local_setup.ps1'
[17.422s] INFO:colcon.colcon_core.shell:Creating prefix util module '/home/tzq/town_ws/install/_local_setup_util_ps1.py'
[17.425s] INFO:colcon.colcon_core.shell:Creating prefix chain script '/home/tzq/town_ws/install/setup.ps1'
[17.446s] INFO:colcon.colcon_core.shell:Creating prefix script '/home/tzq/town_ws/install/local_setup.sh'
[17.447s] INFO:colcon.colcon_core.shell:Creating prefix util module '/home/tzq/town_ws/install/_local_setup_util_sh.py'
[17.449s] INFO:colcon.colcon_core.shell:Creating prefix chain script '/home/tzq/town_ws/install/setup.sh'
[17.471s] INFO:colcon.colcon_core.shell:Creating prefix script '/home/tzq/town_ws/install/local_setup.bash'
[17.472s] INFO:colcon.colcon_core.shell:Creating prefix chain script '/home/tzq/town_ws/install/setup.bash'
[17.498s] INFO:colcon.colcon_core.shell:Creating prefix script '/home/tzq/town_ws/install/local_setup.zsh'
[17.499s] INFO:colcon.colcon_core.shell:Creating prefix chain script '/home/tzq/town_ws/install/setup.zsh'
