[  2%] Built target village_interfaces__cpp
[  4%] [32mBuilding C object CMakeFiles/village_interfaces__rosidl_generator_c.dir/rosidl_generator_c/village_interfaces/msg/detail/novel__functions.c.o[0m
[  4%] Built target ament_cmake_python_copy_village_interfaces
[  6%] [32mBuilding CXX object CMakeFiles/village_interfaces__rosidl_typesupport_cpp.dir/rosidl_typesupport_cpp/village_interfaces/msg/novel__type_support.cpp.o[0m
[  8%] [32mBuilding C object CMakeFiles/village_interfaces__rosidl_generator_c.dir/rosidl_generator_c/village_interfaces/srv/detail/borrow_money__functions.c.o[0m
[ 10%] [32mBuilding C object CMakeFiles/village_interfaces__rosidl_generator_c.dir/rosidl_generator_c/village_interfaces/srv/detail/sell_novel__functions.c.o[0m
[ 12%] [32m[1mLinking C shared library libvillage_interfaces__rosidl_generator_c.so[0m
[ 14%] [32mBuilding CXX object CMakeFiles/village_interfaces__rosidl_typesupport_cpp.dir/rosidl_typesupport_cpp/village_interfaces/srv/borrow_money__type_support.cpp.o[0m
[ 17%] Built target village_interfaces__rosidl_generator_c
[ 19%] [32mBuilding CXX object CMakeFiles/village_interfaces__rosidl_typesupport_fastrtps_cpp.dir/rosidl_typesupport_fastrtps_cpp/village_interfaces/msg/detail/dds_fastrtps/novel__type_support.cpp.o[0m
[ 21%] [32mBuilding CXX object CMakeFiles/village_interfaces__rosidl_typesupport_cpp.dir/rosidl_typesupport_cpp/village_interfaces/srv/sell_novel__type_support.cpp.o[0m
[ 23%] [32mBuilding CXX object CMakeFiles/village_interfaces__rosidl_typesupport_fastrtps_cpp.dir/rosidl_typesupport_fastrtps_cpp/village_interfaces/srv/detail/dds_fastrtps/borrow_money__type_support.cpp.o[0m
[ 25%] [32m[1mLinking CXX shared library libvillage_interfaces__rosidl_typesupport_cpp.so[0m
[ 27%] Built target village_interfaces__rosidl_typesupport_cpp
[ 29%] [32mBuilding C object CMakeFiles/village_interfaces__rosidl_typesupport_introspection_c.dir/rosidl_typesupport_introspection_c/village_interfaces/msg/detail/novel__type_support.c.o[0m
[ 31%] [32mBuilding C object CMakeFiles/village_interfaces__rosidl_typesupport_introspection_c.dir/rosidl_typesupport_introspection_c/village_interfaces/srv/detail/borrow_money__type_support.c.o[0m
[ 34%] [32mBuilding C object CMakeFiles/village_interfaces__rosidl_typesupport_introspection_c.dir/rosidl_typesupport_introspection_c/village_interfaces/srv/detail/sell_novel__type_support.c.o[0m
[ 36%] [32m[1mLinking C shared library libvillage_interfaces__rosidl_typesupport_introspection_c.so[0m
[ 38%] Built target village_interfaces__rosidl_typesupport_introspection_c
[ 40%] [32mBuilding CXX object CMakeFiles/village_interfaces__rosidl_typesupport_c.dir/rosidl_typesupport_c/village_interfaces/msg/novel__type_support.cpp.o[0m
[ 42%] [32mBuilding CXX object CMakeFiles/village_interfaces__rosidl_typesupport_fastrtps_cpp.dir/rosidl_typesupport_fastrtps_cpp/village_interfaces/srv/detail/dds_fastrtps/sell_novel__type_support.cpp.o[0m
[ 44%] [32mBuilding CXX object CMakeFiles/village_interfaces__rosidl_typesupport_c.dir/rosidl_typesupport_c/village_interfaces/srv/borrow_money__type_support.cpp.o[0m
[ 46%] [32mBuilding CXX object CMakeFiles/village_interfaces__rosidl_typesupport_c.dir/rosidl_typesupport_c/village_interfaces/srv/sell_novel__type_support.cpp.o[0m
[ 48%] [32m[1mLinking CXX shared library libvillage_interfaces__rosidl_typesupport_c.so[0m
[ 51%] Built target village_interfaces__rosidl_typesupport_c
[ 53%] [32mBuilding CXX object CMakeFiles/village_interfaces__rosidl_typesupport_introspection_cpp.dir/rosidl_typesupport_introspection_cpp/village_interfaces/msg/detail/novel__type_support.cpp.o[0m
[ 55%] [32m[1mLinking CXX shared library libvillage_interfaces__rosidl_typesupport_fastrtps_cpp.so[0m
[ 57%] Built target village_interfaces__rosidl_typesupport_fastrtps_cpp
[ 59%] [32mBuilding CXX object CMakeFiles/village_interfaces__rosidl_typesupport_introspection_cpp.dir/rosidl_typesupport_introspection_cpp/village_interfaces/srv/detail/borrow_money__type_support.cpp.o[0m
running egg_info
writing village_interfaces.egg-info/PKG-INFO
writing dependency_links to village_interfaces.egg-info/dependency_links.txt
writing top-level names to village_interfaces.egg-info/top_level.txt
reading manifest file 'village_interfaces.egg-info/SOURCES.txt'
writing manifest file 'village_interfaces.egg-info/SOURCES.txt'
[ 59%] Built target ament_cmake_python_build_village_interfaces_egg
[ 61%] [32mBuilding CXX object CMakeFiles/village_interfaces__rosidl_typesupport_fastrtps_c.dir/rosidl_typesupport_fastrtps_c/village_interfaces/msg/detail/novel__type_support_c.cpp.o[0m
[ 63%] [32mBuilding CXX object CMakeFiles/village_interfaces__rosidl_typesupport_introspection_cpp.dir/rosidl_typesupport_introspection_cpp/village_interfaces/srv/detail/sell_novel__type_support.cpp.o[0m
[ 65%] [32mBuilding CXX object CMakeFiles/village_interfaces__rosidl_typesupport_fastrtps_c.dir/rosidl_typesupport_fastrtps_c/village_interfaces/srv/detail/borrow_money__type_support_c.cpp.o[0m
[ 68%] [32m[1mLinking CXX shared library libvillage_interfaces__rosidl_typesupport_introspection_cpp.so[0m
[ 70%] Built target village_interfaces__rosidl_typesupport_introspection_cpp
[ 72%] [32mBuilding CXX object CMakeFiles/village_interfaces__rosidl_typesupport_fastrtps_c.dir/rosidl_typesupport_fastrtps_c/village_interfaces/srv/detail/sell_novel__type_support_c.cpp.o[0m
[ 74%] [32m[1mLinking CXX shared library libvillage_interfaces__rosidl_typesupport_fastrtps_c.so[0m
[ 76%] Built target village_interfaces__rosidl_typesupport_fastrtps_c
[ 76%] Built target village_interfaces
[ 78%] Built target village_interfaces__py
[ 80%] [32mBuilding C object CMakeFiles/village_interfaces__rosidl_generator_py.dir/rosidl_generator_py/village_interfaces/msg/_novel_s.c.o[0m
[ 82%] [32mBuilding C object CMakeFiles/village_interfaces__rosidl_generator_py.dir/rosidl_generator_py/village_interfaces/srv/_borrow_money_s.c.o[0m
[ 85%] [32mBuilding C object CMakeFiles/village_interfaces__rosidl_generator_py.dir/rosidl_generator_py/village_interfaces/srv/_sell_novel_s.c.o[0m
[ 87%] [32m[1mLinking C shared library rosidl_generator_py/village_interfaces/libvillage_interfaces__rosidl_generator_py.so[0m
[ 87%] Built target village_interfaces__rosidl_generator_py
[ 89%] [32mBuilding C object CMakeFiles/village_interfaces__rosidl_typesupport_introspection_c__pyext.dir/rosidl_generator_py/village_interfaces/_village_interfaces_s.ep.rosidl_typesupport_introspection_c.c.o[0m
[ 91%] [32mBuilding C object CMakeFiles/village_interfaces__rosidl_typesupport_fastrtps_c__pyext.dir/rosidl_generator_py/village_interfaces/_village_interfaces_s.ep.rosidl_typesupport_fastrtps_c.c.o[0m
[ 93%] [32m[1mLinking C shared library rosidl_generator_py/village_interfaces/village_interfaces_s__rosidl_typesupport_fastrtps_c.cpython-310-x86_64-linux-gnu.so[0m
[ 95%] [32m[1mLinking C shared library rosidl_generator_py/village_interfaces/village_interfaces_s__rosidl_typesupport_introspection_c.cpython-310-x86_64-linux-gnu.so[0m
[ 95%] Built target village_interfaces__rosidl_typesupport_fastrtps_c__pyext
[ 95%] Built target village_interfaces__rosidl_typesupport_introspection_c__pyext
[ 97%] [32mBuilding C object CMakeFiles/village_interfaces__rosidl_typesupport_c__pyext.dir/rosidl_generator_py/village_interfaces/_village_interfaces_s.ep.rosidl_typesupport_c.c.o[0m
[100%] [32m[1mLinking C shared library rosidl_generator_py/village_interfaces/village_interfaces_s__rosidl_typesupport_c.cpython-310-x86_64-linux-gnu.so[0m
[100%] Built target village_interfaces__rosidl_typesupport_c__pyext
-- Install configuration: ""
-- Up-to-date: /home/tzq/town_ws/install/village_interfaces/share/ament_index/resource_index/rosidl_interfaces/village_interfaces
-- Up-to-date: /home/tzq/town_ws/install/village_interfaces/include/village_interfaces/village_interfaces
-- Up-to-date: /home/tzq/town_ws/install/village_interfaces/include/village_interfaces/village_interfaces/srv
-- Up-to-date: /home/tzq/town_ws/install/village_interfaces/include/village_interfaces/village_interfaces/srv/sell_novel.h
-- Up-to-date: /home/tzq/town_ws/install/village_interfaces/include/village_interfaces/village_interfaces/srv/borrow_money.h
-- Up-to-date: /home/tzq/town_ws/install/village_interfaces/include/village_interfaces/village_interfaces/srv/detail
-- Up-to-date: /home/tzq/town_ws/install/village_interfaces/include/village_interfaces/village_interfaces/srv/detail/sell_novel__functions.h
-- Up-to-date: /home/tzq/town_ws/install/village_interfaces/include/village_interfaces/village_interfaces/srv/detail/sell_novel__functions.c
-- Up-to-date: /home/tzq/town_ws/install/village_interfaces/include/village_interfaces/village_interfaces/srv/detail/borrow_money__functions.c
-- Up-to-date: /home/tzq/town_ws/install/village_interfaces/include/village_interfaces/village_interfaces/srv/detail/sell_novel__struct.h
-- Up-to-date: /home/tzq/town_ws/install/village_interfaces/include/village_interfaces/village_interfaces/srv/detail/sell_novel__type_support.h
-- Up-to-date: /home/tzq/town_ws/install/village_interfaces/include/village_interfaces/village_interfaces/srv/detail/borrow_money__functions.h
-- Up-to-date: /home/tzq/town_ws/install/village_interfaces/include/village_interfaces/village_interfaces/srv/detail/borrow_money__type_support.h
-- Up-to-date: /home/tzq/town_ws/install/village_interfaces/include/village_interfaces/village_interfaces/srv/detail/borrow_money__struct.h
-- Up-to-date: /home/tzq/town_ws/install/village_interfaces/include/village_interfaces/village_interfaces/msg
-- Up-to-date: /home/tzq/town_ws/install/village_interfaces/include/village_interfaces/village_interfaces/msg/rosidl_generator_c__visibility_control.h
-- Up-to-date: /home/tzq/town_ws/install/village_interfaces/include/village_interfaces/village_interfaces/msg/detail
-- Up-to-date: /home/tzq/town_ws/install/village_interfaces/include/village_interfaces/village_interfaces/msg/detail/novel__functions.h
-- Up-to-date: /home/tzq/town_ws/install/village_interfaces/include/village_interfaces/village_interfaces/msg/detail/novel__type_support.h
-- Up-to-date: /home/tzq/town_ws/install/village_interfaces/include/village_interfaces/village_interfaces/msg/detail/novel__struct.h
-- Up-to-date: /home/tzq/town_ws/install/village_interfaces/include/village_interfaces/village_interfaces/msg/detail/novel__functions.c
-- Up-to-date: /home/tzq/town_ws/install/village_interfaces/include/village_interfaces/village_interfaces/msg/novel.h
-- Up-to-date: /home/tzq/town_ws/install/village_interfaces/share/village_interfaces/environment/library_path.sh
-- Up-to-date: /home/tzq/town_ws/install/village_interfaces/share/village_interfaces/environment/library_path.dsv
-- Installing: /home/tzq/town_ws/install/village_interfaces/lib/libvillage_interfaces__rosidl_generator_c.so
-- Set runtime path of "/home/tzq/town_ws/install/village_interfaces/lib/libvillage_interfaces__rosidl_generator_c.so" to ""
-- Up-to-date: /home/tzq/town_ws/install/village_interfaces/include/village_interfaces/village_interfaces
-- Up-to-date: /home/tzq/town_ws/install/village_interfaces/include/village_interfaces/village_interfaces/srv
-- Up-to-date: /home/tzq/town_ws/install/village_interfaces/include/village_interfaces/village_interfaces/srv/detail
-- Up-to-date: /home/tzq/town_ws/install/village_interfaces/include/village_interfaces/village_interfaces/srv/detail/borrow_money__rosidl_typesupport_fastrtps_c.h
-- Up-to-date: /home/tzq/town_ws/install/village_interfaces/include/village_interfaces/village_interfaces/srv/detail/sell_novel__rosidl_typesupport_fastrtps_c.h
-- Up-to-date: /home/tzq/town_ws/install/village_interfaces/include/village_interfaces/village_interfaces/msg
-- Up-to-date: /home/tzq/town_ws/install/village_interfaces/include/village_interfaces/village_interfaces/msg/rosidl_typesupport_fastrtps_c__visibility_control.h
-- Up-to-date: /home/tzq/town_ws/install/village_interfaces/include/village_interfaces/village_interfaces/msg/detail
-- Up-to-date: /home/tzq/town_ws/install/village_interfaces/include/village_interfaces/village_interfaces/msg/detail/novel__rosidl_typesupport_fastrtps_c.h
-- Installing: /home/tzq/town_ws/install/village_interfaces/lib/libvillage_interfaces__rosidl_typesupport_fastrtps_c.so
-- Set runtime path of "/home/tzq/town_ws/install/village_interfaces/lib/libvillage_interfaces__rosidl_typesupport_fastrtps_c.so" to ""
-- Up-to-date: /home/tzq/town_ws/install/village_interfaces/include/village_interfaces/village_interfaces
-- Up-to-date: /home/tzq/town_ws/install/village_interfaces/include/village_interfaces/village_interfaces/srv
-- Up-to-date: /home/tzq/town_ws/install/village_interfaces/include/village_interfaces/village_interfaces/srv/detail
-- Up-to-date: /home/tzq/town_ws/install/village_interfaces/include/village_interfaces/village_interfaces/srv/detail/borrow_money__traits.hpp
-- Up-to-date: /home/tzq/town_ws/install/village_interfaces/include/village_interfaces/village_interfaces/srv/detail/sell_novel__struct.hpp
-- Up-to-date: /home/tzq/town_ws/install/village_interfaces/include/village_interfaces/village_interfaces/srv/detail/borrow_money__builder.hpp
-- Up-to-date: /home/tzq/town_ws/install/village_interfaces/include/village_interfaces/village_interfaces/srv/detail/borrow_money__struct.hpp
-- Up-to-date: /home/tzq/town_ws/install/village_interfaces/include/village_interfaces/village_interfaces/srv/detail/sell_novel__builder.hpp
-- Up-to-date: /home/tzq/town_ws/install/village_interfaces/include/village_interfaces/village_interfaces/srv/detail/sell_novel__traits.hpp
-- Up-to-date: /home/tzq/town_ws/install/village_interfaces/include/village_interfaces/village_interfaces/srv/borrow_money.hpp
-- Up-to-date: /home/tzq/town_ws/install/village_interfaces/include/village_interfaces/village_interfaces/srv/sell_novel.hpp
-- Up-to-date: /home/tzq/town_ws/install/village_interfaces/include/village_interfaces/village_interfaces/msg
-- Up-to-date: /home/tzq/town_ws/install/village_interfaces/include/village_interfaces/village_interfaces/msg/detail
-- Up-to-date: /home/tzq/town_ws/install/village_interfaces/include/village_interfaces/village_interfaces/msg/detail/novel__traits.hpp
-- Up-to-date: /home/tzq/town_ws/install/village_interfaces/include/village_interfaces/village_interfaces/msg/detail/novel__builder.hpp
-- Up-to-date: /home/tzq/town_ws/install/village_interfaces/include/village_interfaces/village_interfaces/msg/detail/novel__struct.hpp
-- Up-to-date: /home/tzq/town_ws/install/village_interfaces/include/village_interfaces/village_interfaces/msg/novel.hpp
-- Up-to-date: /home/tzq/town_ws/install/village_interfaces/include/village_interfaces/village_interfaces
-- Up-to-date: /home/tzq/town_ws/install/village_interfaces/include/village_interfaces/village_interfaces/srv
-- Up-to-date: /home/tzq/town_ws/install/village_interfaces/include/village_interfaces/village_interfaces/srv/detail
-- Up-to-date: /home/tzq/town_ws/install/village_interfaces/include/village_interfaces/village_interfaces/srv/detail/dds_fastrtps
-- Up-to-date: /home/tzq/town_ws/install/village_interfaces/include/village_interfaces/village_interfaces/srv/detail/borrow_money__rosidl_typesupport_fastrtps_cpp.hpp
-- Up-to-date: /home/tzq/town_ws/install/village_interfaces/include/village_interfaces/village_interfaces/srv/detail/sell_novel__rosidl_typesupport_fastrtps_cpp.hpp
-- Up-to-date: /home/tzq/town_ws/install/village_interfaces/include/village_interfaces/village_interfaces/msg
-- Up-to-date: /home/tzq/town_ws/install/village_interfaces/include/village_interfaces/village_interfaces/msg/rosidl_typesupport_fastrtps_cpp__visibility_control.h
-- Up-to-date: /home/tzq/town_ws/install/village_interfaces/include/village_interfaces/village_interfaces/msg/detail
-- Up-to-date: /home/tzq/town_ws/install/village_interfaces/include/village_interfaces/village_interfaces/msg/detail/novel__rosidl_typesupport_fastrtps_cpp.hpp
-- Up-to-date: /home/tzq/town_ws/install/village_interfaces/include/village_interfaces/village_interfaces/msg/detail/dds_fastrtps
-- Installing: /home/tzq/town_ws/install/village_interfaces/lib/libvillage_interfaces__rosidl_typesupport_fastrtps_cpp.so
-- Set runtime path of "/home/tzq/town_ws/install/village_interfaces/lib/libvillage_interfaces__rosidl_typesupport_fastrtps_cpp.so" to ""
-- Up-to-date: /home/tzq/town_ws/install/village_interfaces/include/village_interfaces/village_interfaces
-- Up-to-date: /home/tzq/town_ws/install/village_interfaces/include/village_interfaces/village_interfaces/srv
-- Up-to-date: /home/tzq/town_ws/install/village_interfaces/include/village_interfaces/village_interfaces/srv/detail
-- Up-to-date: /home/tzq/town_ws/install/village_interfaces/include/village_interfaces/village_interfaces/srv/detail/borrow_money__rosidl_typesupport_introspection_c.h
-- Up-to-date: /home/tzq/town_ws/install/village_interfaces/include/village_interfaces/village_interfaces/srv/detail/sell_novel__rosidl_typesupport_introspection_c.h
-- Up-to-date: /home/tzq/town_ws/install/village_interfaces/include/village_interfaces/village_interfaces/srv/detail/borrow_money__type_support.c
-- Up-to-date: /home/tzq/town_ws/install/village_interfaces/include/village_interfaces/village_interfaces/srv/detail/sell_novel__type_support.c
-- Up-to-date: /home/tzq/town_ws/install/village_interfaces/include/village_interfaces/village_interfaces/msg
-- Up-to-date: /home/tzq/town_ws/install/village_interfaces/include/village_interfaces/village_interfaces/msg/rosidl_typesupport_introspection_c__visibility_control.h
-- Up-to-date: /home/tzq/town_ws/install/village_interfaces/include/village_interfaces/village_interfaces/msg/detail
-- Up-to-date: /home/tzq/town_ws/install/village_interfaces/include/village_interfaces/village_interfaces/msg/detail/novel__rosidl_typesupport_introspection_c.h
-- Up-to-date: /home/tzq/town_ws/install/village_interfaces/include/village_interfaces/village_interfaces/msg/detail/novel__type_support.c
-- Installing: /home/tzq/town_ws/install/village_interfaces/lib/libvillage_interfaces__rosidl_typesupport_introspection_c.so
-- Set runtime path of "/home/tzq/town_ws/install/village_interfaces/lib/libvillage_interfaces__rosidl_typesupport_introspection_c.so" to ""
-- Installing: /home/tzq/town_ws/install/village_interfaces/lib/libvillage_interfaces__rosidl_typesupport_c.so
-- Set runtime path of "/home/tzq/town_ws/install/village_interfaces/lib/libvillage_interfaces__rosidl_typesupport_c.so" to ""
-- Up-to-date: /home/tzq/town_ws/install/village_interfaces/include/village_interfaces/village_interfaces
-- Up-to-date: /home/tzq/town_ws/install/village_interfaces/include/village_interfaces/village_interfaces/srv
-- Up-to-date: /home/tzq/town_ws/install/village_interfaces/include/village_interfaces/village_interfaces/srv/detail
-- Up-to-date: /home/tzq/town_ws/install/village_interfaces/include/village_interfaces/village_interfaces/srv/detail/borrow_money__rosidl_typesupport_introspection_cpp.hpp
-- Up-to-date: /home/tzq/town_ws/install/village_interfaces/include/village_interfaces/village_interfaces/srv/detail/borrow_money__type_support.cpp
-- Up-to-date: /home/tzq/town_ws/install/village_interfaces/include/village_interfaces/village_interfaces/srv/detail/sell_novel__type_support.cpp
-- Up-to-date: /home/tzq/town_ws/install/village_interfaces/include/village_interfaces/village_interfaces/srv/detail/sell_novel__rosidl_typesupport_introspection_cpp.hpp
-- Up-to-date: /home/tzq/town_ws/install/village_interfaces/include/village_interfaces/village_interfaces/msg
-- Up-to-date: /home/tzq/town_ws/install/village_interfaces/include/village_interfaces/village_interfaces/msg/detail
-- Up-to-date: /home/tzq/town_ws/install/village_interfaces/include/village_interfaces/village_interfaces/msg/detail/novel__rosidl_typesupport_introspection_cpp.hpp
-- Up-to-date: /home/tzq/town_ws/install/village_interfaces/include/village_interfaces/village_interfaces/msg/detail/novel__type_support.cpp
-- Installing: /home/tzq/town_ws/install/village_interfaces/lib/libvillage_interfaces__rosidl_typesupport_introspection_cpp.so
-- Set runtime path of "/home/tzq/town_ws/install/village_interfaces/lib/libvillage_interfaces__rosidl_typesupport_introspection_cpp.so" to ""
-- Installing: /home/tzq/town_ws/install/village_interfaces/lib/libvillage_interfaces__rosidl_typesupport_cpp.so
-- Set runtime path of "/home/tzq/town_ws/install/village_interfaces/lib/libvillage_interfaces__rosidl_typesupport_cpp.so" to ""
-- Up-to-date: /home/tzq/town_ws/install/village_interfaces/share/village_interfaces/environment/pythonpath.sh
-- Up-to-date: /home/tzq/town_ws/install/village_interfaces/share/village_interfaces/environment/pythonpath.dsv
-- Up-to-date: /home/tzq/town_ws/install/village_interfaces/local/lib/python3.10/dist-packages/village_interfaces-0.0.0-py3.10.egg-info
-- Installing: /home/tzq/town_ws/install/village_interfaces/local/lib/python3.10/dist-packages/village_interfaces-0.0.0-py3.10.egg-info/PKG-INFO
-- Installing: /home/tzq/town_ws/install/village_interfaces/local/lib/python3.10/dist-packages/village_interfaces-0.0.0-py3.10.egg-info/dependency_links.txt
-- Installing: /home/tzq/town_ws/install/village_interfaces/local/lib/python3.10/dist-packages/village_interfaces-0.0.0-py3.10.egg-info/SOURCES.txt
-- Installing: /home/tzq/town_ws/install/village_interfaces/local/lib/python3.10/dist-packages/village_interfaces-0.0.0-py3.10.egg-info/top_level.txt
-- Up-to-date: /home/tzq/town_ws/install/village_interfaces/local/lib/python3.10/dist-packages/village_interfaces
-- Installing: /home/tzq/town_ws/install/village_interfaces/local/lib/python3.10/dist-packages/village_interfaces/village_interfaces_s__rosidl_typesupport_introspection_c.cpython-310-x86_64-linux-gnu.so
-- Up-to-date: /home/tzq/town_ws/install/village_interfaces/local/lib/python3.10/dist-packages/village_interfaces/_village_interfaces_s.ep.rosidl_typesupport_c.c
-- Up-to-date: /home/tzq/town_ws/install/village_interfaces/local/lib/python3.10/dist-packages/village_interfaces/_village_interfaces_s.ep.rosidl_typesupport_introspection_c.c
-- Installing: /home/tzq/town_ws/install/village_interfaces/local/lib/python3.10/dist-packages/village_interfaces/village_interfaces_s__rosidl_typesupport_c.cpython-310-x86_64-linux-gnu.so
-- Up-to-date: /home/tzq/town_ws/install/village_interfaces/local/lib/python3.10/dist-packages/village_interfaces/_village_interfaces_s.ep.rosidl_typesupport_fastrtps_c.c
-- Up-to-date: /home/tzq/town_ws/install/village_interfaces/local/lib/python3.10/dist-packages/village_interfaces/__init__.py
-- Installing: /home/tzq/town_ws/install/village_interfaces/local/lib/python3.10/dist-packages/village_interfaces/libvillage_interfaces__rosidl_generator_py.so
-- Up-to-date: /home/tzq/town_ws/install/village_interfaces/local/lib/python3.10/dist-packages/village_interfaces/srv
-- Up-to-date: /home/tzq/town_ws/install/village_interfaces/local/lib/python3.10/dist-packages/village_interfaces/srv/_borrow_money.py
-- Up-to-date: /home/tzq/town_ws/install/village_interfaces/local/lib/python3.10/dist-packages/village_interfaces/srv/_borrow_money_s.c
-- Up-to-date: /home/tzq/town_ws/install/village_interfaces/local/lib/python3.10/dist-packages/village_interfaces/srv/__init__.py
-- Up-to-date: /home/tzq/town_ws/install/village_interfaces/local/lib/python3.10/dist-packages/village_interfaces/srv/_sell_novel_s.c
-- Up-to-date: /home/tzq/town_ws/install/village_interfaces/local/lib/python3.10/dist-packages/village_interfaces/srv/_sell_novel.py
-- Installing: /home/tzq/town_ws/install/village_interfaces/local/lib/python3.10/dist-packages/village_interfaces/village_interfaces_s__rosidl_typesupport_fastrtps_c.cpython-310-x86_64-linux-gnu.so
-- Up-to-date: /home/tzq/town_ws/install/village_interfaces/local/lib/python3.10/dist-packages/village_interfaces/msg
-- Up-to-date: /home/tzq/town_ws/install/village_interfaces/local/lib/python3.10/dist-packages/village_interfaces/msg/_novel_s.c
-- Up-to-date: /home/tzq/town_ws/install/village_interfaces/local/lib/python3.10/dist-packages/village_interfaces/msg/__init__.py
-- Up-to-date: /home/tzq/town_ws/install/village_interfaces/local/lib/python3.10/dist-packages/village_interfaces/msg/_novel.py
Listing '/home/tzq/town_ws/install/village_interfaces/local/lib/python3.10/dist-packages/village_interfaces'...
Listing '/home/tzq/town_ws/install/village_interfaces/local/lib/python3.10/dist-packages/village_interfaces/msg'...
Listing '/home/tzq/town_ws/install/village_interfaces/local/lib/python3.10/dist-packages/village_interfaces/srv'...
-- Installing: /home/tzq/town_ws/install/village_interfaces/local/lib/python3.10/dist-packages/village_interfaces/village_interfaces_s__rosidl_typesupport_fastrtps_c.cpython-310-x86_64-linux-gnu.so
-- Set runtime path of "/home/tzq/town_ws/install/village_interfaces/local/lib/python3.10/dist-packages/village_interfaces/village_interfaces_s__rosidl_typesupport_fastrtps_c.cpython-310-x86_64-linux-gnu.so" to ""
-- Installing: /home/tzq/town_ws/install/village_interfaces/local/lib/python3.10/dist-packages/village_interfaces/village_interfaces_s__rosidl_typesupport_introspection_c.cpython-310-x86_64-linux-gnu.so
-- Set runtime path of "/home/tzq/town_ws/install/village_interfaces/local/lib/python3.10/dist-packages/village_interfaces/village_interfaces_s__rosidl_typesupport_introspection_c.cpython-310-x86_64-linux-gnu.so" to ""
-- Installing: /home/tzq/town_ws/install/village_interfaces/local/lib/python3.10/dist-packages/village_interfaces/village_interfaces_s__rosidl_typesupport_c.cpython-310-x86_64-linux-gnu.so
-- Set runtime path of "/home/tzq/town_ws/install/village_interfaces/local/lib/python3.10/dist-packages/village_interfaces/village_interfaces_s__rosidl_typesupport_c.cpython-310-x86_64-linux-gnu.so" to ""
-- Installing: /home/tzq/town_ws/install/village_interfaces/lib/libvillage_interfaces__rosidl_generator_py.so
-- Set runtime path of "/home/tzq/town_ws/install/village_interfaces/lib/libvillage_interfaces__rosidl_generator_py.so" to ""
-- Up-to-date: /home/tzq/town_ws/install/village_interfaces/share/village_interfaces/msg/Novel.idl
-- Up-to-date: /home/tzq/town_ws/install/village_interfaces/share/village_interfaces/srv/BorrowMoney.idl
-- Up-to-date: /home/tzq/town_ws/install/village_interfaces/share/village_interfaces/srv/SellNovel.idl
-- Up-to-date: /home/tzq/town_ws/install/village_interfaces/share/village_interfaces/msg/Novel.msg
-- Up-to-date: /home/tzq/town_ws/install/village_interfaces/share/village_interfaces/srv/BorrowMoney.srv
-- Up-to-date: /home/tzq/town_ws/install/village_interfaces/share/village_interfaces/srv/BorrowMoney_Request.msg
-- Up-to-date: /home/tzq/town_ws/install/village_interfaces/share/village_interfaces/srv/BorrowMoney_Response.msg
-- Up-to-date: /home/tzq/town_ws/install/village_interfaces/share/village_interfaces/srv/SellNovel.srv
-- Up-to-date: /home/tzq/town_ws/install/village_interfaces/share/village_interfaces/srv/SellNovel_Request.msg
-- Up-to-date: /home/tzq/town_ws/install/village_interfaces/share/village_interfaces/srv/SellNovel_Response.msg
-- Up-to-date: /home/tzq/town_ws/install/village_interfaces/share/ament_index/resource_index/package_run_dependencies/village_interfaces
-- Up-to-date: /home/tzq/town_ws/install/village_interfaces/share/ament_index/resource_index/parent_prefix_path/village_interfaces
-- Up-to-date: /home/tzq/town_ws/install/village_interfaces/share/village_interfaces/environment/ament_prefix_path.sh
-- Up-to-date: /home/tzq/town_ws/install/village_interfaces/share/village_interfaces/environment/ament_prefix_path.dsv
-- Up-to-date: /home/tzq/town_ws/install/village_interfaces/share/village_interfaces/environment/path.sh
-- Up-to-date: /home/tzq/town_ws/install/village_interfaces/share/village_interfaces/environment/path.dsv
-- Up-to-date: /home/tzq/town_ws/install/village_interfaces/share/village_interfaces/local_setup.bash
-- Up-to-date: /home/tzq/town_ws/install/village_interfaces/share/village_interfaces/local_setup.sh
-- Up-to-date: /home/tzq/town_ws/install/village_interfaces/share/village_interfaces/local_setup.zsh
-- Up-to-date: /home/tzq/town_ws/install/village_interfaces/share/village_interfaces/local_setup.dsv
-- Installing: /home/tzq/town_ws/install/village_interfaces/share/village_interfaces/package.dsv
-- Up-to-date: /home/tzq/town_ws/install/village_interfaces/share/ament_index/resource_index/packages/village_interfaces
-- Up-to-date: /home/tzq/town_ws/install/village_interfaces/share/village_interfaces/cmake/export_village_interfaces__rosidl_generator_cExport.cmake
-- Up-to-date: /home/tzq/town_ws/install/village_interfaces/share/village_interfaces/cmake/export_village_interfaces__rosidl_generator_cExport-noconfig.cmake
-- Up-to-date: /home/tzq/town_ws/install/village_interfaces/share/village_interfaces/cmake/export_village_interfaces__rosidl_typesupport_fastrtps_cExport.cmake
-- Up-to-date: /home/tzq/town_ws/install/village_interfaces/share/village_interfaces/cmake/export_village_interfaces__rosidl_typesupport_fastrtps_cExport-noconfig.cmake
-- Up-to-date: /home/tzq/town_ws/install/village_interfaces/share/village_interfaces/cmake/export_village_interfaces__rosidl_generator_cppExport.cmake
-- Up-to-date: /home/tzq/town_ws/install/village_interfaces/share/village_interfaces/cmake/export_village_interfaces__rosidl_typesupport_fastrtps_cppExport.cmake
-- Up-to-date: /home/tzq/town_ws/install/village_interfaces/share/village_interfaces/cmake/export_village_interfaces__rosidl_typesupport_fastrtps_cppExport-noconfig.cmake
-- Up-to-date: /home/tzq/town_ws/install/village_interfaces/share/village_interfaces/cmake/village_interfaces__rosidl_typesupport_introspection_cExport.cmake
-- Up-to-date: /home/tzq/town_ws/install/village_interfaces/share/village_interfaces/cmake/village_interfaces__rosidl_typesupport_introspection_cExport-noconfig.cmake
-- Up-to-date: /home/tzq/town_ws/install/village_interfaces/share/village_interfaces/cmake/village_interfaces__rosidl_typesupport_cExport.cmake
-- Up-to-date: /home/tzq/town_ws/install/village_interfaces/share/village_interfaces/cmake/village_interfaces__rosidl_typesupport_cExport-noconfig.cmake
-- Up-to-date: /home/tzq/town_ws/install/village_interfaces/share/village_interfaces/cmake/village_interfaces__rosidl_typesupport_introspection_cppExport.cmake
-- Up-to-date: /home/tzq/town_ws/install/village_interfaces/share/village_interfaces/cmake/village_interfaces__rosidl_typesupport_introspection_cppExport-noconfig.cmake
-- Up-to-date: /home/tzq/town_ws/install/village_interfaces/share/village_interfaces/cmake/village_interfaces__rosidl_typesupport_cppExport.cmake
-- Up-to-date: /home/tzq/town_ws/install/village_interfaces/share/village_interfaces/cmake/village_interfaces__rosidl_typesupport_cppExport-noconfig.cmake
-- Up-to-date: /home/tzq/town_ws/install/village_interfaces/share/village_interfaces/cmake/export_village_interfaces__rosidl_generator_pyExport.cmake
-- Up-to-date: /home/tzq/town_ws/install/village_interfaces/share/village_interfaces/cmake/export_village_interfaces__rosidl_generator_pyExport-noconfig.cmake
-- Up-to-date: /home/tzq/town_ws/install/village_interfaces/share/village_interfaces/cmake/rosidl_cmake-extras.cmake
-- Up-to-date: /home/tzq/town_ws/install/village_interfaces/share/village_interfaces/cmake/ament_cmake_export_dependencies-extras.cmake
-- Up-to-date: /home/tzq/town_ws/install/village_interfaces/share/village_interfaces/cmake/ament_cmake_export_include_directories-extras.cmake
-- Up-to-date: /home/tzq/town_ws/install/village_interfaces/share/village_interfaces/cmake/ament_cmake_export_libraries-extras.cmake
-- Up-to-date: /home/tzq/town_ws/install/village_interfaces/share/village_interfaces/cmake/ament_cmake_export_targets-extras.cmake
-- Up-to-date: /home/tzq/town_ws/install/village_interfaces/share/village_interfaces/cmake/rosidl_cmake_export_typesupport_targets-extras.cmake
-- Up-to-date: /home/tzq/town_ws/install/village_interfaces/share/village_interfaces/cmake/rosidl_cmake_export_typesupport_libraries-extras.cmake
-- Up-to-date: /home/tzq/town_ws/install/village_interfaces/share/village_interfaces/cmake/village_interfacesConfig.cmake
-- Up-to-date: /home/tzq/town_ws/install/village_interfaces/share/village_interfaces/cmake/village_interfacesConfig-version.cmake
-- Up-to-date: /home/tzq/town_ws/install/village_interfaces/share/village_interfaces/package.xml
