[0.061s] Invoking command in '/home/tzq/town_ws/build/village_wang': CMAKE_PREFIX_PATH=/opt/ros/humble /usr/bin/cmake /home/tzq/town_ws/src/village_wang -DCMAKE_INSTALL_PREFIX=/home/tzq/town_ws/install/village_wang
[0.236s] -- The C compiler identification is GNU 11.4.0
[0.402s] -- The CXX compiler identification is GNU 11.4.0
[0.425s] -- Detecting C compiler ABI info
[0.562s] -- Detecting C compiler ABI info - done
[0.563s] -- Check for working C compiler: /usr/bin/cc - skipped
[0.564s] -- Detecting C compile features
[0.566s] -- Detecting C compile features - done
[0.573s] -- Detecting CXX compiler ABI info
[0.675s] -- Detecting CXX compiler ABI info - done
[0.680s] -- Check for working CXX compiler: /usr/bin/c++ - skipped
[0.681s] -- Detecting CXX compile features
[0.681s] -- Detecting CXX compile features - done
[0.690s] -- Found ament_cmake: 1.3.8 (/opt/ros/humble/share/ament_cmake/cmake)
[0.883s] -- Found Python3: /usr/bin/python3 (found version "3.10.12") found components: Interpreter 
[1.005s] -- Found rclcpp: 16.0.8 (/opt/ros/humble/share/rclcpp/cmake)
[1.090s] -- Found rosidl_generator_c: 3.1.5 (/opt/ros/humble/share/rosidl_generator_c/cmake)
[1.097s] -- Found rosidl_adapter: 3.1.5 (/opt/ros/humble/share/rosidl_adapter/cmake)
[1.115s] -- Found rosidl_generator_cpp: 3.1.5 (/opt/ros/humble/share/rosidl_generator_cpp/cmake)
[1.145s] -- Using all available rosidl_typesupport_c: rosidl_typesupport_fastrtps_c;rosidl_typesupport_introspection_c
[1.180s] -- Using all available rosidl_typesupport_cpp: rosidl_typesupport_fastrtps_cpp;rosidl_typesupport_introspection_cpp
[1.286s] -- Found rmw_implementation_cmake: 6.1.1 (/opt/ros/humble/share/rmw_implementation_cmake/cmake)
[1.290s] -- Found rmw_fastrtps_cpp: 6.2.6 (/opt/ros/humble/share/rmw_fastrtps_cpp/cmake)
[1.423s] -- Found OpenSSL: /usr/lib/x86_64-linux-gnu/libcrypto.so (found version "3.0.2")  
[1.461s] -- Found FastRTPS: /opt/ros/humble/include  
[1.505s] -- Using RMW implementation 'rmw_fastrtps_cpp' as default
[1.525s] -- Looking for pthread.h
[1.612s] -- Looking for pthread.h - found
[1.613s] -- Performing Test CMAKE_HAVE_LIBC_PTHREAD
[1.707s] -- Performing Test CMAKE_HAVE_LIBC_PTHREAD - Success
[1.707s] -- Found Threads: TRUE  
[1.892s] -- Found ament_lint_auto: 0.12.10 (/opt/ros/humble/share/ament_lint_auto/cmake)
[1.985s] -- Added test 'cppcheck' to perform static code analysis on C / C++ code
[1.986s] -- Configured cppcheck include dirs: 
[1.986s] -- Configured cppcheck exclude dirs and/or files: 
[1.987s] -- Added test 'lint_cmake' to check CMake code style
[1.988s] -- Added test 'uncrustify' to check C / C++ code style
[1.988s] -- Configured uncrustify additional arguments: 
[1.989s] -- Added test 'xmllint' to check XML markup files
[1.992s] -- Configuring done
[1.997s] -- Generating done
[1.999s] -- Build files have been written to: /home/tzq/town_ws/build/village_wang
[2.011s] Invoked command in '/home/tzq/town_ws/build/village_wang' returned '0': CMAKE_PREFIX_PATH=/opt/ros/humble /usr/bin/cmake /home/tzq/town_ws/src/village_wang -DCMAKE_INSTALL_PREFIX=/home/tzq/town_ws/install/village_wang
[2.012s] Invoking command in '/home/tzq/town_ws/build/village_wang': CMAKE_PREFIX_PATH=/opt/ros/humble /usr/bin/cmake --build /home/tzq/town_ws/build/village_wang -- -j2 -l2
[2.064s] Invoked command in '/home/tzq/town_ws/build/village_wang' returned '0': CMAKE_PREFIX_PATH=/opt/ros/humble /usr/bin/cmake --build /home/tzq/town_ws/build/village_wang -- -j2 -l2
[2.099s] Invoking command in '/home/tzq/town_ws/build/village_wang': CMAKE_PREFIX_PATH=/opt/ros/humble /usr/bin/cmake --install /home/tzq/town_ws/build/village_wang
[2.107s] -- Install configuration: ""
[2.108s] -- Installing: /home/tzq/town_ws/install/village_wang/share/ament_index/resource_index/package_run_dependencies/village_wang
[2.110s] -- Installing: /home/tzq/town_ws/install/village_wang/share/ament_index/resource_index/parent_prefix_path/village_wang
[2.111s] -- Installing: /home/tzq/town_ws/install/village_wang/share/village_wang/environment/ament_prefix_path.sh
[2.112s] -- Installing: /home/tzq/town_ws/install/village_wang/share/village_wang/environment/ament_prefix_path.dsv
[2.113s] -- Installing: /home/tzq/town_ws/install/village_wang/share/village_wang/environment/path.sh
[2.114s] -- Installing: /home/tzq/town_ws/install/village_wang/share/village_wang/environment/path.dsv
[2.115s] -- Installing: /home/tzq/town_ws/install/village_wang/share/village_wang/local_setup.bash
[2.116s] -- Installing: /home/tzq/town_ws/install/village_wang/share/village_wang/local_setup.sh
[2.117s] -- Installing: /home/tzq/town_ws/install/village_wang/share/village_wang/local_setup.zsh
[2.118s] -- Installing: /home/tzq/town_ws/install/village_wang/share/village_wang/local_setup.dsv
[2.119s] -- Installing: /home/tzq/town_ws/install/village_wang/share/village_wang/package.dsv
[2.120s] -- Installing: /home/tzq/town_ws/install/village_wang/share/ament_index/resource_index/packages/village_wang
[2.122s] -- Installing: /home/tzq/town_ws/install/village_wang/share/village_wang/cmake/village_wangConfig.cmake
[2.125s] -- Installing: /home/tzq/town_ws/install/village_wang/share/village_wang/cmake/village_wangConfig-version.cmake
[2.125s] -- Installing: /home/tzq/town_ws/install/village_wang/share/village_wang/package.xml
[2.137s] Invoked command in '/home/tzq/town_ws/build/village_wang' returned '0': CMAKE_PREFIX_PATH=/opt/ros/humble /usr/bin/cmake --install /home/tzq/town_ws/build/village_wang
