[0.809s] Invoking command in '/home/tzq/town_ws/src/village_li': PYTHONPATH=/home/tzq/town_ws/build/village_li/prefix_override:/home/tzq/town_ws/install/village_li/lib/python3.10/site-packages:${PYTHONPATH} /usr/bin/python3 setup.py egg_info --egg-base ../../build/village_li build --build-base /home/tzq/town_ws/build/village_li/build install --record /home/tzq/town_ws/build/village_li/install.log --single-version-externally-managed
[1.014s] running egg_info
[1.015s] writing ../../build/village_li/village_li.egg-info/PKG-INFO
[1.015s] writing dependency_links to ../../build/village_li/village_li.egg-info/dependency_links.txt
[1.015s] writing entry points to ../../build/village_li/village_li.egg-info/entry_points.txt
[1.015s] writing requirements to ../../build/village_li/village_li.egg-info/requires.txt
[1.016s] writing top-level names to ../../build/village_li/village_li.egg-info/top_level.txt
[1.017s] reading manifest file '../../build/village_li/village_li.egg-info/SOURCES.txt'
[1.018s] writing manifest file '../../build/village_li/village_li.egg-info/SOURCES.txt'
[1.018s] running build
[1.018s] running build_py
[1.019s] running install
[1.019s] /usr/lib/python3/dist-packages/setuptools/command/install.py:34: SetuptoolsDeprecationWarning: setup.py install is deprecated. Use build and pip and other standards-based tools.
[1.019s]   warnings.warn(
[1.019s] running install_lib
[1.020s] running install_data
[1.021s] running install_egg_info
[1.022s] removing '/home/tzq/town_ws/install/village_li/lib/python3.10/site-packages/village_li-0.0.0-py3.10.egg-info' (and everything under it)
[1.022s] Copying ../../build/village_li/village_li.egg-info to /home/tzq/town_ws/install/village_li/lib/python3.10/site-packages/village_li-0.0.0-py3.10.egg-info
[1.023s] running install_scripts
[1.041s] Installing li4_node=village_li.li4:mainli3_node script to /home/tzq/town_ws/install/village_li/lib/village_li
[1.041s] writing list of installed files to '/home/tzq/town_ws/build/village_li/install.log'
[1.072s] Invoked command in '/home/tzq/town_ws/src/village_li' returned '0': PYTHONPATH=/home/tzq/town_ws/build/village_li/prefix_override:/home/tzq/town_ws/install/village_li/lib/python3.10/site-packages:${PYTHONPATH} /usr/bin/python3 setup.py egg_info --egg-base ../../build/village_li build --build-base /home/tzq/town_ws/build/village_li/build install --record /home/tzq/town_ws/build/village_li/install.log --single-version-externally-managed
