[0.698s] Invoking command in '/home/tzq/town_ws/src/village_li': PYTHONPATH=/home/tzq/town_ws/src/build/village_li/prefix_override:/home/tzq/town_ws/src/install/village_li/lib/python3.10/site-packages:${PYTHONPATH} /usr/bin/python3 setup.py egg_info --egg-base ../build/village_li build --build-base /home/tzq/town_ws/src/build/village_li/build install --record /home/tzq/town_ws/src/build/village_li/install.log --single-version-externally-managed
[0.904s] running egg_info
[0.905s] creating ../build/village_li/village_li.egg-info
[0.906s] writing ../build/village_li/village_li.egg-info/PKG-INFO
[0.907s] writing dependency_links to ../build/village_li/village_li.egg-info/dependency_links.txt
[0.907s] writing entry points to ../build/village_li/village_li.egg-info/entry_points.txt
[0.908s] writing requirements to ../build/village_li/village_li.egg-info/requires.txt
[0.908s] writing top-level names to ../build/village_li/village_li.egg-info/top_level.txt
[0.909s] writing manifest file '../build/village_li/village_li.egg-info/SOURCES.txt'
[0.911s] reading manifest file '../build/village_li/village_li.egg-info/SOURCES.txt'
[0.912s] writing manifest file '../build/village_li/village_li.egg-info/SOURCES.txt'
[0.912s] running build
[0.913s] running build_py
[0.913s] creating /home/tzq/town_ws/src/build/village_li/build
[0.913s] creating /home/tzq/town_ws/src/build/village_li/build/lib
[0.914s] creating /home/tzq/town_ws/src/build/village_li/build/lib/village_li
[0.914s] copying village_li/li4.py -> /home/tzq/town_ws/src/build/village_li/build/lib/village_li
[0.915s] copying village_li/__init__.py -> /home/tzq/town_ws/src/build/village_li/build/lib/village_li
[0.916s] running install
[0.916s] /usr/lib/python3/dist-packages/setuptools/command/install.py:34: SetuptoolsDeprecationWarning: setup.py install is deprecated. Use build and pip and other standards-based tools.
[0.917s]   warnings.warn(
[0.920s] running install_lib
[0.920s] creating /home/tzq/town_ws/src/install/village_li/lib/python3.10/site-packages/village_li
[0.920s] copying /home/tzq/town_ws/src/build/village_li/build/lib/village_li/li4.py -> /home/tzq/town_ws/src/install/village_li/lib/python3.10/site-packages/village_li
[0.920s] copying /home/tzq/town_ws/src/build/village_li/build/lib/village_li/__init__.py -> /home/tzq/town_ws/src/install/village_li/lib/python3.10/site-packages/village_li
[0.920s] byte-compiling /home/tzq/town_ws/src/install/village_li/lib/python3.10/site-packages/village_li/li4.py to li4.cpython-310.pyc
[0.920s] byte-compiling /home/tzq/town_ws/src/install/village_li/lib/python3.10/site-packages/village_li/__init__.py to __init__.cpython-310.pyc
[0.920s] running install_data
[0.920s] creating /home/tzq/town_ws/src/install/village_li/share/ament_index
[0.920s] creating /home/tzq/town_ws/src/install/village_li/share/ament_index/resource_index
[0.920s] creating /home/tzq/town_ws/src/install/village_li/share/ament_index/resource_index/packages
[0.922s] copying resource/village_li -> /home/tzq/town_ws/src/install/village_li/share/ament_index/resource_index/packages
[0.923s] copying package.xml -> /home/tzq/town_ws/src/install/village_li/share/village_li
[0.926s] running install_egg_info
[0.929s] Copying ../build/village_li/village_li.egg-info to /home/tzq/town_ws/src/install/village_li/lib/python3.10/site-packages/village_li-0.0.0-py3.10.egg-info
[0.930s] running install_scripts
[0.956s] writing list of installed files to '/home/tzq/town_ws/src/build/village_li/install.log'
[0.983s] Invoked command in '/home/tzq/town_ws/src/village_li' returned '0': PYTHONPATH=/home/tzq/town_ws/src/build/village_li/prefix_override:/home/tzq/town_ws/src/install/village_li/lib/python3.10/site-packages:${PYTHONPATH} /usr/bin/python3 setup.py egg_info --egg-base ../build/village_li build --build-base /home/tzq/town_ws/src/build/village_li/build install --record /home/tzq/town_ws/src/build/village_li/install.log --single-version-externally-managed
