[0.718s] Invoking command in '/home/tzq/town_ws/src/village_li': PYTHONPATH=/home/tzq/town_ws/build/village_li/prefix_override:/home/tzq/town_ws/install/village_li/lib/python3.10/site-packages:${PYTHONPATH} /usr/bin/python3 setup.py egg_info --egg-base ../../build/village_li build --build-base /home/tzq/town_ws/build/village_li/build install --record /home/tzq/town_ws/build/village_li/install.log --single-version-externally-managed
[0.918s] running egg_info
[0.919s] writing ../../build/village_li/village_li.egg-info/PKG-INFO
[0.920s] writing dependency_links to ../../build/village_li/village_li.egg-info/dependency_links.txt
[0.921s] writing entry points to ../../build/village_li/village_li.egg-info/entry_points.txt
[0.922s] writing requirements to ../../build/village_li/village_li.egg-info/requires.txt
[0.922s] writing top-level names to ../../build/village_li/village_li.egg-info/top_level.txt
[0.924s] reading manifest file '../../build/village_li/village_li.egg-info/SOURCES.txt'
[0.925s] writing manifest file '../../build/village_li/village_li.egg-info/SOURCES.txt'
[0.926s] running build
[0.926s] running build_py
[0.927s] copying village_li/li3.py -> /home/tzq/town_ws/build/village_li/build/lib/village_li
[0.928s] running install
[0.929s] /usr/lib/python3/dist-packages/setuptools/command/install.py:34: SetuptoolsDeprecationWarning: setup.py install is deprecated. Use build and pip and other standards-based tools.
[0.929s]   warnings.warn(
[0.929s] running install_lib
[0.930s] copying /home/tzq/town_ws/build/village_li/build/lib/village_li/li3.py -> /home/tzq/town_ws/install/village_li/lib/python3.10/site-packages/village_li
[0.931s] byte-compiling /home/tzq/town_ws/install/village_li/lib/python3.10/site-packages/village_li/li3.py to li3.cpython-310.pyc
[0.932s] running install_data
[0.933s] running install_egg_info
[0.935s] removing '/home/tzq/town_ws/install/village_li/lib/python3.10/site-packages/village_li-0.0.0-py3.10.egg-info' (and everything under it)
[0.936s] Copying ../../build/village_li/village_li.egg-info to /home/tzq/town_ws/install/village_li/lib/python3.10/site-packages/village_li-0.0.0-py3.10.egg-info
[0.937s] running install_scripts
[0.960s] Installing li3_node script to /home/tzq/town_ws/install/village_li/lib/village_li
[0.962s] Installing li4_node script to /home/tzq/town_ws/install/village_li/lib/village_li
[0.962s] writing list of installed files to '/home/tzq/town_ws/build/village_li/install.log'
[0.998s] Invoked command in '/home/tzq/town_ws/src/village_li' returned '0': PYTHONPATH=/home/tzq/town_ws/build/village_li/prefix_override:/home/tzq/town_ws/install/village_li/lib/python3.10/site-packages:${PYTHONPATH} /usr/bin/python3 setup.py egg_info --egg-base ../../build/village_li build --build-base /home/tzq/town_ws/build/village_li/build install --record /home/tzq/town_ws/build/village_li/install.log --single-version-externally-managed
