[1.140s] Invoking command in '/home/tzq/town_ws/src/village_li': PYTHONPATH=/home/tzq/town_ws/build/village_li/prefix_override:/home/tzq/town_ws/install/village_li/lib/python3.10/site-packages:${PYTHONPATH} /usr/bin/python3 setup.py egg_info --egg-base ../../build/village_li build --build-base /home/tzq/town_ws/build/village_li/build install --record /home/tzq/town_ws/build/village_li/install.log --single-version-externally-managed
[1.372s] running egg_info
[1.373s] creating ../../build/village_li/village_li.egg-info
[1.373s] writing ../../build/village_li/village_li.egg-info/PKG-INFO
[1.374s] writing dependency_links to ../../build/village_li/village_li.egg-info/dependency_links.txt
[1.375s] writing entry points to ../../build/village_li/village_li.egg-info/entry_points.txt
[1.375s] writing requirements to ../../build/village_li/village_li.egg-info/requires.txt
[1.375s] writing top-level names to ../../build/village_li/village_li.egg-info/top_level.txt
[1.376s] writing manifest file '../../build/village_li/village_li.egg-info/SOURCES.txt'
[1.377s] reading manifest file '../../build/village_li/village_li.egg-info/SOURCES.txt'
[1.378s] writing manifest file '../../build/village_li/village_li.egg-info/SOURCES.txt'
[1.379s] running build
[1.379s] running build_py
[1.379s] creating /home/tzq/town_ws/build/village_li/build
[1.379s] creating /home/tzq/town_ws/build/village_li/build/lib
[1.379s] creating /home/tzq/town_ws/build/village_li/build/lib/village_li
[1.380s] copying village_li/li4.py -> /home/tzq/town_ws/build/village_li/build/lib/village_li
[1.380s] copying village_li/li4_pop.py -> /home/tzq/town_ws/build/village_li/build/lib/village_li
[1.380s] copying village_li/__init__.py -> /home/tzq/town_ws/build/village_li/build/lib/village_li
[1.381s] running install
[1.381s] /usr/lib/python3/dist-packages/setuptools/command/install.py:34: SetuptoolsDeprecationWarning: setup.py install is deprecated. Use build and pip and other standards-based tools.
[1.382s]   warnings.warn(
[1.382s] running install_lib
[1.383s] creating /home/tzq/town_ws/install/village_li/lib/python3.10/site-packages/village_li
[1.383s] copying /home/tzq/town_ws/build/village_li/build/lib/village_li/li4.py -> /home/tzq/town_ws/install/village_li/lib/python3.10/site-packages/village_li
[1.383s] copying /home/tzq/town_ws/build/village_li/build/lib/village_li/li4_pop.py -> /home/tzq/town_ws/install/village_li/lib/python3.10/site-packages/village_li
[1.384s] copying /home/tzq/town_ws/build/village_li/build/lib/village_li/__init__.py -> /home/tzq/town_ws/install/village_li/lib/python3.10/site-packages/village_li
[1.385s] byte-compiling /home/tzq/town_ws/install/village_li/lib/python3.10/site-packages/village_li/li4.py to li4.cpython-310.pyc
[1.385s] byte-compiling /home/tzq/town_ws/install/village_li/lib/python3.10/site-packages/village_li/li4_pop.py to li4_pop.cpython-310.pyc
[1.386s] byte-compiling /home/tzq/town_ws/install/village_li/lib/python3.10/site-packages/village_li/__init__.py to __init__.cpython-310.pyc
[1.386s] running install_data
[1.387s] creating /home/tzq/town_ws/install/village_li/share/ament_index
[1.387s] creating /home/tzq/town_ws/install/village_li/share/ament_index/resource_index
[1.387s] creating /home/tzq/town_ws/install/village_li/share/ament_index/resource_index/packages
[1.387s] copying resource/village_li -> /home/tzq/town_ws/install/village_li/share/ament_index/resource_index/packages
[1.388s] copying package.xml -> /home/tzq/town_ws/install/village_li/share/village_li
[1.388s] running install_egg_info
[1.391s] Copying ../../build/village_li/village_li.egg-info to /home/tzq/town_ws/install/village_li/lib/python3.10/site-packages/village_li-0.0.0-py3.10.egg-info
[1.392s] running install_scripts
[1.408s] Installing li4_node script to /home/tzq/town_ws/install/village_li/lib/village_li
[1.409s] writing list of installed files to '/home/tzq/town_ws/build/village_li/install.log'
[1.429s] Invoked command in '/home/tzq/town_ws/src/village_li' returned '0': PYTHONPATH=/home/tzq/town_ws/build/village_li/prefix_override:/home/tzq/town_ws/install/village_li/lib/python3.10/site-packages:${PYTHONPATH} /usr/bin/python3 setup.py egg_info --egg-base ../../build/village_li build --build-base /home/tzq/town_ws/build/village_li/build install --record /home/tzq/town_ws/build/village_li/install.log --single-version-externally-managed
