[0.092s] Invoking command in '/home/tzq/town_ws/build/village_interfaces': CMAKE_PREFIX_PATH=${CMAKE_PREFIX_PATH}:/home/tzq/town_ws/install/village_li:/opt/ros/humble /usr/bin/cmake --build /home/tzq/town_ws/build/village_interfaces -- -j2 -l2
[0.177s] -- Found ament_cmake: 1.3.8 (/opt/ros/humble/share/ament_cmake/cmake)
[0.395s] -- Found sensor_msgs: 4.2.3 (/opt/ros/humble/share/sensor_msgs/cmake)
[0.460s] -- Found rosidl_generator_c: 3.1.5 (/opt/ros/humble/share/rosidl_generator_c/cmake)
[0.466s] -- Found rosidl_adapter: 3.1.5 (/opt/ros/humble/share/rosidl_adapter/cmake)
[0.479s] -- Found rosidl_generator_cpp: 3.1.5 (/opt/ros/humble/share/rosidl_generator_cpp/cmake)
[0.499s] -- Using all available rosidl_typesupport_c: rosidl_typesupport_fastrtps_c;rosidl_typesupport_introspection_c
[0.530s] -- Using all available rosidl_typesupport_cpp: rosidl_typesupport_fastrtps_cpp;rosidl_typesupport_introspection_cpp
[0.784s] -- Found rosidl_default_generators: 1.2.0 (/opt/ros/humble/share/rosidl_default_generators/cmake)
[0.797s] -- Found ament_lint_auto: 0.12.10 (/opt/ros/humble/share/ament_lint_auto/cmake)
[1.255s] -- Found ament_cmake_ros: 0.10.0 (/opt/ros/humble/share/ament_cmake_ros/cmake)
[1.880s] -- Using all available rosidl_typesupport_c: rosidl_typesupport_fastrtps_c;rosidl_typesupport_introspection_c
[2.087s] -- Using all available rosidl_typesupport_cpp: rosidl_typesupport_fastrtps_cpp;rosidl_typesupport_introspection_cpp
[2.115s] -- Found python_cmake_module: 0.10.0 (/opt/ros/humble/share/python_cmake_module/cmake)
[2.148s] -- Using PYTHON_EXECUTABLE: /usr/bin/python3
[2.149s] -- Using PYTHON_INCLUDE_DIRS: /usr/include/python3.10
[2.149s] -- Using PYTHON_LIBRARIES: /usr/lib/x86_64-linux-gnu/libpython3.10.so
[2.217s] -- Added test 'lint_cmake' to check CMake code style
[2.220s] -- Added test 'xmllint' to check XML markup files
[2.240s] -- Configuring done
[2.352s] -- Generating done
[2.360s] -- Build files have been written to: /home/tzq/town_ws/build/village_interfaces
[2.415s] [  2%] [34m[1mGenerating C code for ROS interfaces[0m
[2.438s] [  4%] [34m[1mGenerating C++ code for ROS interfaces[0m
[3.161s] [  4%] Built target village_interfaces__cpp
[3.213s] [35m[1mConsolidate compiler generated dependencies of target village_interfaces__rosidl_generator_c[0m
[3.249s] [  6%] [32mBuilding C object CMakeFiles/village_interfaces__rosidl_generator_c.dir/rosidl_generator_c/village_interfaces/msg/detail/novel__functions.c.o[0m
[3.259s] [  6%] Built target ament_cmake_python_copy_village_interfaces
[3.287s] [  8%] [34m[1mGenerating C++ type support dispatch for ROS interfaces[0m
[3.573s] [ 10%] [32mBuilding C object CMakeFiles/village_interfaces__rosidl_generator_c.dir/rosidl_generator_c/village_interfaces/srv/detail/borrow_money__functions.c.o[0m
[3.799s] [ 12%] [32mBuilding C object CMakeFiles/village_interfaces__rosidl_generator_c.dir/rosidl_generator_c/village_interfaces/srv/detail/sell_novel__functions.c.o[0m
[3.916s] [ 14%] [32m[1mLinking C shared library libvillage_interfaces__rosidl_generator_c.so[0m
[3.928s] [35m[1mConsolidate compiler generated dependencies of target village_interfaces__rosidl_typesupport_cpp[0m
[4.002s] [ 17%] [32mBuilding CXX object CMakeFiles/village_interfaces__rosidl_typesupport_cpp.dir/rosidl_typesupport_cpp/village_interfaces/msg/novel__type_support.cpp.o[0m
[4.019s] [ 17%] Built target village_interfaces__rosidl_generator_c
[4.042s] [ 19%] [32mBuilding CXX object CMakeFiles/village_interfaces__rosidl_typesupport_cpp.dir/rosidl_typesupport_cpp/village_interfaces/srv/borrow_money__type_support.cpp.o[0m
[4.743s] [ 21%] [34m[1mGenerating C++ type support for eProsima Fast-RTPS[0m
[4.796s] [ 23%] [32mBuilding CXX object CMakeFiles/village_interfaces__rosidl_typesupport_cpp.dir/rosidl_typesupport_cpp/village_interfaces/srv/sell_novel__type_support.cpp.o[0m
[5.340s] [ 25%] [32m[1mLinking CXX shared library libvillage_interfaces__rosidl_typesupport_cpp.so[0m
[5.417s] [35m[1mConsolidate compiler generated dependencies of target village_interfaces__rosidl_typesupport_fastrtps_cpp[0m
[5.448s] [ 25%] Built target village_interfaces__rosidl_typesupport_cpp
[5.474s] [ 27%] [34m[1mGenerating C introspection for ROS interfaces[0m
[5.485s] [ 29%] [32mBuilding CXX object CMakeFiles/village_interfaces__rosidl_typesupport_fastrtps_cpp.dir/rosidl_typesupport_fastrtps_cpp/village_interfaces/msg/detail/dds_fastrtps/novel__type_support.cpp.o[0m
[6.196s] [35m[1mConsolidate compiler generated dependencies of target village_interfaces__rosidl_typesupport_introspection_c[0m
[6.266s] [ 31%] [32mBuilding C object CMakeFiles/village_interfaces__rosidl_typesupport_introspection_c.dir/rosidl_typesupport_introspection_c/village_interfaces/msg/detail/novel__type_support.c.o[0m
[6.380s] [ 34%] [32mBuilding CXX object CMakeFiles/village_interfaces__rosidl_typesupport_fastrtps_cpp.dir/rosidl_typesupport_fastrtps_cpp/village_interfaces/srv/detail/dds_fastrtps/borrow_money__type_support.cpp.o[0m
[6.414s] [ 36%] [32mBuilding C object CMakeFiles/village_interfaces__rosidl_typesupport_introspection_c.dir/rosidl_typesupport_introspection_c/village_interfaces/srv/detail/borrow_money__type_support.c.o[0m
[6.501s] [ 38%] [32mBuilding C object CMakeFiles/village_interfaces__rosidl_typesupport_introspection_c.dir/rosidl_typesupport_introspection_c/village_interfaces/srv/detail/sell_novel__type_support.c.o[0m
[6.581s] [ 40%] [32m[1mLinking C shared library libvillage_interfaces__rosidl_typesupport_introspection_c.so[0m
[6.677s] [ 40%] Built target village_interfaces__rosidl_typesupport_introspection_c
[6.737s] [ 42%] [34m[1mGenerating C type support dispatch for ROS interfaces[0m
[7.374s] [ 44%] [32mBuilding CXX object CMakeFiles/village_interfaces__rosidl_typesupport_fastrtps_cpp.dir/rosidl_typesupport_fastrtps_cpp/village_interfaces/srv/detail/dds_fastrtps/sell_novel__type_support.cpp.o[0m
[7.544s] [35m[1mConsolidate compiler generated dependencies of target village_interfaces__rosidl_typesupport_c[0m
[7.571s] [ 46%] [32mBuilding CXX object CMakeFiles/village_interfaces__rosidl_typesupport_c.dir/rosidl_typesupport_c/village_interfaces/msg/novel__type_support.cpp.o[0m
[7.632s] [ 48%] [32mBuilding CXX object CMakeFiles/village_interfaces__rosidl_typesupport_c.dir/rosidl_typesupport_c/village_interfaces/srv/borrow_money__type_support.cpp.o[0m
[7.700s] [ 51%] [32mBuilding CXX object CMakeFiles/village_interfaces__rosidl_typesupport_c.dir/rosidl_typesupport_c/village_interfaces/srv/sell_novel__type_support.cpp.o[0m
[7.789s] [ 53%] [32m[1mLinking CXX shared library libvillage_interfaces__rosidl_typesupport_c.so[0m
[7.976s] [ 53%] Built target village_interfaces__rosidl_typesupport_c
[8.033s] [ 55%] [34m[1mGenerating C++ introspection for ROS interfaces[0m
[8.544s] [ 57%] [32m[1mLinking CXX shared library libvillage_interfaces__rosidl_typesupport_fastrtps_cpp.so[0m
[8.713s] [35m[1mConsolidate compiler generated dependencies of target village_interfaces__rosidl_typesupport_introspection_cpp[0m
[8.793s] [ 59%] [32mBuilding CXX object CMakeFiles/village_interfaces__rosidl_typesupport_introspection_cpp.dir/rosidl_typesupport_introspection_cpp/village_interfaces/msg/detail/novel__type_support.cpp.o[0m
[8.814s] [ 59%] Built target village_interfaces__rosidl_typesupport_fastrtps_cpp
[9.485s] running egg_info
[9.486s] writing village_interfaces.egg-info/PKG-INFO
[9.487s] writing dependency_links to village_interfaces.egg-info/dependency_links.txt
[9.488s] writing top-level names to village_interfaces.egg-info/top_level.txt
[9.508s] reading manifest file 'village_interfaces.egg-info/SOURCES.txt'
[9.508s] writing manifest file 'village_interfaces.egg-info/SOURCES.txt'
[9.550s] [ 59%] Built target ament_cmake_python_build_village_interfaces_egg
[9.562s] [ 61%] [32mBuilding CXX object CMakeFiles/village_interfaces__rosidl_typesupport_introspection_cpp.dir/rosidl_typesupport_introspection_cpp/village_interfaces/srv/detail/borrow_money__type_support.cpp.o[0m
[9.618s] [ 63%] [34m[1mGenerating C type support for eProsima Fast-RTPS[0m
[10.416s] [ 65%] [32mBuilding CXX object CMakeFiles/village_interfaces__rosidl_typesupport_introspection_cpp.dir/rosidl_typesupport_introspection_cpp/village_interfaces/srv/detail/sell_novel__type_support.cpp.o[0m
[10.555s] [35m[1mConsolidate compiler generated dependencies of target village_interfaces__rosidl_typesupport_fastrtps_c[0m
[10.625s] [ 68%] [32mBuilding CXX object CMakeFiles/village_interfaces__rosidl_typesupport_fastrtps_c.dir/rosidl_typesupport_fastrtps_c/village_interfaces/msg/detail/novel__type_support_c.cpp.o[0m
[11.519s] [ 70%] [32m[1mLinking CXX shared library libvillage_interfaces__rosidl_typesupport_introspection_cpp.so[0m
[11.544s] [ 72%] [32mBuilding CXX object CMakeFiles/village_interfaces__rosidl_typesupport_fastrtps_c.dir/rosidl_typesupport_fastrtps_c/village_interfaces/srv/detail/borrow_money__type_support_c.cpp.o[0m
[11.731s] [ 72%] Built target village_interfaces__rosidl_typesupport_introspection_cpp
[11.756s] [ 74%] [32mBuilding CXX object CMakeFiles/village_interfaces__rosidl_typesupport_fastrtps_c.dir/rosidl_typesupport_fastrtps_c/village_interfaces/srv/detail/sell_novel__type_support_c.cpp.o[0m
[12.475s] [ 76%] [32m[1mLinking CXX shared library libvillage_interfaces__rosidl_typesupport_fastrtps_c.so[0m
[12.613s] [ 76%] Built target village_interfaces__rosidl_typesupport_fastrtps_c
[12.649s] [ 76%] Built target village_interfaces
[12.702s] [ 78%] [34m[1mGenerating Python code for ROS interfaces[0m
[13.514s] [ 78%] Built target village_interfaces__py
[13.539s] [35m[1mConsolidate compiler generated dependencies of target village_interfaces__rosidl_generator_py[0m
[13.595s] [ 82%] [32mBuilding C object CMakeFiles/village_interfaces__rosidl_generator_py.dir/rosidl_generator_py/village_interfaces/srv/_borrow_money_s.c.o[0m
[13.598s] [ 82%] [32mBuilding C object CMakeFiles/village_interfaces__rosidl_generator_py.dir/rosidl_generator_py/village_interfaces/msg/_novel_s.c.o[0m
[13.841s] [ 85%] [32mBuilding C object CMakeFiles/village_interfaces__rosidl_generator_py.dir/rosidl_generator_py/village_interfaces/srv/_sell_novel_s.c.o[0m
[14.017s] [ 87%] [32m[1mLinking C shared library rosidl_generator_py/village_interfaces/libvillage_interfaces__rosidl_generator_py.so[0m
[14.101s] [ 87%] Built target village_interfaces__rosidl_generator_py
[14.126s] [35m[1mConsolidate compiler generated dependencies of target village_interfaces__rosidl_typesupport_introspection_c__pyext[0m
[14.135s] [35m[1mConsolidate compiler generated dependencies of target village_interfaces__rosidl_typesupport_fastrtps_c__pyext[0m
[14.161s] [ 89%] [32mBuilding C object CMakeFiles/village_interfaces__rosidl_typesupport_fastrtps_c__pyext.dir/rosidl_generator_py/village_interfaces/_village_interfaces_s.ep.rosidl_typesupport_fastrtps_c.c.o[0m
[14.176s] [ 91%] [32mBuilding C object CMakeFiles/village_interfaces__rosidl_typesupport_introspection_c__pyext.dir/rosidl_generator_py/village_interfaces/_village_interfaces_s.ep.rosidl_typesupport_introspection_c.c.o[0m
[14.454s] [ 93%] [32m[1mLinking C shared library rosidl_generator_py/village_interfaces/village_interfaces_s__rosidl_typesupport_fastrtps_c.cpython-310-x86_64-linux-gnu.so[0m
[14.484s] [ 95%] [32m[1mLinking C shared library rosidl_generator_py/village_interfaces/village_interfaces_s__rosidl_typesupport_introspection_c.cpython-310-x86_64-linux-gnu.so[0m
[14.565s] [ 95%] Built target village_interfaces__rosidl_typesupport_fastrtps_c__pyext
[14.604s] [35m[1mConsolidate compiler generated dependencies of target village_interfaces__rosidl_typesupport_c__pyext[0m
[14.609s] [ 95%] Built target village_interfaces__rosidl_typesupport_introspection_c__pyext
[14.637s] [ 97%] [32mBuilding C object CMakeFiles/village_interfaces__rosidl_typesupport_c__pyext.dir/rosidl_generator_py/village_interfaces/_village_interfaces_s.ep.rosidl_typesupport_c.c.o[0m
[14.804s] [100%] [32m[1mLinking C shared library rosidl_generator_py/village_interfaces/village_interfaces_s__rosidl_typesupport_c.cpython-310-x86_64-linux-gnu.so[0m
[14.869s] [100%] Built target village_interfaces__rosidl_typesupport_c__pyext
[14.893s] Invoked command in '/home/tzq/town_ws/build/village_interfaces' returned '0': CMAKE_PREFIX_PATH=${CMAKE_PREFIX_PATH}:/home/tzq/town_ws/install/village_li:/opt/ros/humble /usr/bin/cmake --build /home/tzq/town_ws/build/village_interfaces -- -j2 -l2
[15.147s] Invoking command in '/home/tzq/town_ws/build/village_interfaces': CMAKE_PREFIX_PATH=${CMAKE_PREFIX_PATH}:/home/tzq/town_ws/install/village_li:/opt/ros/humble /usr/bin/cmake --install /home/tzq/town_ws/build/village_interfaces
[15.169s] -- Install configuration: ""
[15.170s] -- Installing: /home/tzq/town_ws/install/village_interfaces/share/ament_index/resource_index/rosidl_interfaces/village_interfaces
[15.171s] -- Up-to-date: /home/tzq/town_ws/install/village_interfaces/include/village_interfaces/village_interfaces
[15.171s] -- Up-to-date: /home/tzq/town_ws/install/village_interfaces/include/village_interfaces/village_interfaces/srv
[15.173s] -- Installing: /home/tzq/town_ws/install/village_interfaces/include/village_interfaces/village_interfaces/srv/sell_novel.h
[15.173s] -- Installing: /home/tzq/town_ws/install/village_interfaces/include/village_interfaces/village_interfaces/srv/borrow_money.h
[15.174s] -- Up-to-date: /home/tzq/town_ws/install/village_interfaces/include/village_interfaces/village_interfaces/srv/detail
[15.175s] -- Installing: /home/tzq/town_ws/install/village_interfaces/include/village_interfaces/village_interfaces/srv/detail/sell_novel__functions.h
[15.175s] -- Installing: /home/tzq/town_ws/install/village_interfaces/include/village_interfaces/village_interfaces/srv/detail/sell_novel__functions.c
[15.175s] -- Installing: /home/tzq/town_ws/install/village_interfaces/include/village_interfaces/village_interfaces/srv/detail/borrow_money__functions.c
[15.178s] -- Installing: /home/tzq/town_ws/install/village_interfaces/include/village_interfaces/village_interfaces/srv/detail/sell_novel__struct.h
[15.179s] -- Installing: /home/tzq/town_ws/install/village_interfaces/include/village_interfaces/village_interfaces/srv/detail/sell_novel__type_support.h
[15.179s] -- Installing: /home/tzq/town_ws/install/village_interfaces/include/village_interfaces/village_interfaces/srv/detail/borrow_money__functions.h
[15.180s] -- Installing: /home/tzq/town_ws/install/village_interfaces/include/village_interfaces/village_interfaces/srv/detail/borrow_money__type_support.h
[15.180s] -- Installing: /home/tzq/town_ws/install/village_interfaces/include/village_interfaces/village_interfaces/srv/detail/borrow_money__struct.h
[15.181s] -- Up-to-date: /home/tzq/town_ws/install/village_interfaces/include/village_interfaces/village_interfaces/msg
[15.181s] -- Up-to-date: /home/tzq/town_ws/install/village_interfaces/include/village_interfaces/village_interfaces/msg/rosidl_generator_c__visibility_control.h
[15.181s] -- Up-to-date: /home/tzq/town_ws/install/village_interfaces/include/village_interfaces/village_interfaces/msg/detail
[15.182s] -- Installing: /home/tzq/town_ws/install/village_interfaces/include/village_interfaces/village_interfaces/msg/detail/novel__functions.h
[15.182s] -- Installing: /home/tzq/town_ws/install/village_interfaces/include/village_interfaces/village_interfaces/msg/detail/novel__type_support.h
[15.182s] -- Installing: /home/tzq/town_ws/install/village_interfaces/include/village_interfaces/village_interfaces/msg/detail/novel__struct.h
[15.182s] -- Installing: /home/tzq/town_ws/install/village_interfaces/include/village_interfaces/village_interfaces/msg/detail/novel__functions.c
[15.183s] -- Installing: /home/tzq/town_ws/install/village_interfaces/include/village_interfaces/village_interfaces/msg/novel.h
[15.183s] -- Up-to-date: /home/tzq/town_ws/install/village_interfaces/share/village_interfaces/environment/library_path.sh
[15.184s] -- Installing: /home/tzq/town_ws/install/village_interfaces/share/village_interfaces/environment/library_path.dsv
[15.186s] -- Installing: /home/tzq/town_ws/install/village_interfaces/lib/libvillage_interfaces__rosidl_generator_c.so
[15.186s] -- Set runtime path of "/home/tzq/town_ws/install/village_interfaces/lib/libvillage_interfaces__rosidl_generator_c.so" to ""
[15.186s] -- Up-to-date: /home/tzq/town_ws/install/village_interfaces/include/village_interfaces/village_interfaces
[15.186s] -- Up-to-date: /home/tzq/town_ws/install/village_interfaces/include/village_interfaces/village_interfaces/srv
[15.187s] -- Up-to-date: /home/tzq/town_ws/install/village_interfaces/include/village_interfaces/village_interfaces/srv/detail
[15.189s] -- Installing: /home/tzq/town_ws/install/village_interfaces/include/village_interfaces/village_interfaces/srv/detail/borrow_money__rosidl_typesupport_fastrtps_c.h
[15.189s] -- Installing: /home/tzq/town_ws/install/village_interfaces/include/village_interfaces/village_interfaces/srv/detail/sell_novel__rosidl_typesupport_fastrtps_c.h
[15.190s] -- Up-to-date: /home/tzq/town_ws/install/village_interfaces/include/village_interfaces/village_interfaces/msg
[15.190s] -- Up-to-date: /home/tzq/town_ws/install/village_interfaces/include/village_interfaces/village_interfaces/msg/rosidl_typesupport_fastrtps_c__visibility_control.h
[15.190s] -- Up-to-date: /home/tzq/town_ws/install/village_interfaces/include/village_interfaces/village_interfaces/msg/detail
[15.190s] -- Installing: /home/tzq/town_ws/install/village_interfaces/include/village_interfaces/village_interfaces/msg/detail/novel__rosidl_typesupport_fastrtps_c.h
[15.192s] -- Installing: /home/tzq/town_ws/install/village_interfaces/lib/libvillage_interfaces__rosidl_typesupport_fastrtps_c.so
[15.194s] -- Set runtime path of "/home/tzq/town_ws/install/village_interfaces/lib/libvillage_interfaces__rosidl_typesupport_fastrtps_c.so" to ""
[15.194s] -- Up-to-date: /home/tzq/town_ws/install/village_interfaces/include/village_interfaces/village_interfaces
[15.194s] -- Up-to-date: /home/tzq/town_ws/install/village_interfaces/include/village_interfaces/village_interfaces/srv
[15.195s] -- Up-to-date: /home/tzq/town_ws/install/village_interfaces/include/village_interfaces/village_interfaces/srv/detail
[15.195s] -- Installing: /home/tzq/town_ws/install/village_interfaces/include/village_interfaces/village_interfaces/srv/detail/borrow_money__traits.hpp
[15.198s] -- Installing: /home/tzq/town_ws/install/village_interfaces/include/village_interfaces/village_interfaces/srv/detail/sell_novel__struct.hpp
[15.198s] -- Installing: /home/tzq/town_ws/install/village_interfaces/include/village_interfaces/village_interfaces/srv/detail/borrow_money__builder.hpp
[15.199s] -- Installing: /home/tzq/town_ws/install/village_interfaces/include/village_interfaces/village_interfaces/srv/detail/borrow_money__struct.hpp
[15.200s] -- Installing: /home/tzq/town_ws/install/village_interfaces/include/village_interfaces/village_interfaces/srv/detail/sell_novel__builder.hpp
[15.200s] -- Installing: /home/tzq/town_ws/install/village_interfaces/include/village_interfaces/village_interfaces/srv/detail/sell_novel__traits.hpp
[15.200s] -- Installing: /home/tzq/town_ws/install/village_interfaces/include/village_interfaces/village_interfaces/srv/borrow_money.hpp
[15.200s] -- Installing: /home/tzq/town_ws/install/village_interfaces/include/village_interfaces/village_interfaces/srv/sell_novel.hpp
[15.201s] -- Up-to-date: /home/tzq/town_ws/install/village_interfaces/include/village_interfaces/village_interfaces/msg
[15.201s] -- Up-to-date: /home/tzq/town_ws/install/village_interfaces/include/village_interfaces/village_interfaces/msg/detail
[15.201s] -- Installing: /home/tzq/town_ws/install/village_interfaces/include/village_interfaces/village_interfaces/msg/detail/novel__traits.hpp
[15.203s] -- Installing: /home/tzq/town_ws/install/village_interfaces/include/village_interfaces/village_interfaces/msg/detail/novel__builder.hpp
[15.204s] -- Installing: /home/tzq/town_ws/install/village_interfaces/include/village_interfaces/village_interfaces/msg/detail/novel__struct.hpp
[15.204s] -- Installing: /home/tzq/town_ws/install/village_interfaces/include/village_interfaces/village_interfaces/msg/novel.hpp
[15.204s] -- Up-to-date: /home/tzq/town_ws/install/village_interfaces/include/village_interfaces/village_interfaces
[15.205s] -- Up-to-date: /home/tzq/town_ws/install/village_interfaces/include/village_interfaces/village_interfaces/srv
[15.205s] -- Up-to-date: /home/tzq/town_ws/install/village_interfaces/include/village_interfaces/village_interfaces/srv/detail
[15.205s] -- Up-to-date: /home/tzq/town_ws/install/village_interfaces/include/village_interfaces/village_interfaces/srv/detail/dds_fastrtps
[15.206s] -- Installing: /home/tzq/town_ws/install/village_interfaces/include/village_interfaces/village_interfaces/srv/detail/borrow_money__rosidl_typesupport_fastrtps_cpp.hpp
[15.206s] -- Installing: /home/tzq/town_ws/install/village_interfaces/include/village_interfaces/village_interfaces/srv/detail/sell_novel__rosidl_typesupport_fastrtps_cpp.hpp
[15.206s] -- Up-to-date: /home/tzq/town_ws/install/village_interfaces/include/village_interfaces/village_interfaces/msg
[15.207s] -- Up-to-date: /home/tzq/town_ws/install/village_interfaces/include/village_interfaces/village_interfaces/msg/rosidl_typesupport_fastrtps_cpp__visibility_control.h
[15.207s] -- Up-to-date: /home/tzq/town_ws/install/village_interfaces/include/village_interfaces/village_interfaces/msg/detail
[15.208s] -- Installing: /home/tzq/town_ws/install/village_interfaces/include/village_interfaces/village_interfaces/msg/detail/novel__rosidl_typesupport_fastrtps_cpp.hpp
[15.208s] -- Up-to-date: /home/tzq/town_ws/install/village_interfaces/include/village_interfaces/village_interfaces/msg/detail/dds_fastrtps
[15.210s] -- Installing: /home/tzq/town_ws/install/village_interfaces/lib/libvillage_interfaces__rosidl_typesupport_fastrtps_cpp.so
[15.211s] -- Set runtime path of "/home/tzq/town_ws/install/village_interfaces/lib/libvillage_interfaces__rosidl_typesupport_fastrtps_cpp.so" to ""
[15.211s] -- Up-to-date: /home/tzq/town_ws/install/village_interfaces/include/village_interfaces/village_interfaces
[15.211s] -- Up-to-date: /home/tzq/town_ws/install/village_interfaces/include/village_interfaces/village_interfaces/srv
[15.212s] -- Up-to-date: /home/tzq/town_ws/install/village_interfaces/include/village_interfaces/village_interfaces/srv/detail
[15.212s] -- Installing: /home/tzq/town_ws/install/village_interfaces/include/village_interfaces/village_interfaces/srv/detail/borrow_money__rosidl_typesupport_introspection_c.h
[15.212s] -- Installing: /home/tzq/town_ws/install/village_interfaces/include/village_interfaces/village_interfaces/srv/detail/sell_novel__rosidl_typesupport_introspection_c.h
[15.212s] -- Installing: /home/tzq/town_ws/install/village_interfaces/include/village_interfaces/village_interfaces/srv/detail/borrow_money__type_support.c
[15.213s] -- Installing: /home/tzq/town_ws/install/village_interfaces/include/village_interfaces/village_interfaces/srv/detail/sell_novel__type_support.c
[15.213s] -- Up-to-date: /home/tzq/town_ws/install/village_interfaces/include/village_interfaces/village_interfaces/msg
[15.214s] -- Up-to-date: /home/tzq/town_ws/install/village_interfaces/include/village_interfaces/village_interfaces/msg/rosidl_typesupport_introspection_c__visibility_control.h
[15.214s] -- Up-to-date: /home/tzq/town_ws/install/village_interfaces/include/village_interfaces/village_interfaces/msg/detail
[15.214s] -- Installing: /home/tzq/town_ws/install/village_interfaces/include/village_interfaces/village_interfaces/msg/detail/novel__rosidl_typesupport_introspection_c.h
[15.215s] -- Installing: /home/tzq/town_ws/install/village_interfaces/include/village_interfaces/village_interfaces/msg/detail/novel__type_support.c
[15.216s] -- Installing: /home/tzq/town_ws/install/village_interfaces/lib/libvillage_interfaces__rosidl_typesupport_introspection_c.so
[15.217s] -- Set runtime path of "/home/tzq/town_ws/install/village_interfaces/lib/libvillage_interfaces__rosidl_typesupport_introspection_c.so" to ""
[15.217s] -- Installing: /home/tzq/town_ws/install/village_interfaces/lib/libvillage_interfaces__rosidl_typesupport_c.so
[15.218s] -- Set runtime path of "/home/tzq/town_ws/install/village_interfaces/lib/libvillage_interfaces__rosidl_typesupport_c.so" to ""
[15.218s] -- Up-to-date: /home/tzq/town_ws/install/village_interfaces/include/village_interfaces/village_interfaces
[15.218s] -- Up-to-date: /home/tzq/town_ws/install/village_interfaces/include/village_interfaces/village_interfaces/srv
[15.219s] -- Up-to-date: /home/tzq/town_ws/install/village_interfaces/include/village_interfaces/village_interfaces/srv/detail
[15.219s] -- Installing: /home/tzq/town_ws/install/village_interfaces/include/village_interfaces/village_interfaces/srv/detail/borrow_money__rosidl_typesupport_introspection_cpp.hpp
[15.219s] -- Installing: /home/tzq/town_ws/install/village_interfaces/include/village_interfaces/village_interfaces/srv/detail/borrow_money__type_support.cpp
[15.220s] -- Installing: /home/tzq/town_ws/install/village_interfaces/include/village_interfaces/village_interfaces/srv/detail/sell_novel__type_support.cpp
[15.220s] -- Installing: /home/tzq/town_ws/install/village_interfaces/include/village_interfaces/village_interfaces/srv/detail/sell_novel__rosidl_typesupport_introspection_cpp.hpp
[15.220s] -- Up-to-date: /home/tzq/town_ws/install/village_interfaces/include/village_interfaces/village_interfaces/msg
[15.220s] -- Up-to-date: /home/tzq/town_ws/install/village_interfaces/include/village_interfaces/village_interfaces/msg/detail
[15.220s] -- Installing: /home/tzq/town_ws/install/village_interfaces/include/village_interfaces/village_interfaces/msg/detail/novel__rosidl_typesupport_introspection_cpp.hpp
[15.221s] -- Installing: /home/tzq/town_ws/install/village_interfaces/include/village_interfaces/village_interfaces/msg/detail/novel__type_support.cpp
[15.223s] -- Installing: /home/tzq/town_ws/install/village_interfaces/lib/libvillage_interfaces__rosidl_typesupport_introspection_cpp.so
[15.226s] -- Set runtime path of "/home/tzq/town_ws/install/village_interfaces/lib/libvillage_interfaces__rosidl_typesupport_introspection_cpp.so" to ""
[15.227s] -- Installing: /home/tzq/town_ws/install/village_interfaces/lib/libvillage_interfaces__rosidl_typesupport_cpp.so
[15.228s] -- Set runtime path of "/home/tzq/town_ws/install/village_interfaces/lib/libvillage_interfaces__rosidl_typesupport_cpp.so" to ""
[15.228s] -- Up-to-date: /home/tzq/town_ws/install/village_interfaces/share/village_interfaces/environment/pythonpath.sh
[15.229s] -- Installing: /home/tzq/town_ws/install/village_interfaces/share/village_interfaces/environment/pythonpath.dsv
[15.229s] -- Up-to-date: /home/tzq/town_ws/install/village_interfaces/local/lib/python3.10/dist-packages/village_interfaces-0.0.0-py3.10.egg-info
[15.229s] -- Installing: /home/tzq/town_ws/install/village_interfaces/local/lib/python3.10/dist-packages/village_interfaces-0.0.0-py3.10.egg-info/PKG-INFO
[15.230s] -- Installing: /home/tzq/town_ws/install/village_interfaces/local/lib/python3.10/dist-packages/village_interfaces-0.0.0-py3.10.egg-info/dependency_links.txt
[15.230s] -- Installing: /home/tzq/town_ws/install/village_interfaces/local/lib/python3.10/dist-packages/village_interfaces-0.0.0-py3.10.egg-info/SOURCES.txt
[15.231s] -- Installing: /home/tzq/town_ws/install/village_interfaces/local/lib/python3.10/dist-packages/village_interfaces-0.0.0-py3.10.egg-info/top_level.txt
[15.232s] -- Up-to-date: /home/tzq/town_ws/install/village_interfaces/local/lib/python3.10/dist-packages/village_interfaces
[15.232s] -- Installing: /home/tzq/town_ws/install/village_interfaces/local/lib/python3.10/dist-packages/village_interfaces/village_interfaces_s__rosidl_typesupport_introspection_c.cpython-310-x86_64-linux-gnu.so
[15.233s] -- Installing: /home/tzq/town_ws/install/village_interfaces/local/lib/python3.10/dist-packages/village_interfaces/_village_interfaces_s.ep.rosidl_typesupport_c.c
[15.233s] -- Installing: /home/tzq/town_ws/install/village_interfaces/local/lib/python3.10/dist-packages/village_interfaces/_village_interfaces_s.ep.rosidl_typesupport_introspection_c.c
[15.233s] -- Installing: /home/tzq/town_ws/install/village_interfaces/local/lib/python3.10/dist-packages/village_interfaces/village_interfaces_s__rosidl_typesupport_c.cpython-310-x86_64-linux-gnu.so
[15.234s] -- Installing: /home/tzq/town_ws/install/village_interfaces/local/lib/python3.10/dist-packages/village_interfaces/_village_interfaces_s.ep.rosidl_typesupport_fastrtps_c.c
[15.234s] -- Installing: /home/tzq/town_ws/install/village_interfaces/local/lib/python3.10/dist-packages/village_interfaces/__init__.py
[15.234s] -- Installing: /home/tzq/town_ws/install/village_interfaces/local/lib/python3.10/dist-packages/village_interfaces/libvillage_interfaces__rosidl_generator_py.so
[15.235s] -- Up-to-date: /home/tzq/town_ws/install/village_interfaces/local/lib/python3.10/dist-packages/village_interfaces/srv
[15.235s] -- Installing: /home/tzq/town_ws/install/village_interfaces/local/lib/python3.10/dist-packages/village_interfaces/srv/_borrow_money.py
[15.235s] -- Installing: /home/tzq/town_ws/install/village_interfaces/local/lib/python3.10/dist-packages/village_interfaces/srv/_borrow_money_s.c
[15.236s] -- Installing: /home/tzq/town_ws/install/village_interfaces/local/lib/python3.10/dist-packages/village_interfaces/srv/__init__.py
[15.236s] -- Installing: /home/tzq/town_ws/install/village_interfaces/local/lib/python3.10/dist-packages/village_interfaces/srv/_sell_novel_s.c
[15.236s] -- Installing: /home/tzq/town_ws/install/village_interfaces/local/lib/python3.10/dist-packages/village_interfaces/srv/_sell_novel.py
[15.237s] -- Installing: /home/tzq/town_ws/install/village_interfaces/local/lib/python3.10/dist-packages/village_interfaces/village_interfaces_s__rosidl_typesupport_fastrtps_c.cpython-310-x86_64-linux-gnu.so
[15.237s] -- Up-to-date: /home/tzq/town_ws/install/village_interfaces/local/lib/python3.10/dist-packages/village_interfaces/msg
[15.238s] -- Installing: /home/tzq/town_ws/install/village_interfaces/local/lib/python3.10/dist-packages/village_interfaces/msg/_novel_s.c
[15.238s] -- Installing: /home/tzq/town_ws/install/village_interfaces/local/lib/python3.10/dist-packages/village_interfaces/msg/__init__.py
[15.239s] -- Installing: /home/tzq/town_ws/install/village_interfaces/local/lib/python3.10/dist-packages/village_interfaces/msg/_novel.py
[15.319s] Listing '/home/tzq/town_ws/install/village_interfaces/local/lib/python3.10/dist-packages/village_interfaces'...
[15.319s] Compiling '/home/tzq/town_ws/install/village_interfaces/local/lib/python3.10/dist-packages/village_interfaces/__init__.py'...
[15.319s] Listing '/home/tzq/town_ws/install/village_interfaces/local/lib/python3.10/dist-packages/village_interfaces/msg'...
[15.320s] Compiling '/home/tzq/town_ws/install/village_interfaces/local/lib/python3.10/dist-packages/village_interfaces/msg/__init__.py'...
[15.320s] Compiling '/home/tzq/town_ws/install/village_interfaces/local/lib/python3.10/dist-packages/village_interfaces/msg/_novel.py'...
[15.320s] Listing '/home/tzq/town_ws/install/village_interfaces/local/lib/python3.10/dist-packages/village_interfaces/srv'...
[15.320s] Compiling '/home/tzq/town_ws/install/village_interfaces/local/lib/python3.10/dist-packages/village_interfaces/srv/__init__.py'...
[15.320s] Compiling '/home/tzq/town_ws/install/village_interfaces/local/lib/python3.10/dist-packages/village_interfaces/srv/_borrow_money.py'...
[15.320s] Compiling '/home/tzq/town_ws/install/village_interfaces/local/lib/python3.10/dist-packages/village_interfaces/srv/_sell_novel.py'...
[15.327s] -- Installing: /home/tzq/town_ws/install/village_interfaces/local/lib/python3.10/dist-packages/village_interfaces/village_interfaces_s__rosidl_typesupport_fastrtps_c.cpython-310-x86_64-linux-gnu.so
[15.327s] -- Set runtime path of "/home/tzq/town_ws/install/village_interfaces/local/lib/python3.10/dist-packages/village_interfaces/village_interfaces_s__rosidl_typesupport_fastrtps_c.cpython-310-x86_64-linux-gnu.so" to ""
[15.328s] -- Installing: /home/tzq/town_ws/install/village_interfaces/local/lib/python3.10/dist-packages/village_interfaces/village_interfaces_s__rosidl_typesupport_introspection_c.cpython-310-x86_64-linux-gnu.so
[15.329s] -- Set runtime path of "/home/tzq/town_ws/install/village_interfaces/local/lib/python3.10/dist-packages/village_interfaces/village_interfaces_s__rosidl_typesupport_introspection_c.cpython-310-x86_64-linux-gnu.so" to ""
[15.329s] -- Installing: /home/tzq/town_ws/install/village_interfaces/local/lib/python3.10/dist-packages/village_interfaces/village_interfaces_s__rosidl_typesupport_c.cpython-310-x86_64-linux-gnu.so
[15.330s] -- Set runtime path of "/home/tzq/town_ws/install/village_interfaces/local/lib/python3.10/dist-packages/village_interfaces/village_interfaces_s__rosidl_typesupport_c.cpython-310-x86_64-linux-gnu.so" to ""
[15.338s] -- Installing: /home/tzq/town_ws/install/village_interfaces/lib/libvillage_interfaces__rosidl_generator_py.so
[15.339s] -- Set runtime path of "/home/tzq/town_ws/install/village_interfaces/lib/libvillage_interfaces__rosidl_generator_py.so" to ""
[15.340s] -- Up-to-date: /home/tzq/town_ws/install/village_interfaces/share/village_interfaces/msg/Novel.idl
[15.340s] -- Up-to-date: /home/tzq/town_ws/install/village_interfaces/share/village_interfaces/srv/BorrowMoney.idl
[15.340s] -- Installing: /home/tzq/town_ws/install/village_interfaces/share/village_interfaces/srv/SellNovel.idl
[15.341s] -- Up-to-date: /home/tzq/town_ws/install/village_interfaces/share/village_interfaces/msg/Novel.msg
[15.341s] -- Up-to-date: /home/tzq/town_ws/install/village_interfaces/share/village_interfaces/srv/BorrowMoney.srv
[15.341s] -- Up-to-date: /home/tzq/town_ws/install/village_interfaces/share/village_interfaces/srv/BorrowMoney_Request.msg
[15.341s] -- Up-to-date: /home/tzq/town_ws/install/village_interfaces/share/village_interfaces/srv/BorrowMoney_Response.msg
[15.341s] -- Installing: /home/tzq/town_ws/install/village_interfaces/share/village_interfaces/srv/SellNovel.srv
[15.342s] -- Installing: /home/tzq/town_ws/install/village_interfaces/share/village_interfaces/srv/SellNovel_Request.msg
[15.342s] -- Installing: /home/tzq/town_ws/install/village_interfaces/share/village_interfaces/srv/SellNovel_Response.msg
[15.342s] -- Up-to-date: /home/tzq/town_ws/install/village_interfaces/share/ament_index/resource_index/package_run_dependencies/village_interfaces
[15.350s] -- Up-to-date: /home/tzq/town_ws/install/village_interfaces/share/ament_index/resource_index/parent_prefix_path/village_interfaces
[15.350s] -- Up-to-date: /home/tzq/town_ws/install/village_interfaces/share/village_interfaces/environment/ament_prefix_path.sh
[15.350s] -- Installing: /home/tzq/town_ws/install/village_interfaces/share/village_interfaces/environment/ament_prefix_path.dsv
[15.352s] -- Up-to-date: /home/tzq/town_ws/install/village_interfaces/share/village_interfaces/environment/path.sh
[15.352s] -- Installing: /home/tzq/town_ws/install/village_interfaces/share/village_interfaces/environment/path.dsv
[15.353s] -- Up-to-date: /home/tzq/town_ws/install/village_interfaces/share/village_interfaces/local_setup.bash
[15.353s] -- Up-to-date: /home/tzq/town_ws/install/village_interfaces/share/village_interfaces/local_setup.sh
[15.353s] -- Up-to-date: /home/tzq/town_ws/install/village_interfaces/share/village_interfaces/local_setup.zsh
[15.353s] -- Installing: /home/tzq/town_ws/install/village_interfaces/share/village_interfaces/local_setup.dsv
[15.354s] -- Installing: /home/tzq/town_ws/install/village_interfaces/share/village_interfaces/package.dsv
[15.354s] -- Up-to-date: /home/tzq/town_ws/install/village_interfaces/share/ament_index/resource_index/packages/village_interfaces
[15.355s] -- Up-to-date: /home/tzq/town_ws/install/village_interfaces/share/village_interfaces/cmake/export_village_interfaces__rosidl_generator_cExport.cmake
[15.355s] -- Up-to-date: /home/tzq/town_ws/install/village_interfaces/share/village_interfaces/cmake/export_village_interfaces__rosidl_generator_cExport-noconfig.cmake
[15.356s] -- Up-to-date: /home/tzq/town_ws/install/village_interfaces/share/village_interfaces/cmake/export_village_interfaces__rosidl_typesupport_fastrtps_cExport.cmake
[15.356s] -- Up-to-date: /home/tzq/town_ws/install/village_interfaces/share/village_interfaces/cmake/export_village_interfaces__rosidl_typesupport_fastrtps_cExport-noconfig.cmake
[15.357s] -- Up-to-date: /home/tzq/town_ws/install/village_interfaces/share/village_interfaces/cmake/export_village_interfaces__rosidl_generator_cppExport.cmake
[15.357s] -- Up-to-date: /home/tzq/town_ws/install/village_interfaces/share/village_interfaces/cmake/export_village_interfaces__rosidl_typesupport_fastrtps_cppExport.cmake
[15.357s] -- Up-to-date: /home/tzq/town_ws/install/village_interfaces/share/village_interfaces/cmake/export_village_interfaces__rosidl_typesupport_fastrtps_cppExport-noconfig.cmake
[15.359s] -- Up-to-date: /home/tzq/town_ws/install/village_interfaces/share/village_interfaces/cmake/village_interfaces__rosidl_typesupport_introspection_cExport.cmake
[15.359s] -- Up-to-date: /home/tzq/town_ws/install/village_interfaces/share/village_interfaces/cmake/village_interfaces__rosidl_typesupport_introspection_cExport-noconfig.cmake
[15.359s] -- Up-to-date: /home/tzq/town_ws/install/village_interfaces/share/village_interfaces/cmake/village_interfaces__rosidl_typesupport_cExport.cmake
[15.359s] -- Up-to-date: /home/tzq/town_ws/install/village_interfaces/share/village_interfaces/cmake/village_interfaces__rosidl_typesupport_cExport-noconfig.cmake
[15.360s] -- Up-to-date: /home/tzq/town_ws/install/village_interfaces/share/village_interfaces/cmake/village_interfaces__rosidl_typesupport_introspection_cppExport.cmake
[15.360s] -- Up-to-date: /home/tzq/town_ws/install/village_interfaces/share/village_interfaces/cmake/village_interfaces__rosidl_typesupport_introspection_cppExport-noconfig.cmake
[15.360s] -- Up-to-date: /home/tzq/town_ws/install/village_interfaces/share/village_interfaces/cmake/village_interfaces__rosidl_typesupport_cppExport.cmake
[15.360s] -- Up-to-date: /home/tzq/town_ws/install/village_interfaces/share/village_interfaces/cmake/village_interfaces__rosidl_typesupport_cppExport-noconfig.cmake
[15.370s] -- Up-to-date: /home/tzq/town_ws/install/village_interfaces/share/village_interfaces/cmake/export_village_interfaces__rosidl_generator_pyExport.cmake
[15.370s] -- Up-to-date: /home/tzq/town_ws/install/village_interfaces/share/village_interfaces/cmake/export_village_interfaces__rosidl_generator_pyExport-noconfig.cmake
[15.370s] -- Installing: /home/tzq/town_ws/install/village_interfaces/share/village_interfaces/cmake/rosidl_cmake-extras.cmake
[15.370s] -- Up-to-date: /home/tzq/town_ws/install/village_interfaces/share/village_interfaces/cmake/ament_cmake_export_dependencies-extras.cmake
[15.371s] -- Up-to-date: /home/tzq/town_ws/install/village_interfaces/share/village_interfaces/cmake/ament_cmake_export_include_directories-extras.cmake
[15.371s] -- Up-to-date: /home/tzq/town_ws/install/village_interfaces/share/village_interfaces/cmake/ament_cmake_export_libraries-extras.cmake
[15.371s] -- Up-to-date: /home/tzq/town_ws/install/village_interfaces/share/village_interfaces/cmake/ament_cmake_export_targets-extras.cmake
[15.371s] -- Up-to-date: /home/tzq/town_ws/install/village_interfaces/share/village_interfaces/cmake/rosidl_cmake_export_typesupport_targets-extras.cmake
[15.371s] -- Up-to-date: /home/tzq/town_ws/install/village_interfaces/share/village_interfaces/cmake/rosidl_cmake_export_typesupport_libraries-extras.cmake
[15.372s] -- Up-to-date: /home/tzq/town_ws/install/village_interfaces/share/village_interfaces/cmake/village_interfacesConfig.cmake
[15.372s] -- Up-to-date: /home/tzq/town_ws/install/village_interfaces/share/village_interfaces/cmake/village_interfacesConfig-version.cmake
[15.372s] -- Up-to-date: /home/tzq/town_ws/install/village_interfaces/share/village_interfaces/package.xml
[15.372s] Invoked command in '/home/tzq/town_ws/build/village_interfaces' returned '0': CMAKE_PREFIX_PATH=${CMAKE_PREFIX_PATH}:/home/tzq/town_ws/install/village_li:/opt/ros/humble /usr/bin/cmake --install /home/tzq/town_ws/build/village_interfaces
