[0.818s] Invoking command in '/home/tzq/town_ws/src/village_li': CMAKE_PREFIX_PATH=/home/tzq/town_ws/install/village_interfaces:/home/tzq/town_ws/install/village_wang PYTHONPATH=/home/tzq/town_ws/build/village_li/prefix_override:/home/tzq/town_ws/install/village_li/lib/python3.10/site-packages:${PYTHONPATH} /usr/bin/python3 setup.py egg_info --egg-base ../../build/village_li build --build-base /home/tzq/town_ws/build/village_li/build install --record /home/tzq/town_ws/build/village_li/install.log --single-version-externally-managed
[1.027s] running egg_info
[1.027s] writing ../../build/village_li/village_li.egg-info/PKG-INFO
[1.028s] writing dependency_links to ../../build/village_li/village_li.egg-info/dependency_links.txt
[1.029s] writing entry points to ../../build/village_li/village_li.egg-info/entry_points.txt
[1.029s] writing requirements to ../../build/village_li/village_li.egg-info/requires.txt
[1.029s] writing top-level names to ../../build/village_li/village_li.egg-info/top_level.txt
[1.031s] reading manifest file '../../build/village_li/village_li.egg-info/SOURCES.txt'
[1.031s] writing manifest file '../../build/village_li/village_li.egg-info/SOURCES.txt'
[1.032s] running build
[1.032s] running build_py
[1.032s] copying village_li/li4.py -> /home/tzq/town_ws/build/village_li/build/lib/village_li
[1.034s] running install
[1.034s] /usr/lib/python3/dist-packages/setuptools/command/install.py:34: SetuptoolsDeprecationWarning: setup.py install is deprecated. Use build and pip and other standards-based tools.
[1.034s]   warnings.warn(
[1.037s] running install_lib
[1.039s] copying /home/tzq/town_ws/build/village_li/build/lib/village_li/li4.py -> /home/tzq/town_ws/install/village_li/lib/python3.10/site-packages/village_li
[1.040s] byte-compiling /home/tzq/town_ws/install/village_li/lib/python3.10/site-packages/village_li/li4.py to li4.cpython-310.pyc
[1.041s] running install_data
[1.042s] copying package.xml -> /home/tzq/town_ws/install/village_li/share/village_li
[1.042s] running install_egg_info
[1.044s] removing '/home/tzq/town_ws/install/village_li/lib/python3.10/site-packages/village_li-0.0.0-py3.10.egg-info' (and everything under it)
[1.045s] Copying ../../build/village_li/village_li.egg-info to /home/tzq/town_ws/install/village_li/lib/python3.10/site-packages/village_li-0.0.0-py3.10.egg-info
[1.046s] running install_scripts
[1.066s] Installing li3_node script to /home/tzq/town_ws/install/village_li/lib/village_li
[1.066s] Installing li4_node script to /home/tzq/town_ws/install/village_li/lib/village_li
[1.067s] writing list of installed files to '/home/tzq/town_ws/build/village_li/install.log'
[1.095s] Invoked command in '/home/tzq/town_ws/src/village_li' returned '0': CMAKE_PREFIX_PATH=/home/tzq/town_ws/install/village_interfaces:/home/tzq/town_ws/install/village_wang PYTHONPATH=/home/tzq/town_ws/build/village_li/prefix_override:/home/tzq/town_ws/install/village_li/lib/python3.10/site-packages:${PYTHONPATH} /usr/bin/python3 setup.py egg_info --egg-base ../../build/village_li build --build-base /home/tzq/town_ws/build/village_li/build install --record /home/tzq/town_ws/build/village_li/install.log --single-version-externally-managed
