[0.668s] DEBUG:colcon:Command line arguments: ['/usr/bin/colcon', 'build', '--packages-select', 'village_interfaces']
[0.668s] DEBUG:colcon:Parsed command line arguments: Namespace(log_base=None, log_level=None, verb_name='build', build_base='build', install_base='install', merge_install=False, symlink_install=False, test_result_base=None, continue_on_error=False, executor='parallel', parallel_workers=2, event_handlers=None, ignore_user_meta=False, metas=['./colcon.meta'], base_paths=['.'], packages_ignore=None, packages_ignore_regex=None, paths=None, packages_up_to=None, packages_up_to_regex=None, packages_above=None, packages_above_and_dependencies=None, packages_above_depth=None, packages_select_by_dep=None, packages_skip_by_dep=None, packages_skip_up_to=None, packages_select_build_failed=False, packages_skip_build_finished=False, packages_select_test_failures=False, packages_skip_test_passed=False, packages_select=['village_interfaces'], packages_skip=None, packages_select_regex=None, packages_skip_regex=None, packages_start=None, packages_end=None, allow_overriding=[], cmake_args=None, cmake_target=None, cmake_target_skip_unavailable=False, cmake_clean_cache=False, cmake_clean_first=False, cmake_force_configure=False, ament_cmake_args=None, catkin_cmake_args=None, catkin_skip_building_tests=False, verb_parser=<colcon_defaults.argument_parser.defaults.DefaultArgumentsDecorator object at 0x7556e94e86d0>, verb_extension=<colcon_core.verb.build.BuildVerb object at 0x7556e9461c60>, main=<bound method BuildVerb.main of <colcon_core.verb.build.BuildVerb object at 0x7556e9461c60>>)
[0.704s] Level 1:colcon.colcon_core.package_discovery:discover_packages(colcon_meta) check parameters
[0.704s] Level 1:colcon.colcon_core.package_discovery:discover_packages(recursive) check parameters
[0.704s] Level 1:colcon.colcon_core.package_discovery:discover_packages(ignore) check parameters
[0.704s] Level 1:colcon.colcon_core.package_discovery:discover_packages(path) check parameters
[0.704s] Level 1:colcon.colcon_core.package_discovery:discover_packages(colcon_meta) discover
[0.704s] Level 1:colcon.colcon_core.package_discovery:discover_packages(recursive) discover
[0.704s] INFO:colcon.colcon_core.package_discovery:Crawling recursively for packages in '/home/tzq/town_ws'
[0.705s] Level 1:colcon.colcon_core.package_identification:_identify(.) by extensions ['ignore', 'ignore_ament_install']
[0.705s] Level 1:colcon.colcon_core.package_identification:_identify(.) by extension 'ignore'
[0.705s] Level 1:colcon.colcon_core.package_identification:_identify(.) by extension 'ignore_ament_install'
[0.705s] Level 1:colcon.colcon_core.package_identification:_identify(.) by extensions ['colcon_pkg']
[0.705s] Level 1:colcon.colcon_core.package_identification:_identify(.) by extension 'colcon_pkg'
[0.705s] Level 1:colcon.colcon_core.package_identification:_identify(.) by extensions ['colcon_meta']
[0.705s] Level 1:colcon.colcon_core.package_identification:_identify(.) by extension 'colcon_meta'
[0.705s] Level 1:colcon.colcon_core.package_identification:_identify(.) by extensions ['ros']
[0.705s] Level 1:colcon.colcon_core.package_identification:_identify(.) by extension 'ros'
[0.714s] Level 1:colcon.colcon_core.package_identification:_identify(.) by extensions ['cmake', 'python']
[0.714s] Level 1:colcon.colcon_core.package_identification:_identify(.) by extension 'cmake'
[0.714s] Level 1:colcon.colcon_core.package_identification:_identify(.) by extension 'python'
[0.714s] Level 1:colcon.colcon_core.package_identification:_identify(.) by extensions ['python_setup_py']
[0.714s] Level 1:colcon.colcon_core.package_identification:_identify(.) by extension 'python_setup_py'
[0.714s] Level 1:colcon.colcon_core.package_identification:_identify(build) by extensions ['ignore', 'ignore_ament_install']
[0.714s] Level 1:colcon.colcon_core.package_identification:_identify(build) by extension 'ignore'
[0.714s] Level 1:colcon.colcon_core.package_identification:_identify(build) ignored
[0.714s] Level 1:colcon.colcon_core.package_identification:_identify(install) by extensions ['ignore', 'ignore_ament_install']
[0.715s] Level 1:colcon.colcon_core.package_identification:_identify(install) by extension 'ignore'
[0.715s] Level 1:colcon.colcon_core.package_identification:_identify(install) ignored
[0.715s] Level 1:colcon.colcon_core.package_identification:_identify(log) by extensions ['ignore', 'ignore_ament_install']
[0.715s] Level 1:colcon.colcon_core.package_identification:_identify(log) by extension 'ignore'
[0.715s] Level 1:colcon.colcon_core.package_identification:_identify(log) ignored
[0.715s] Level 1:colcon.colcon_core.package_identification:_identify(src) by extensions ['ignore', 'ignore_ament_install']
[0.715s] Level 1:colcon.colcon_core.package_identification:_identify(src) by extension 'ignore'
[0.715s] Level 1:colcon.colcon_core.package_identification:_identify(src) by extension 'ignore_ament_install'
[0.715s] Level 1:colcon.colcon_core.package_identification:_identify(src) by extensions ['colcon_pkg']
[0.716s] Level 1:colcon.colcon_core.package_identification:_identify(src) by extension 'colcon_pkg'
[0.716s] Level 1:colcon.colcon_core.package_identification:_identify(src) by extensions ['colcon_meta']
[0.716s] Level 1:colcon.colcon_core.package_identification:_identify(src) by extension 'colcon_meta'
[0.716s] Level 1:colcon.colcon_core.package_identification:_identify(src) by extensions ['ros']
[0.716s] Level 1:colcon.colcon_core.package_identification:_identify(src) by extension 'ros'
[0.716s] Level 1:colcon.colcon_core.package_identification:_identify(src) by extensions ['cmake', 'python']
[0.716s] Level 1:colcon.colcon_core.package_identification:_identify(src) by extension 'cmake'
[0.716s] Level 1:colcon.colcon_core.package_identification:_identify(src) by extension 'python'
[0.716s] Level 1:colcon.colcon_core.package_identification:_identify(src) by extensions ['python_setup_py']
[0.716s] Level 1:colcon.colcon_core.package_identification:_identify(src) by extension 'python_setup_py'
[0.716s] Level 1:colcon.colcon_core.package_identification:_identify(src/build) by extensions ['ignore', 'ignore_ament_install']
[0.716s] Level 1:colcon.colcon_core.package_identification:_identify(src/build) by extension 'ignore'
[0.716s] Level 1:colcon.colcon_core.package_identification:_identify(src/build) ignored
[0.716s] Level 1:colcon.colcon_core.package_identification:_identify(src/install) by extensions ['ignore', 'ignore_ament_install']
[0.717s] Level 1:colcon.colcon_core.package_identification:_identify(src/install) by extension 'ignore'
[0.717s] Level 1:colcon.colcon_core.package_identification:_identify(src/install) ignored
[0.717s] Level 1:colcon.colcon_core.package_identification:_identify(src/log) by extensions ['ignore', 'ignore_ament_install']
[0.717s] Level 1:colcon.colcon_core.package_identification:_identify(src/log) by extension 'ignore'
[0.717s] Level 1:colcon.colcon_core.package_identification:_identify(src/log) ignored
[0.717s] Level 1:colcon.colcon_core.package_identification:_identify(src/village_interfaces) by extensions ['ignore', 'ignore_ament_install']
[0.717s] Level 1:colcon.colcon_core.package_identification:_identify(src/village_interfaces) by extension 'ignore'
[0.717s] Level 1:colcon.colcon_core.package_identification:_identify(src/village_interfaces) by extension 'ignore_ament_install'
[0.717s] Level 1:colcon.colcon_core.package_identification:_identify(src/village_interfaces) by extensions ['colcon_pkg']
[0.717s] Level 1:colcon.colcon_core.package_identification:_identify(src/village_interfaces) by extension 'colcon_pkg'
[0.717s] Level 1:colcon.colcon_core.package_identification:_identify(src/village_interfaces) by extensions ['colcon_meta']
[0.717s] Level 1:colcon.colcon_core.package_identification:_identify(src/village_interfaces) by extension 'colcon_meta'
[0.717s] Level 1:colcon.colcon_core.package_identification:_identify(src/village_interfaces) by extensions ['ros']
[0.717s] Level 1:colcon.colcon_core.package_identification:_identify(src/village_interfaces) by extension 'ros'
[0.719s] DEBUG:colcon.colcon_core.package_identification:Package 'src/village_interfaces' with type 'ros.ament_cmake' and name 'village_interfaces'
[0.720s] Level 1:colcon.colcon_core.package_identification:_identify(src/village_li) by extensions ['ignore', 'ignore_ament_install']
[0.720s] Level 1:colcon.colcon_core.package_identification:_identify(src/village_li) by extension 'ignore'
[0.720s] Level 1:colcon.colcon_core.package_identification:_identify(src/village_li) by extension 'ignore_ament_install'
[0.720s] Level 1:colcon.colcon_core.package_identification:_identify(src/village_li) by extensions ['colcon_pkg']
[0.720s] Level 1:colcon.colcon_core.package_identification:_identify(src/village_li) by extension 'colcon_pkg'
[0.720s] Level 1:colcon.colcon_core.package_identification:_identify(src/village_li) by extensions ['colcon_meta']
[0.720s] Level 1:colcon.colcon_core.package_identification:_identify(src/village_li) by extension 'colcon_meta'
[0.720s] Level 1:colcon.colcon_core.package_identification:_identify(src/village_li) by extensions ['ros']
[0.720s] Level 1:colcon.colcon_core.package_identification:_identify(src/village_li) by extension 'ros'
[0.720s] DEBUG:colcon.colcon_core.package_identification:Package 'src/village_li' with type 'ros.ament_python' and name 'village_li'
[0.721s] Level 1:colcon.colcon_core.package_identification:_identify(src/village_wang) by extensions ['ignore', 'ignore_ament_install']
[0.721s] Level 1:colcon.colcon_core.package_identification:_identify(src/village_wang) by extension 'ignore'
[0.721s] Level 1:colcon.colcon_core.package_identification:_identify(src/village_wang) by extension 'ignore_ament_install'
[0.721s] Level 1:colcon.colcon_core.package_identification:_identify(src/village_wang) by extensions ['colcon_pkg']
[0.721s] Level 1:colcon.colcon_core.package_identification:_identify(src/village_wang) by extension 'colcon_pkg'
[0.721s] Level 1:colcon.colcon_core.package_identification:_identify(src/village_wang) by extensions ['colcon_meta']
[0.721s] Level 1:colcon.colcon_core.package_identification:_identify(src/village_wang) by extension 'colcon_meta'
[0.721s] Level 1:colcon.colcon_core.package_identification:_identify(src/village_wang) by extensions ['ros']
[0.721s] Level 1:colcon.colcon_core.package_identification:_identify(src/village_wang) by extension 'ros'
[0.721s] DEBUG:colcon.colcon_core.package_identification:Package 'src/village_wang' with type 'ros.ament_cmake' and name 'village_wang'
[0.721s] Level 1:colcon.colcon_core.package_discovery:discover_packages(recursive) using defaults
[0.722s] Level 1:colcon.colcon_core.package_discovery:discover_packages(ignore) discover
[0.722s] Level 1:colcon.colcon_core.package_discovery:discover_packages(ignore) using defaults
[0.722s] Level 1:colcon.colcon_core.package_discovery:discover_packages(path) discover
[0.722s] Level 1:colcon.colcon_core.package_discovery:discover_packages(path) using defaults
[0.765s] INFO:colcon.colcon_core.package_selection:Skipping not selected package 'village_li' in 'src/village_li'
[0.765s] INFO:colcon.colcon_core.package_selection:Skipping not selected package 'village_wang' in 'src/village_wang'
[0.783s] Level 1:colcon.colcon_core.package_discovery:discover_packages(prefix_path) check parameters
[0.783s] Level 1:colcon.colcon_core.package_discovery:discover_packages(prefix_path) discover
[0.802s] DEBUG:colcon.colcon_installed_package_information.package_discovery:Found 3 installed packages in /home/tzq/town_ws/install
[0.812s] DEBUG:colcon.colcon_installed_package_information.package_discovery:Found 270 installed packages in /opt/ros/humble
[0.813s] Level 1:colcon.colcon_core.package_discovery:discover_packages(prefix_path) using defaults
[0.875s] Level 5:colcon.colcon_core.verb:set package 'village_interfaces' build argument 'cmake_args' from command line to 'None'
[0.875s] Level 5:colcon.colcon_core.verb:set package 'village_interfaces' build argument 'cmake_target' from command line to 'None'
[0.875s] Level 5:colcon.colcon_core.verb:set package 'village_interfaces' build argument 'cmake_target_skip_unavailable' from command line to 'False'
[0.875s] Level 5:colcon.colcon_core.verb:set package 'village_interfaces' build argument 'cmake_clean_cache' from command line to 'False'
[0.875s] Level 5:colcon.colcon_core.verb:set package 'village_interfaces' build argument 'cmake_clean_first' from command line to 'False'
[0.875s] Level 5:colcon.colcon_core.verb:set package 'village_interfaces' build argument 'cmake_force_configure' from command line to 'False'
[0.875s] Level 5:colcon.colcon_core.verb:set package 'village_interfaces' build argument 'ament_cmake_args' from command line to 'None'
[0.875s] Level 5:colcon.colcon_core.verb:set package 'village_interfaces' build argument 'catkin_cmake_args' from command line to 'None'
[0.875s] Level 5:colcon.colcon_core.verb:set package 'village_interfaces' build argument 'catkin_skip_building_tests' from command line to 'False'
[0.875s] DEBUG:colcon.colcon_core.verb:Building package 'village_interfaces' with the following arguments: {'ament_cmake_args': None, 'build_base': '/home/tzq/town_ws/build/village_interfaces', 'catkin_cmake_args': None, 'catkin_skip_building_tests': False, 'cmake_args': None, 'cmake_clean_cache': False, 'cmake_clean_first': False, 'cmake_force_configure': False, 'cmake_target': None, 'cmake_target_skip_unavailable': False, 'install_base': '/home/tzq/town_ws/install/village_interfaces', 'merge_install': False, 'path': '/home/tzq/town_ws/src/village_interfaces', 'symlink_install': False, 'test_result_base': None}
[0.882s] INFO:colcon.colcon_core.executor:Executing jobs using 'parallel' executor
[0.892s] DEBUG:colcon.colcon_parallel_executor.executor.parallel:run_until_complete
[0.892s] INFO:colcon.colcon_ros.task.ament_cmake.build:Building ROS package in '/home/tzq/town_ws/src/village_interfaces' with build type 'ament_cmake'
[0.892s] INFO:colcon.colcon_cmake.task.cmake.build:Building CMake package in '/home/tzq/town_ws/src/village_interfaces'
[0.904s] INFO:colcon.colcon_core.plugin_system:Skipping extension 'colcon_core.shell.bat': Not used on non-Windows systems
[0.905s] INFO:colcon.colcon_core.shell:Skip shell extension 'powershell' for command environment: Not usable outside of PowerShell
[0.905s] DEBUG:colcon.colcon_core.shell:Skip shell extension 'dsv' for command environment
[0.957s] DEBUG:colcon.colcon_core.event_handler.log_command:Invoking command in '/home/tzq/town_ws/build/village_interfaces': CMAKE_PREFIX_PATH=${CMAKE_PREFIX_PATH}:/home/tzq/town_ws/install/village_li:/opt/ros/humble /usr/bin/cmake --build /home/tzq/town_ws/build/village_interfaces -- -j2 -l2
[10.743s] DEBUG:colcon.colcon_core.event_handler.log_command:Invoked command in '/home/tzq/town_ws/build/village_interfaces' returned '0': CMAKE_PREFIX_PATH=${CMAKE_PREFIX_PATH}:/home/tzq/town_ws/install/village_li:/opt/ros/humble /usr/bin/cmake --build /home/tzq/town_ws/build/village_interfaces -- -j2 -l2
[10.884s] DEBUG:colcon.colcon_core.event_handler.log_command:Invoking command in '/home/tzq/town_ws/build/village_interfaces': CMAKE_PREFIX_PATH=${CMAKE_PREFIX_PATH}:/home/tzq/town_ws/install/village_li:/opt/ros/humble /usr/bin/cmake --install /home/tzq/town_ws/build/village_interfaces
[11.007s] Level 1:colcon.colcon_core.environment:create_environment_scripts_only(village_interfaces)
[11.013s] DEBUG:colcon.colcon_core.event_handler.log_command:Invoked command in '/home/tzq/town_ws/build/village_interfaces' returned '0': CMAKE_PREFIX_PATH=${CMAKE_PREFIX_PATH}:/home/tzq/town_ws/install/village_li:/opt/ros/humble /usr/bin/cmake --install /home/tzq/town_ws/build/village_interfaces
[11.022s] Level 1:colcon.colcon_core.environment:checking '/home/tzq/town_ws/install/village_interfaces' for CMake module files
[11.024s] Level 1:colcon.colcon_core.environment:checking '/home/tzq/town_ws/install/village_interfaces' for CMake config files
[11.024s] Level 1:colcon.colcon_core.shell:create_environment_hook('village_interfaces', 'cmake_prefix_path')
[11.044s] INFO:colcon.colcon_core.shell:Creating environment hook '/home/tzq/town_ws/install/village_interfaces/share/village_interfaces/hook/cmake_prefix_path.ps1'
[11.045s] INFO:colcon.colcon_core.shell:Creating environment descriptor '/home/tzq/town_ws/install/village_interfaces/share/village_interfaces/hook/cmake_prefix_path.dsv'
[11.046s] INFO:colcon.colcon_core.shell:Creating environment hook '/home/tzq/town_ws/install/village_interfaces/share/village_interfaces/hook/cmake_prefix_path.sh'
[11.047s] Level 1:colcon.colcon_core.environment:checking '/home/tzq/town_ws/install/village_interfaces/lib'
[11.047s] Level 1:colcon.colcon_core.shell:create_environment_hook('village_interfaces', 'ld_library_path_lib')
[11.060s] INFO:colcon.colcon_core.shell:Creating environment hook '/home/tzq/town_ws/install/village_interfaces/share/village_interfaces/hook/ld_library_path_lib.ps1'
[11.061s] INFO:colcon.colcon_core.shell:Creating environment descriptor '/home/tzq/town_ws/install/village_interfaces/share/village_interfaces/hook/ld_library_path_lib.dsv'
[11.061s] INFO:colcon.colcon_core.shell:Creating environment hook '/home/tzq/town_ws/install/village_interfaces/share/village_interfaces/hook/ld_library_path_lib.sh'
[11.063s] Level 1:colcon.colcon_core.environment:checking '/home/tzq/town_ws/install/village_interfaces/bin'
[11.063s] Level 1:colcon.colcon_core.environment:checking '/home/tzq/town_ws/install/village_interfaces/lib/pkgconfig/village_interfaces.pc'
[11.064s] Level 1:colcon.colcon_core.environment:checking '/home/tzq/town_ws/install/village_interfaces/lib/python3.10/site-packages'
[11.064s] Level 1:colcon.colcon_core.environment:checking '/home/tzq/town_ws/install/village_interfaces/bin'
[11.079s] INFO:colcon.colcon_core.shell:Creating package script '/home/tzq/town_ws/install/village_interfaces/share/village_interfaces/package.ps1'
[11.080s] INFO:colcon.colcon_core.shell:Creating package descriptor '/home/tzq/town_ws/install/village_interfaces/share/village_interfaces/package.dsv'
[11.081s] INFO:colcon.colcon_core.shell:Creating package script '/home/tzq/town_ws/install/village_interfaces/share/village_interfaces/package.sh'
[11.081s] INFO:colcon.colcon_core.shell:Creating package script '/home/tzq/town_ws/install/village_interfaces/share/village_interfaces/package.bash'
[11.082s] INFO:colcon.colcon_core.shell:Creating package script '/home/tzq/town_ws/install/village_interfaces/share/village_interfaces/package.zsh'
[11.082s] Level 1:colcon.colcon_core.environment:create_file_with_runtime_dependencies(/home/tzq/town_ws/install/village_interfaces/share/colcon-core/packages/village_interfaces)
[11.217s] Level 1:colcon.colcon_core.environment:create_environment_scripts_only(village_interfaces)
[11.228s] Level 1:colcon.colcon_core.environment:checking '/home/tzq/town_ws/install/village_interfaces' for CMake module files
[11.229s] Level 1:colcon.colcon_core.environment:checking '/home/tzq/town_ws/install/village_interfaces' for CMake config files
[11.229s] Level 1:colcon.colcon_core.shell:create_environment_hook('village_interfaces', 'cmake_prefix_path')
[11.239s] INFO:colcon.colcon_core.shell:Creating environment hook '/home/tzq/town_ws/install/village_interfaces/share/village_interfaces/hook/cmake_prefix_path.ps1'
[11.245s] INFO:colcon.colcon_core.shell:Creating environment descriptor '/home/tzq/town_ws/install/village_interfaces/share/village_interfaces/hook/cmake_prefix_path.dsv'
[11.245s] INFO:colcon.colcon_core.shell:Creating environment hook '/home/tzq/town_ws/install/village_interfaces/share/village_interfaces/hook/cmake_prefix_path.sh'
[11.246s] Level 1:colcon.colcon_core.environment:checking '/home/tzq/town_ws/install/village_interfaces/lib'
[11.246s] Level 1:colcon.colcon_core.shell:create_environment_hook('village_interfaces', 'ld_library_path_lib')
[11.256s] INFO:colcon.colcon_core.shell:Creating environment hook '/home/tzq/town_ws/install/village_interfaces/share/village_interfaces/hook/ld_library_path_lib.ps1'
[11.261s] INFO:colcon.colcon_core.shell:Creating environment descriptor '/home/tzq/town_ws/install/village_interfaces/share/village_interfaces/hook/ld_library_path_lib.dsv'
[11.262s] INFO:colcon.colcon_core.shell:Creating environment hook '/home/tzq/town_ws/install/village_interfaces/share/village_interfaces/hook/ld_library_path_lib.sh'
[11.262s] Level 1:colcon.colcon_core.environment:checking '/home/tzq/town_ws/install/village_interfaces/bin'
[11.262s] Level 1:colcon.colcon_core.environment:checking '/home/tzq/town_ws/install/village_interfaces/lib/pkgconfig/village_interfaces.pc'
[11.263s] Level 1:colcon.colcon_core.environment:checking '/home/tzq/town_ws/install/village_interfaces/lib/python3.10/site-packages'
[11.264s] Level 1:colcon.colcon_core.environment:checking '/home/tzq/town_ws/install/village_interfaces/bin'
[11.282s] INFO:colcon.colcon_core.shell:Creating package script '/home/tzq/town_ws/install/village_interfaces/share/village_interfaces/package.ps1'
[11.283s] INFO:colcon.colcon_core.shell:Creating package descriptor '/home/tzq/town_ws/install/village_interfaces/share/village_interfaces/package.dsv'
[11.284s] INFO:colcon.colcon_core.shell:Creating package script '/home/tzq/town_ws/install/village_interfaces/share/village_interfaces/package.sh'
[11.284s] INFO:colcon.colcon_core.shell:Creating package script '/home/tzq/town_ws/install/village_interfaces/share/village_interfaces/package.bash'
[11.285s] INFO:colcon.colcon_core.shell:Creating package script '/home/tzq/town_ws/install/village_interfaces/share/village_interfaces/package.zsh'
[11.286s] Level 1:colcon.colcon_core.environment:create_file_with_runtime_dependencies(/home/tzq/town_ws/install/village_interfaces/share/colcon-core/packages/village_interfaces)
[11.288s] DEBUG:colcon.colcon_parallel_executor.executor.parallel:closing loop
[11.288s] DEBUG:colcon.colcon_parallel_executor.executor.parallel:loop closed
[11.288s] DEBUG:colcon.colcon_parallel_executor.executor.parallel:run_until_complete finished with '0'
[11.288s] DEBUG:colcon.colcon_core.event_reactor:joining thread
[11.314s] INFO:colcon.colcon_core.plugin_system:Skipping extension 'colcon_notification.desktop_notification.terminal_notifier': Not used on non-Darwin systems
[11.318s] INFO:colcon.colcon_core.plugin_system:Skipping extension 'colcon_notification.desktop_notification.win32': Not used on non-Windows systems
[11.318s] INFO:colcon.colcon_notification.desktop_notification:Sending desktop notification using 'notify2'
[11.341s] DEBUG:colcon.colcon_core.event_reactor:joined thread
[11.350s] INFO:colcon.colcon_core.shell:Creating prefix script '/home/tzq/town_ws/install/local_setup.ps1'
[11.354s] INFO:colcon.colcon_core.shell:Creating prefix util module '/home/tzq/town_ws/install/_local_setup_util_ps1.py'
[11.356s] INFO:colcon.colcon_core.shell:Creating prefix chain script '/home/tzq/town_ws/install/setup.ps1'
[11.372s] INFO:colcon.colcon_core.shell:Creating prefix script '/home/tzq/town_ws/install/local_setup.sh'
[11.373s] INFO:colcon.colcon_core.shell:Creating prefix util module '/home/tzq/town_ws/install/_local_setup_util_sh.py'
[11.373s] INFO:colcon.colcon_core.shell:Creating prefix chain script '/home/tzq/town_ws/install/setup.sh'
[11.386s] INFO:colcon.colcon_core.shell:Creating prefix script '/home/tzq/town_ws/install/local_setup.bash'
[11.386s] INFO:colcon.colcon_core.shell:Creating prefix chain script '/home/tzq/town_ws/install/setup.bash'
[11.395s] INFO:colcon.colcon_core.shell:Creating prefix script '/home/tzq/town_ws/install/local_setup.zsh'
[11.395s] INFO:colcon.colcon_core.shell:Creating prefix chain script '/home/tzq/town_ws/install/setup.zsh'
