[0.091s] Invoking command in '/home/tzq/town_ws/build/village_wang': CMAKE_PREFIX_PATH=${CMAKE_PREFIX_PATH}:/opt/ros/humble /usr/bin/cmake --build /home/tzq/town_ws/build/village_wang -- -j2 -l2
[0.197s] -- Found ament_cmake: 1.3.8 (/opt/ros/humble/share/ament_cmake/cmake)
[0.394s] -- Found rclcpp: 16.0.8 (/opt/ros/humble/share/rclcpp/cmake)
[0.456s] -- Found rosidl_generator_c: 3.1.5 (/opt/ros/humble/share/rosidl_generator_c/cmake)
[0.459s] -- Found rosidl_adapter: 3.1.5 (/opt/ros/humble/share/rosidl_adapter/cmake)
[0.471s] -- Found rosidl_generator_cpp: 3.1.5 (/opt/ros/humble/share/rosidl_generator_cpp/cmake)
[0.493s] -- Using all available rosidl_typesupport_c: rosidl_typesupport_fastrtps_c;rosidl_typesupport_introspection_c
[0.519s] -- Using all available rosidl_typesupport_cpp: rosidl_typesupport_fastrtps_cpp;rosidl_typesupport_introspection_cpp
[0.583s] -- Found rmw_implementation_cmake: 6.1.1 (/opt/ros/humble/share/rmw_implementation_cmake/cmake)
[0.585s] -- Found rmw_fastrtps_cpp: 6.2.6 (/opt/ros/humble/share/rmw_fastrtps_cpp/cmake)
[0.728s] -- Using RMW implementation 'rmw_fastrtps_cpp' as default
[0.892s] -- Found ament_lint_auto: 0.12.10 (/opt/ros/humble/share/ament_lint_auto/cmake)
[0.971s] -- Added test 'cppcheck' to perform static code analysis on C / C++ code
[0.972s] -- Configured cppcheck include dirs: 
[0.972s] -- Configured cppcheck exclude dirs and/or files: 
[0.973s] -- Added test 'lint_cmake' to check CMake code style
[0.974s] -- Added test 'uncrustify' to check C / C++ code style
[0.974s] -- Configured uncrustify additional arguments: 
[0.975s] -- Added test 'xmllint' to check XML markup files
[0.978s] -- Configuring done
[0.996s] -- Generating done
[0.998s] -- Build files have been written to: /home/tzq/town_ws/build/village_wang
[1.061s] [ 50%] [32mBuilding CXX object CMakeFiles/wang2_node.dir/src/wang2.cpp.o[0m
[3.883s] [100%] [32m[1mLinking CXX executable wang2_node[0m
[4.043s] [100%] Built target wang2_node
[4.078s] Invoked command in '/home/tzq/town_ws/build/village_wang' returned '0': CMAKE_PREFIX_PATH=${CMAKE_PREFIX_PATH}:/opt/ros/humble /usr/bin/cmake --build /home/tzq/town_ws/build/village_wang -- -j2 -l2
[4.128s] Invoking command in '/home/tzq/town_ws/build/village_wang': CMAKE_PREFIX_PATH=${CMAKE_PREFIX_PATH}:/opt/ros/humble /usr/bin/cmake --install /home/tzq/town_ws/build/village_wang
[4.135s] -- Install configuration: ""
[4.138s] -- Up-to-date: /home/tzq/town_ws/install/village_wang/share/ament_index/resource_index/package_run_dependencies/village_wang
[4.138s] -- Installing: /home/tzq/town_ws/install/village_wang/share/ament_index/resource_index/parent_prefix_path/village_wang
[4.138s] -- Up-to-date: /home/tzq/town_ws/install/village_wang/share/village_wang/environment/ament_prefix_path.sh
[4.138s] -- Installing: /home/tzq/town_ws/install/village_wang/share/village_wang/environment/ament_prefix_path.dsv
[4.138s] -- Up-to-date: /home/tzq/town_ws/install/village_wang/share/village_wang/environment/path.sh
[4.138s] -- Installing: /home/tzq/town_ws/install/village_wang/share/village_wang/environment/path.dsv
[4.138s] -- Up-to-date: /home/tzq/town_ws/install/village_wang/share/village_wang/local_setup.bash
[4.138s] -- Up-to-date: /home/tzq/town_ws/install/village_wang/share/village_wang/local_setup.sh
[4.138s] -- Up-to-date: /home/tzq/town_ws/install/village_wang/share/village_wang/local_setup.zsh
[4.138s] -- Installing: /home/tzq/town_ws/install/village_wang/share/village_wang/local_setup.dsv
[4.139s] -- Installing: /home/tzq/town_ws/install/village_wang/share/village_wang/package.dsv
[4.139s] -- Up-to-date: /home/tzq/town_ws/install/village_wang/share/ament_index/resource_index/packages/village_wang
[4.139s] -- Up-to-date: /home/tzq/town_ws/install/village_wang/share/village_wang/cmake/village_wangConfig.cmake
[4.139s] -- Up-to-date: /home/tzq/town_ws/install/village_wang/share/village_wang/cmake/village_wangConfig-version.cmake
[4.139s] -- Up-to-date: /home/tzq/town_ws/install/village_wang/share/village_wang/package.xml
[4.140s] -- Installing: /home/tzq/town_ws/install/village_wang/lib/village_wang/wang2_node
[4.141s] -- Set runtime path of "/home/tzq/town_ws/install/village_wang/lib/village_wang/wang2_node" to ""
[4.153s] Invoked command in '/home/tzq/town_ws/build/village_wang' returned '0': CMAKE_PREFIX_PATH=${CMAKE_PREFIX_PATH}:/opt/ros/humble /usr/bin/cmake --install /home/tzq/town_ws/build/village_wang
