[1.173s] Invoking command in '/home/tzq/town_ws/src/village_li': AMENT_PREFIX_PATH=/home/tzq/town_ws/install/village_interfaces:${AMENT_PREFIX_PATH} CMAKE_PREFIX_PATH=/home/tzq/town_ws/install/village_interfaces LD_LIBRARY_PATH=/home/tzq/town_ws/install/village_interfaces/lib:${LD_LIBRARY_PATH} PYTHONPATH=/home/tzq/town_ws/build/village_li/prefix_override:/home/tzq/town_ws/install/village_li/lib/python3.10/site-packages:/home/tzq/town_ws/install/village_interfaces/local/lib/python3.10/dist-packages:${PYTHONPATH} /usr/bin/python3 setup.py egg_info --egg-base ../../build/village_li build --build-base /home/tzq/town_ws/build/village_li/build install --record /home/tzq/town_ws/build/village_li/install.log --single-version-externally-managed
[1.378s] running egg_info
[1.379s] writing ../../build/village_li/village_li.egg-info/PKG-INFO
[1.380s] writing dependency_links to ../../build/village_li/village_li.egg-info/dependency_links.txt
[1.380s] writing entry points to ../../build/village_li/village_li.egg-info/entry_points.txt
[1.381s] writing requirements to ../../build/village_li/village_li.egg-info/requires.txt
[1.382s] writing top-level names to ../../build/village_li/village_li.egg-info/top_level.txt
[1.383s] reading manifest file '../../build/village_li/village_li.egg-info/SOURCES.txt'
[1.385s] writing manifest file '../../build/village_li/village_li.egg-info/SOURCES.txt'
[1.385s] running build
[1.385s] running build_py
[1.386s] copying village_li/li3.py -> /home/tzq/town_ws/build/village_li/build/lib/village_li
[1.387s] running install
[1.388s] /usr/lib/python3/dist-packages/setuptools/command/install.py:34: SetuptoolsDeprecationWarning: setup.py install is deprecated. Use build and pip and other standards-based tools.
[1.388s]   warnings.warn(
[1.389s] running install_lib
[1.390s] copying /home/tzq/town_ws/build/village_li/build/lib/village_li/li3.py -> /home/tzq/town_ws/install/village_li/lib/python3.10/site-packages/village_li
[1.391s] byte-compiling /home/tzq/town_ws/install/village_li/lib/python3.10/site-packages/village_li/li3.py to li3.cpython-310.pyc
[1.392s] running install_data
[1.394s] running install_egg_info
[1.395s] removing '/home/tzq/town_ws/install/village_li/lib/python3.10/site-packages/village_li-0.0.0-py3.10.egg-info' (and everything under it)
[1.396s] Copying ../../build/village_li/village_li.egg-info to /home/tzq/town_ws/install/village_li/lib/python3.10/site-packages/village_li-0.0.0-py3.10.egg-info
[1.397s] running install_scripts
[1.415s] Installing li3_node script to /home/tzq/town_ws/install/village_li/lib/village_li
[1.415s] Installing li4_node script to /home/tzq/town_ws/install/village_li/lib/village_li
[1.417s] writing list of installed files to '/home/tzq/town_ws/build/village_li/install.log'
[1.444s] Invoked command in '/home/tzq/town_ws/src/village_li' returned '0': AMENT_PREFIX_PATH=/home/tzq/town_ws/install/village_interfaces:${AMENT_PREFIX_PATH} CMAKE_PREFIX_PATH=/home/tzq/town_ws/install/village_interfaces LD_LIBRARY_PATH=/home/tzq/town_ws/install/village_interfaces/lib:${LD_LIBRARY_PATH} PYTHONPATH=/home/tzq/town_ws/build/village_li/prefix_override:/home/tzq/town_ws/install/village_li/lib/python3.10/site-packages:/home/tzq/town_ws/install/village_interfaces/local/lib/python3.10/dist-packages:${PYTHONPATH} /usr/bin/python3 setup.py egg_info --egg-base ../../build/village_li build --build-base /home/tzq/town_ws/build/village_li/build install --record /home/tzq/town_ws/build/village_li/install.log --single-version-externally-managed
