[0.819s] Invoking command in '/home/tzq/town_ws/src/village_li': PYTHONPATH=/home/tzq/town_ws/build/village_li/prefix_override:/home/tzq/town_ws/install/village_li/lib/python3.10/site-packages:${PYTHONPATH} /usr/bin/python3 setup.py egg_info --egg-base ../../build/village_li build --build-base /home/tzq/town_ws/build/village_li/build install --record /home/tzq/town_ws/build/village_li/install.log --single-version-externally-managed
[1.031s] running egg_info
[1.033s] writing ../../build/village_li/village_li.egg-info/PKG-INFO
[1.035s] writing dependency_links to ../../build/village_li/village_li.egg-info/dependency_links.txt
[1.036s] writing entry points to ../../build/village_li/village_li.egg-info/entry_points.txt
[1.038s] writing requirements to ../../build/village_li/village_li.egg-info/requires.txt
[1.038s] writing top-level names to ../../build/village_li/village_li.egg-info/top_level.txt
[1.042s] reading manifest file '../../build/village_li/village_li.egg-info/SOURCES.txt'
[1.044s] writing manifest file '../../build/village_li/village_li.egg-info/SOURCES.txt'
[1.044s] running build
[1.044s] running build_py
[1.045s] copying village_li/li3.py -> /home/tzq/town_ws/build/village_li/build/lib/village_li
[1.046s] running install
[1.047s] /usr/lib/python3/dist-packages/setuptools/command/install.py:34: SetuptoolsDeprecationWarning: setup.py install is deprecated. Use build and pip and other standards-based tools.
[1.047s]   warnings.warn(
[1.048s] running install_lib
[1.051s] copying /home/tzq/town_ws/build/village_li/build/lib/village_li/li3.py -> /home/tzq/town_ws/install/village_li/lib/python3.10/site-packages/village_li
[1.052s] byte-compiling /home/tzq/town_ws/install/village_li/lib/python3.10/site-packages/village_li/li3.py to li3.cpython-310.pyc
[1.053s] running install_data
[1.055s] running install_egg_info
[1.058s] removing '/home/tzq/town_ws/install/village_li/lib/python3.10/site-packages/village_li-0.0.0-py3.10.egg-info' (and everything under it)
[1.059s] Copying ../../build/village_li/village_li.egg-info to /home/tzq/town_ws/install/village_li/lib/python3.10/site-packages/village_li-0.0.0-py3.10.egg-info
[1.061s] running install_scripts
[1.090s] Installing li4_node=village_li.li4:mainli3.node script to /home/tzq/town_ws/install/village_li/lib/village_li
[1.092s] writing list of installed files to '/home/tzq/town_ws/build/village_li/install.log'
[1.128s] Invoked command in '/home/tzq/town_ws/src/village_li' returned '0': PYTHONPATH=/home/tzq/town_ws/build/village_li/prefix_override:/home/tzq/town_ws/install/village_li/lib/python3.10/site-packages:${PYTHONPATH} /usr/bin/python3 setup.py egg_info --egg-base ../../build/village_li build --build-base /home/tzq/town_ws/build/village_li/build install --record /home/tzq/town_ws/build/village_li/install.log --single-version-externally-managed
